['Device_SN', 'ERM_VERSION', 'FIRMWARE_VERSION', '24G_RA0_DEVINFO', '5G_RAI0_DEVINFO', '24G_RA0_STATINFO', '5G_RAI0_STATINFO', '24G_RA0_GET_STA_LIST', '5G_RAI0_24G_RA0_GET_STA_LIST', 'WLM_APCLII0_DEVCONNSTATUS', '24G_RA0_CLICOUNT', '24G_RA0_CLI_INFO', '24G_STA_INFO', '5G_STA_INFO', '24G_C2USR_RSTAT', '24G_C2USR_MBSS', '5G_C2USR_MBSS']
/mnt/c/Users/Youvanesh/automation/cmdvalid
Results are stored at dir 
 /mnt/c/Users/Youvanesh/automation/cmdvalid/output 
 /mnt/c/Users/Youvanesh/automation/cmdvalid/output/Feb_9_13:43:15
b client updated to cmdlist
a client updated to cmdlist
Full script is executed
[]
['cat /tmp/sn', 'cat /tmp/erm/version', 'cat /tmp/fw_ver', 'iwpriv ra0 copy_to_user devinfo', 'iwpriv rai0 copy_to_user devinfo', 'iwpriv ra0 copy_to_user statinfo', 'iwpriv rai0 copy_to_user statinfo', 'iwpriv ra0 copy_to_user get_stalist', 'iwpriv rai0 copy_to_user get_stalist', 'iwpriv apclii0 copy_to_user devconnStatus', 'iwpriv ra0 copy_to_user clientcountinfo', 'iwpriv ra0 copy_to_user clientinfo', 'iwpriv ra0 copy_to_user get_stainfo=80:5E:4F:A8:90:2D', 'iwpriv rai0 copy_to_user get_stainfo=08:71:90:1b:31:6d', 'iwpriv rai0 copy_to_user radiostat', 'iwpriv ra0 copy_to_user get_mbssinfo', 'iwpriv rai0 copy_to_user get_mbssinfo']
['Device_SN', 'ERM_VERSION', 'FIRMWARE_VERSION', '24G_RA0_DEVINFO', '5G_RAI0_DEVINFO', '24G_RA0_STATINFO', '5G_RAI0_STATINFO', '24G_RA0_GET_STA_LIST', '5G_RAI0_24G_RA0_GET_STA_LIST', 'WLM_APCLII0_DEVCONNSTATUS', '24G_RA0_CLICOUNT', '24G_RA0_CLI_INFO', '24G_STA_INFO', '5G_STA_INFO', '24G_C2USR_RSTAT', '24G_C2USR_MBSS', '5G_C2USR_MBSS']
/mnt/c/Users/Youvanesh/automation/cmdvalid/benchmark/Device_SN.log
b'0\n'
b'0\n'
PASS:= ...Special Char Count PASSED
b'0\n'
b'0\n'
PASS:- ...Special Char Count PASSED
b'2\n'
b'2\n'
PASS:: ...Special Char Count PASSED
TC:TC_ID_1_Device_SN.log	 -	PASSED/PASSED/PASSED
 | cat /tmp/sn	 	 	 	 | cat /tmp/sn	 	 	 	PASS
/mnt/c/Users/Youvanesh/automation/cmdvalid/output/Feb_9_13:43:15/compare_results.log
 | SRMEIA000021	 	 	 	 | SRMEIA000021	 	 	 	PASS
/mnt/c/Users/Youvanesh/automation/cmdvalid/output/Feb_9_13:43:15/compare_results.log
 | # exit	 	 	 	 | # exit	 	 	 	PASS
/mnt/c/Users/Youvanesh/automation/cmdvalid/output/Feb_9_13:43:15/compare_results.log
TRUE
/mnt/c/Users/Youvanesh/automation/cmdvalid/benchmark/ERM_VERSION.log
b'0\n'
b'0\n'
PASS:= ...Special Char Count PASSED
b'0\n'
b'0\n'
PASS:- ...Special Char Count PASSED
b'2\n'
b'2\n'
PASS:: ...Special Char Count PASSED
TC:TC_ID_2_ERM_VERSION.log	 -	PASSED/PASSED/PASSED
 | cat /tmp/erm/version	 	 	 	 | cat /tmp/erm/version	 	 	 	PASS
/mnt/c/Users/Youvanesh/automation/cmdvalid/output/Feb_9_13:43:15/compare_results.log
 | en7561_AA_P_1.1.2.38	 	 	 	 | en7561_AA_P_1.1.2.39	 	 	 	FAIL
/mnt/c/Users/Youvanesh/automation/cmdvalid/output/Feb_9_13:43:15/compare_results.log
 | # exit	 	 	 	 | # exit	 	 	 	PASS
/mnt/c/Users/Youvanesh/automation/cmdvalid/output/Feb_9_13:43:15/compare_results.log
en7561_AA_P_1.1.2.39_FAIL
/mnt/c/Users/Youvanesh/automation/cmdvalid/benchmark/FIRMWARE_VERSION.log
b'0\n'
b'0\n'
PASS:= ...Special Char Count PASSED
b'0\n'
b'0\n'
PASS:- ...Special Char Count PASSED
b'2\n'
b'2\n'
PASS:: ...Special Char Count PASSED
TC:TC_ID_3_FIRMWARE_VERSION.log	 -	PASSED/PASSED/PASSED
 | cat /tmp/fw_ver	 	 	 	 | cat /tmp/fw_ver	 	 	 	PASS
/mnt/c/Users/Youvanesh/automation/cmdvalid/output/Feb_9_13:43:15/compare_results.log
 | AME4221SR_R2.1	 	 	 	 | AME4221SR_R2.2	 	 	 	FAIL
/mnt/c/Users/Youvanesh/automation/cmdvalid/output/Feb_9_13:43:15/compare_results.log
 | # exit	 	 	 	 | # exit	 	 	 	PASS
/mnt/c/Users/Youvanesh/automation/cmdvalid/output/Feb_9_13:43:15/compare_results.log
AME4221SR_R2.2_FAIL
/mnt/c/Users/Youvanesh/automation/cmdvalid/benchmark/24G_RA0_DEVINFO.log
b'11\n'
b'11\n'
PASS:= ...Special Char Count PASSED
b'1\n'
b'1\n'
PASS:- ...Special Char Count PASSED
b'9\n'
b'9\n'
PASS:: ...Special Char Count PASSED
TC:TC_ID_4_24G_RA0_DEVINFO.log	 -	PASSED/PASSED/PASSED
 | iwpriv ra0 copy_to_user devinfo	 	 	 	 | iwpriv ra0 copy_to_user devinfo	 	 	 	PASS
/mnt/c/Users/Youvanesh/automation/cmdvalid/output/Feb_9_13:43:15/compare_results.log
 | ra0       copy_to_user:	 	 	 	 | ra0       copy_to_user:	 	 	 	PASS
/mnt/c/Users/Youvanesh/automation/cmdvalid/output/Feb_9_13:43:15/compare_results.log
 | Device MAC	 	 	 	 | Device MAC	 	 	 	PASS
/mnt/c/Users/Youvanesh/automation/cmdvalid/output/Feb_9_13:43:15/compare_results.log
 | Operation Mode: AP	 	 	 	 | Operation Mode: AP	 	 	 	PASS
/mnt/c/Users/Youvanesh/automation/cmdvalid/output/Feb_9_13:43:15/compare_results.log
 | WirelessMode: B/G/gN(14)	 	 	 	 | WirelessMode: B/G/gN(14)	 	 	 	PASS
/mnt/c/Users/Youvanesh/automation/cmdvalid/output/Feb_9_13:43:15/compare_results.log
 | Channel: 1	 	 	 	 | Channel: 1	 	 	 	PASS
/mnt/c/Users/Youvanesh/automation/cmdvalid/output/Feb_9_13:43:15/compare_results.log
 |         CentralChannel: 3	 	 	 	 |         CentralChannel: 3	 	 	 	PASS
/mnt/c/Users/Youvanesh/automation/cmdvalid/output/Feb_9_13:43:15/compare_results.log
 |         RF Channel: 3	 	 	 	 |         RF Channel: 3	 	 	 	PASS
/mnt/c/Users/Youvanesh/automation/cmdvalid/output/Feb_9_13:43:15/compare_results.log
 | Bandwidth	 	 	 	 | Bandwidth	 	 	 	PASS
/mnt/c/Users/Youvanesh/automation/cmdvalid/output/Feb_9_13:43:15/compare_results.log
 |         HT-BW: 20/40	 	 	 	 |         HT-BW: 20/40	 	 	 	PASS
/mnt/c/Users/Youvanesh/automation/cmdvalid/output/Feb_9_13:43:15/compare_results.log
 | Security	 	 	 	 | Security	 	 	 	PASS
/mnt/c/Users/Youvanesh/automation/cmdvalid/output/Feb_9_13:43:15/compare_results.log
 | ### BSS(0)	 	 	 	 | ### BSS(0)	 	 	 	PASS
/mnt/c/Users/Youvanesh/automation/cmdvalid/output/Feb_9_13:43:15/compare_results.log
 | 	 	 	 	 | 	 	 	 	PASS
/mnt/c/Users/Youvanesh/automation/cmdvalid/output/Feb_9_13:43:15/compare_results.log
 | AuthMode(7)=WPA2PSK	 	 	 	 | AuthMode(7)=WPA2PSK	 	 	 	PASS
/mnt/c/Users/Youvanesh/automation/cmdvalid/output/Feb_9_13:43:15/compare_results.log
 | 	 	 	 	 | 	 	 	 	PASS
/mnt/c/Users/Youvanesh/automation/cmdvalid/output/Feb_9_13:43:15/compare_results.log
 | WepStatus(6)=AES	 	 	 	 | WepStatus(6)=AES	 	 	 	PASS
/mnt/c/Users/Youvanesh/automation/cmdvalid/output/Feb_9_13:43:15/compare_results.log
 | 	 	 	 	 | 	 	 	 	PASS
/mnt/c/Users/Youvanesh/automation/cmdvalid/output/Feb_9_13:43:15/compare_results.log
 | I/F(ra0) WPAPSK Key =>12345679	 	 	 	 | I/F(ra0) WPAPSK Key =>12345679	 	 	 	PASS
/mnt/c/Users/Youvanesh/automation/cmdvalid/output/Feb_9_13:43:15/compare_results.log
 | 	 	 	 	 | 	 	 	 	PASS
/mnt/c/Users/Youvanesh/automation/cmdvalid/output/Feb_9_13:43:15/compare_results.log
 | ### BSS(1)	 	 	 	 | ### BSS(1)	 	 	 	PASS
/mnt/c/Users/Youvanesh/automation/cmdvalid/output/Feb_9_13:43:15/compare_results.log
 | 	 	 	 	 | 	 	 	 	PASS
/mnt/c/Users/Youvanesh/automation/cmdvalid/output/Feb_9_13:43:15/compare_results.log
 | AuthMode(7)=WPA2PSK	 	 	 	 | AuthMode(7)=WPA2PSK	 	 	 	PASS
/mnt/c/Users/Youvanesh/automation/cmdvalid/output/Feb_9_13:43:15/compare_results.log
 | 	 	 	 	 | 	 	 	 	PASS
/mnt/c/Users/Youvanesh/automation/cmdvalid/output/Feb_9_13:43:15/compare_results.log
 | WepStatus(6)=AES	 	 	 	 | WepStatus(6)=AES	 	 	 	PASS
/mnt/c/Users/Youvanesh/automation/cmdvalid/output/Feb_9_13:43:15/compare_results.log
 | 	 	 	 	 | 	 	 	 	PASS
/mnt/c/Users/Youvanesh/automation/cmdvalid/output/Feb_9_13:43:15/compare_results.log
 | I/F(ra1) WPAPSK Key =>Airtel@123	 	 	 	 | I/F(ra1) WPAPSK Key =>Airtel@123	 	 	 	PASS
/mnt/c/Users/Youvanesh/automation/cmdvalid/output/Feb_9_13:43:15/compare_results.log
 | 	 	 	 	 | 	 	 	 	PASS
/mnt/c/Users/Youvanesh/automation/cmdvalid/output/Feb_9_13:43:15/compare_results.log
 | ### BSS(2)	 	 	 	 | ### BSS(2)	 	 	 	PASS
/mnt/c/Users/Youvanesh/automation/cmdvalid/output/Feb_9_13:43:15/compare_results.log
 | 	 	 	 	 | 	 	 	 	PASS
/mnt/c/Users/Youvanesh/automation/cmdvalid/output/Feb_9_13:43:15/compare_results.log
 | AuthMode(7)=WPA2PSK	 	 	 	 | AuthMode(7)=WPA2PSK	 	 	 	PASS
/mnt/c/Users/Youvanesh/automation/cmdvalid/output/Feb_9_13:43:15/compare_results.log
 | 	 	 	 	 | 	 	 	 	PASS
/mnt/c/Users/Youvanesh/automation/cmdvalid/output/Feb_9_13:43:15/compare_results.log
 | WepStatus(6)=AES	 	 	 	 | WepStatus(6)=AES	 	 	 	PASS
/mnt/c/Users/Youvanesh/automation/cmdvalid/output/Feb_9_13:43:15/compare_results.log
 | 	 	 	 	 | 	 	 	 	PASS
/mnt/c/Users/Youvanesh/automation/cmdvalid/output/Feb_9_13:43:15/compare_results.log
 | I/F(ra2) WPAPSK Key =>Airtel@123	 	 	 	 | I/F(ra2) WPAPSK Key =>Airtel@123	 	 	 	PASS
/mnt/c/Users/Youvanesh/automation/cmdvalid/output/Feb_9_13:43:15/compare_results.log
 | 	 	 	 	 | 	 	 	 	PASS
/mnt/c/Users/Youvanesh/automation/cmdvalid/output/Feb_9_13:43:15/compare_results.log
 | ### BSS(3)	 	 	 	 | ### BSS(3)	 	 	 	PASS
/mnt/c/Users/Youvanesh/automation/cmdvalid/output/Feb_9_13:43:15/compare_results.log
 | 	 	 	 	 | 	 	 	 	PASS
/mnt/c/Users/Youvanesh/automation/cmdvalid/output/Feb_9_13:43:15/compare_results.log
 | AuthMode(0)=OPEN	 	 	 	 | AuthMode(0)=OPEN	 	 	 	PASS
/mnt/c/Users/Youvanesh/automation/cmdvalid/output/Feb_9_13:43:15/compare_results.log
 | 	 	 	 	 | 	 	 	 	PASS
/mnt/c/Users/Youvanesh/automation/cmdvalid/output/Feb_9_13:43:15/compare_results.log
 | WepStatus(1)=NONE	 	 	 	 | WepStatus(1)=NONE	 	 	 	PASS
/mnt/c/Users/Youvanesh/automation/cmdvalid/output/Feb_9_13:43:15/compare_results.log
 | 	 	 	 	 | 	 	 	 	PASS
/mnt/c/Users/Youvanesh/automation/cmdvalid/output/Feb_9_13:43:15/compare_results.log
 | open mode ,none key	 	 	 	 | open mode ,none key	 	 	 	PASS
/mnt/c/Users/Youvanesh/automation/cmdvalid/output/Feb_9_13:43:15/compare_results.log
 | 	 	 	 	 | 	 	 	 	PASS
/mnt/c/Users/Youvanesh/automation/cmdvalid/output/Feb_9_13:43:15/compare_results.log
 | exit	 	 	 	 | exit	 	 	 	PASS
/mnt/c/Users/Youvanesh/automation/cmdvalid/output/Feb_9_13:43:15/compare_results.log
TRUE
/mnt/c/Users/Youvanesh/automation/cmdvalid/benchmark/5G_RAI0_DEVINFO.log
b'10\n'
b'10\n'
PASS:= ...Special Char Count PASSED
b'1\n'
b'1\n'
PASS:- ...Special Char Count PASSED
b'94\n'
b'94\n'
PASS:: ...Special Char Count PASSED
TC:TC_ID_5_5G_RAI0_DEVINFO.log	 -	PASSED/PASSED/PASSED
 | iwpriv rai0 copy_to_user devinfo	 	 	 	 | iwpriv rai0 copy_to_user devinfo	 	 	 	PASS
/mnt/c/Users/Youvanesh/automation/cmdvalid/output/Feb_9_13:43:15/compare_results.log
 | rai0      copy_to_user:	 	 	 	 | rai0      copy_to_user:	 	 	 	PASS
/mnt/c/Users/Youvanesh/automation/cmdvalid/output/Feb_9_13:43:15/compare_results.log
 | Device MAC	 	 	 	 | Device MAC	 	 	 	PASS
/mnt/c/Users/Youvanesh/automation/cmdvalid/output/Feb_9_13:43:15/compare_results.log
 | Operation Mode: AP	 	 	 	 | Operation Mode: AP	 	 	 	PASS
/mnt/c/Users/Youvanesh/automation/cmdvalid/output/Feb_9_13:43:15/compare_results.log
 | ---------------------==========BBP radio information==========	 	 	 	 | ---------------------==========BBP radio information==========	 	 	 	PASS
/mnt/c/Users/Youvanesh/automation/cmdvalid/output/Feb_9_13:43:15/compare_results.log
 | ##########WDEV radio information##########	 	 	 	 | ##########WDEV radio information##########	 	 	 	PASS
/mnt/c/Users/Youvanesh/automation/cmdvalid/output/Feb_9_13:43:15/compare_results.log
 | ==========wdev(0)==========	 	 	 	 | ==========wdev(0)==========	 	 	 	PASS
/mnt/c/Users/Youvanesh/automation/cmdvalid/output/Feb_9_13:43:15/compare_results.log
 | type    : AP	 	 	 	 | type    : AP	 	 	 	PASS
/mnt/c/Users/Youvanesh/automation/cmdvalid/output/Feb_9_13:43:15/compare_results.log
 | fun_idx : 0	 	 	 	 | fun_idx : 0	 	 	 	PASS
/mnt/c/Users/Youvanesh/automation/cmdvalid/output/Feb_9_13:43:15/compare_results.log
 | wmode   : A/aN/AC	 	 	 	 | wmode   : A/aN/AC	 	 	 	PASS
/mnt/c/Users/Youvanesh/automation/cmdvalid/output/Feb_9_13:43:15/compare_results.log
 | channel : 48	 	 	 	 | channel : 48	 	 	 	PASS
/mnt/c/Users/Youvanesh/automation/cmdvalid/output/Feb_9_13:43:15/compare_results.log
 | cen_ch1 : 42	 	 	 	 | cen_ch1 : 42	 	 	 	PASS
/mnt/c/Users/Youvanesh/automation/cmdvalid/output/Feb_9_13:43:15/compare_results.log
 | ht_bw   : (20/40,20/40)	 	 	 	 | ht_bw   : (20/40,20/40)	 	 	 	PASS
/mnt/c/Users/Youvanesh/automation/cmdvalid/output/Feb_9_13:43:15/compare_results.log
 | ext_ch  : (BELOW,BELOW)	 	 	 	 | ext_ch  : (BELOW,BELOW)	 	 	 	PASS
/mnt/c/Users/Youvanesh/automation/cmdvalid/output/Feb_9_13:43:15/compare_results.log
 | cen_ch2 : (0,0)	 	 	 	 | cen_ch2 : (0,0)	 	 	 	PASS
/mnt/c/Users/Youvanesh/automation/cmdvalid/output/Feb_9_13:43:15/compare_results.log
 | vht_bw  : (1,1)	 	 	 	 | vht_bw  : (1,1)	 	 	 	PASS
/mnt/c/Users/Youvanesh/automation/cmdvalid/output/Feb_9_13:43:15/compare_results.log
 | bw      : 20/40/80	 	 	 	 | bw      : 20/40/80	 	 	 	PASS
/mnt/c/Users/Youvanesh/automation/cmdvalid/output/Feb_9_13:43:15/compare_results.log
 | ==========wdev(1)==========	 	 	 	 | ==========wdev(1)==========	 	 	 	PASS
/mnt/c/Users/Youvanesh/automation/cmdvalid/output/Feb_9_13:43:15/compare_results.log
 | type    : AP	 	 	 	 | type    : AP	 	 	 	PASS
/mnt/c/Users/Youvanesh/automation/cmdvalid/output/Feb_9_13:43:15/compare_results.log
 | fun_idx : 1	 	 	 	 | fun_idx : 1	 	 	 	PASS
/mnt/c/Users/Youvanesh/automation/cmdvalid/output/Feb_9_13:43:15/compare_results.log
 | wmode   : A/aN/AC	 	 	 	 | wmode   : A/aN/AC	 	 	 	PASS
/mnt/c/Users/Youvanesh/automation/cmdvalid/output/Feb_9_13:43:15/compare_results.log
 | channel : 0	 	 	 	 | channel : 0	 	 	 	PASS
/mnt/c/Users/Youvanesh/automation/cmdvalid/output/Feb_9_13:43:15/compare_results.log
 | cen_ch1 : 0	 	 	 	 | cen_ch1 : 0	 	 	 	PASS
/mnt/c/Users/Youvanesh/automation/cmdvalid/output/Feb_9_13:43:15/compare_results.log
 | ht_bw   : (20/40,20)	 	 	 	 | ht_bw   : (20/40,20)	 	 	 	PASS
/mnt/c/Users/Youvanesh/automation/cmdvalid/output/Feb_9_13:43:15/compare_results.log
 | ext_ch  : (BELOW,NONE)	 	 	 	 | ext_ch  : (BELOW,NONE)	 	 	 	PASS
/mnt/c/Users/Youvanesh/automation/cmdvalid/output/Feb_9_13:43:15/compare_results.log
 | cen_ch2 : (0,0)	 	 	 	 | cen_ch2 : (0,0)	 	 	 	PASS
/mnt/c/Users/Youvanesh/automation/cmdvalid/output/Feb_9_13:43:15/compare_results.log
 | vht_bw  : (1,0)	 	 	 	 | vht_bw  : (1,0)	 	 	 	PASS
/mnt/c/Users/Youvanesh/automation/cmdvalid/output/Feb_9_13:43:15/compare_results.log
 | bw      : 20	 	 	 	 | bw      : 20	 	 	 	PASS
/mnt/c/Users/Youvanesh/automation/cmdvalid/output/Feb_9_13:43:15/compare_results.log
 | ==========wdev(2)==========	 	 	 	 | ==========wdev(2)==========	 	 	 	PASS
/mnt/c/Users/Youvanesh/automation/cmdvalid/output/Feb_9_13:43:15/compare_results.log
 | type    : AP	 	 	 	 | type    : AP	 	 	 	PASS
/mnt/c/Users/Youvanesh/automation/cmdvalid/output/Feb_9_13:43:15/compare_results.log
 | fun_idx : 2	 	 	 	 | fun_idx : 2	 	 	 	PASS
/mnt/c/Users/Youvanesh/automation/cmdvalid/output/Feb_9_13:43:15/compare_results.log
 | wmode   : A/aN/AC	 	 	 	 | wmode   : A/aN/AC	 	 	 	PASS
/mnt/c/Users/Youvanesh/automation/cmdvalid/output/Feb_9_13:43:15/compare_results.log
 | channel : 0	 	 	 	 | channel : 0	 	 	 	PASS
/mnt/c/Users/Youvanesh/automation/cmdvalid/output/Feb_9_13:43:15/compare_results.log
 | cen_ch1 : 0	 	 	 	 | cen_ch1 : 0	 	 	 	PASS
/mnt/c/Users/Youvanesh/automation/cmdvalid/output/Feb_9_13:43:15/compare_results.log
 | ht_bw   : (20/40,20)	 	 	 	 | ht_bw   : (20/40,20)	 	 	 	PASS
/mnt/c/Users/Youvanesh/automation/cmdvalid/output/Feb_9_13:43:15/compare_results.log
 | ext_ch  : (BELOW,NONE)	 	 	 	 | ext_ch  : (BELOW,NONE)	 	 	 	PASS
/mnt/c/Users/Youvanesh/automation/cmdvalid/output/Feb_9_13:43:15/compare_results.log
 | cen_ch2 : (0,0)	 	 	 	 | cen_ch2 : (0,0)	 	 	 	PASS
/mnt/c/Users/Youvanesh/automation/cmdvalid/output/Feb_9_13:43:15/compare_results.log
 | vht_bw  : (1,0)	 	 	 	 | vht_bw  : (1,0)	 	 	 	PASS
/mnt/c/Users/Youvanesh/automation/cmdvalid/output/Feb_9_13:43:15/compare_results.log
 | bw      : 20	 	 	 	 | bw      : 20	 	 	 	PASS
/mnt/c/Users/Youvanesh/automation/cmdvalid/output/Feb_9_13:43:15/compare_results.log
 | ==========wdev(3)==========	 	 	 	 | ==========wdev(3)==========	 	 	 	PASS
/mnt/c/Users/Youvanesh/automation/cmdvalid/output/Feb_9_13:43:15/compare_results.log
 | type    : AP	 	 	 	 | type    : AP	 	 	 	PASS
/mnt/c/Users/Youvanesh/automation/cmdvalid/output/Feb_9_13:43:15/compare_results.log
 | fun_idx : 3	 	 	 	 | fun_idx : 3	 	 	 	PASS
/mnt/c/Users/Youvanesh/automation/cmdvalid/output/Feb_9_13:43:15/compare_results.log
 | wmode   : A/aN/AC	 	 	 	 | wmode   : A/aN/AC	 	 	 	PASS
/mnt/c/Users/Youvanesh/automation/cmdvalid/output/Feb_9_13:43:15/compare_results.log
 | channel : 48	 	 	 	 | channel : 48	 	 	 	PASS
/mnt/c/Users/Youvanesh/automation/cmdvalid/output/Feb_9_13:43:15/compare_results.log
 | cen_ch1 : 42	 	 	 	 | cen_ch1 : 42	 	 	 	PASS
/mnt/c/Users/Youvanesh/automation/cmdvalid/output/Feb_9_13:43:15/compare_results.log
 | ht_bw   : (20/40,20/40)	 	 	 	 | ht_bw   : (20/40,20/40)	 	 	 	PASS
/mnt/c/Users/Youvanesh/automation/cmdvalid/output/Feb_9_13:43:15/compare_results.log
 | ext_ch  : (BELOW,BELOW)	 	 	 	 | ext_ch  : (BELOW,BELOW)	 	 	 	PASS
/mnt/c/Users/Youvanesh/automation/cmdvalid/output/Feb_9_13:43:15/compare_results.log
 | cen_ch2 : (0,0)	 	 	 	 | cen_ch2 : (0,0)	 	 	 	PASS
/mnt/c/Users/Youvanesh/automation/cmdvalid/output/Feb_9_13:43:15/compare_results.log
 | vht_bw  : (1,1)	 	 	 	 | vht_bw  : (1,1)	 	 	 	PASS
/mnt/c/Users/Youvanesh/automation/cmdvalid/output/Feb_9_13:43:15/compare_results.log
 | bw      : 20/40/80	 	 	 	 | bw      : 20/40/80	 	 	 	PASS
/mnt/c/Users/Youvanesh/automation/cmdvalid/output/Feb_9_13:43:15/compare_results.log
 | ==========wdev(4)==========	 	 	 	 | ==========wdev(4)==========	 	 	 	PASS
/mnt/c/Users/Youvanesh/automation/cmdvalid/output/Feb_9_13:43:15/compare_results.log
 | type    : STA	 	 	 	 | type    : STA	 	 	 	PASS
/mnt/c/Users/Youvanesh/automation/cmdvalid/output/Feb_9_13:43:15/compare_results.log
 | fun_idx : 0	 	 	 	 | fun_idx : 0	 	 	 	PASS
/mnt/c/Users/Youvanesh/automation/cmdvalid/output/Feb_9_13:43:15/compare_results.log
 | wmode   : A/aN/AC	 	 	 	 | wmode   : A/aN/AC	 	 	 	PASS
/mnt/c/Users/Youvanesh/automation/cmdvalid/output/Feb_9_13:43:15/compare_results.log
 | channel : 0	 	 	 	 | channel : 0	 	 	 	PASS
/mnt/c/Users/Youvanesh/automation/cmdvalid/output/Feb_9_13:43:15/compare_results.log
 | cen_ch1 : 0	 	 	 	 | cen_ch1 : 0	 	 	 	PASS
/mnt/c/Users/Youvanesh/automation/cmdvalid/output/Feb_9_13:43:15/compare_results.log
 | ht_bw   : (20/40,20)	 	 	 	 | ht_bw   : (20/40,20)	 	 	 	PASS
/mnt/c/Users/Youvanesh/automation/cmdvalid/output/Feb_9_13:43:15/compare_results.log
 | ext_ch  : (BELOW,NONE)	 	 	 	 | ext_ch  : (BELOW,NONE)	 	 	 	PASS
/mnt/c/Users/Youvanesh/automation/cmdvalid/output/Feb_9_13:43:15/compare_results.log
 | cen_ch2 : (0,0)	 	 	 	 | cen_ch2 : (0,0)	 	 	 	PASS
/mnt/c/Users/Youvanesh/automation/cmdvalid/output/Feb_9_13:43:15/compare_results.log
 | vht_bw  : (1,0)	 	 	 	 | vht_bw  : (1,0)	 	 	 	PASS
/mnt/c/Users/Youvanesh/automation/cmdvalid/output/Feb_9_13:43:15/compare_results.log
 | bw      : 20	 	 	 	 | bw      : 20	 	 	 	PASS
/mnt/c/Users/Youvanesh/automation/cmdvalid/output/Feb_9_13:43:15/compare_results.log
 | ==========wdev(5)==========	 	 	 	 | ==========wdev(5)==========	 	 	 	PASS
/mnt/c/Users/Youvanesh/automation/cmdvalid/output/Feb_9_13:43:15/compare_results.log
 | type    : WDS	 	 	 	 | type    : WDS	 	 	 	PASS
/mnt/c/Users/Youvanesh/automation/cmdvalid/output/Feb_9_13:43:15/compare_results.log
 | fun_idx : 0	 	 	 	 | fun_idx : 0	 	 	 	PASS
/mnt/c/Users/Youvanesh/automation/cmdvalid/output/Feb_9_13:43:15/compare_results.log
 | wmode   : A/aN/AC	 	 	 	 | wmode   : A/aN/AC	 	 	 	PASS
/mnt/c/Users/Youvanesh/automation/cmdvalid/output/Feb_9_13:43:15/compare_results.log
 | channel : 0	 	 	 	 | channel : 0	 	 	 	PASS
/mnt/c/Users/Youvanesh/automation/cmdvalid/output/Feb_9_13:43:15/compare_results.log
 | cen_ch1 : 0	 	 	 	 | cen_ch1 : 0	 	 	 	PASS
/mnt/c/Users/Youvanesh/automation/cmdvalid/output/Feb_9_13:43:15/compare_results.log
 | ht_bw   : (20/40,20)	 	 	 	 | ht_bw   : (20/40,20)	 	 	 	PASS
/mnt/c/Users/Youvanesh/automation/cmdvalid/output/Feb_9_13:43:15/compare_results.log
 | ext_ch  : (BELOW,NONE)	 	 	 	 | ext_ch  : (BELOW,NONE)	 	 	 	PASS
/mnt/c/Users/Youvanesh/automation/cmdvalid/output/Feb_9_13:43:15/compare_results.log
 | cen_ch2 : (0,0)	 	 	 	 | cen_ch2 : (0,0)	 	 	 	PASS
/mnt/c/Users/Youvanesh/automation/cmdvalid/output/Feb_9_13:43:15/compare_results.log
 | vht_bw  : (1,0)	 	 	 	 | vht_bw  : (1,0)	 	 	 	PASS
/mnt/c/Users/Youvanesh/automation/cmdvalid/output/Feb_9_13:43:15/compare_results.log
 | bw      : 20	 	 	 	 | bw      : 20	 	 	 	PASS
/mnt/c/Users/Youvanesh/automation/cmdvalid/output/Feb_9_13:43:15/compare_results.log
 | ==========wdev(6)==========	 	 	 	 | ==========wdev(6)==========	 	 	 	PASS
/mnt/c/Users/Youvanesh/automation/cmdvalid/output/Feb_9_13:43:15/compare_results.log
 | type    : WDS	 	 	 	 | type    : WDS	 	 	 	PASS
/mnt/c/Users/Youvanesh/automation/cmdvalid/output/Feb_9_13:43:15/compare_results.log
 | fun_idx : 1	 	 	 	 | fun_idx : 1	 	 	 	PASS
/mnt/c/Users/Youvanesh/automation/cmdvalid/output/Feb_9_13:43:15/compare_results.log
 | wmode   : A/aN/AC	 	 	 	 | wmode   : A/aN/AC	 	 	 	PASS
/mnt/c/Users/Youvanesh/automation/cmdvalid/output/Feb_9_13:43:15/compare_results.log
 | channel : 0	 	 	 	 | channel : 0	 	 	 	PASS
/mnt/c/Users/Youvanesh/automation/cmdvalid/output/Feb_9_13:43:15/compare_results.log
 | cen_ch1 : 0	 	 	 	 | cen_ch1 : 0	 	 	 	PASS
/mnt/c/Users/Youvanesh/automation/cmdvalid/output/Feb_9_13:43:15/compare_results.log
 | ht_bw   : (20/40,20)	 	 	 	 | ht_bw   : (20/40,20)	 	 	 	PASS
/mnt/c/Users/Youvanesh/automation/cmdvalid/output/Feb_9_13:43:15/compare_results.log
 | ext_ch  : (BELOW,NONE)	 	 	 	 | ext_ch  : (BELOW,NONE)	 	 	 	PASS
/mnt/c/Users/Youvanesh/automation/cmdvalid/output/Feb_9_13:43:15/compare_results.log
 | cen_ch2 : (0,0)	 	 	 	 | cen_ch2 : (0,0)	 	 	 	PASS
/mnt/c/Users/Youvanesh/automation/cmdvalid/output/Feb_9_13:43:15/compare_results.log
 | vht_bw  : (1,0)	 	 	 	 | vht_bw  : (1,0)	 	 	 	PASS
/mnt/c/Users/Youvanesh/automation/cmdvalid/output/Feb_9_13:43:15/compare_results.log
 | bw      : 20	 	 	 	 | bw      : 20	 	 	 	PASS
/mnt/c/Users/Youvanesh/automation/cmdvalid/output/Feb_9_13:43:15/compare_results.log
 | ==========wdev(7)==========	 	 	 	 | ==========wdev(7)==========	 	 	 	PASS
/mnt/c/Users/Youvanesh/automation/cmdvalid/output/Feb_9_13:43:15/compare_results.log
 | type    : WDS	 	 	 	 | type    : WDS	 	 	 	PASS
/mnt/c/Users/Youvanesh/automation/cmdvalid/output/Feb_9_13:43:15/compare_results.log
 | fun_idx : 2	 	 	 	 | fun_idx : 2	 	 	 	PASS
/mnt/c/Users/Youvanesh/automation/cmdvalid/output/Feb_9_13:43:15/compare_results.log
 | wmode   : A/aN/AC	 	 	 	 | wmode   : A/aN/AC	 	 	 	PASS
/mnt/c/Users/Youvanesh/automation/cmdvalid/output/Feb_9_13:43:15/compare_results.log
 | channel : 0	 	 	 	 | channel : 0	 	 	 	PASS
/mnt/c/Users/Youvanesh/automation/cmdvalid/output/Feb_9_13:43:15/compare_results.log
 | cen_ch1 : 0	 	 	 	 | cen_ch1 : 0	 	 	 	PASS
/mnt/c/Users/Youvanesh/automation/cmdvalid/output/Feb_9_13:43:15/compare_results.log
 | ht_bw   : (20/40,20)	 	 	 	 | ht_bw   : (20/40,20)	 	 	 	PASS
/mnt/c/Users/Youvanesh/automation/cmdvalid/output/Feb_9_13:43:15/compare_results.log
 | ext_ch  : (BELOW,NONE)	 	 	 	 | ext_ch  : (BELOW,NONE)	 	 	 	PASS
/mnt/c/Users/Youvanesh/automation/cmdvalid/output/Feb_9_13:43:15/compare_results.log
 | cen_ch2 : (0,0)	 	 	 	 | cen_ch2 : (0,0)	 	 	 	PASS
/mnt/c/Users/Youvanesh/automation/cmdvalid/output/Feb_9_13:43:15/compare_results.log
 | vht_bw  : (1,0)	 	 	 	 | vht_bw  : (1,0)	 	 	 	PASS
/mnt/c/Users/Youvanesh/automation/cmdvalid/output/Feb_9_13:43:15/compare_results.log
 | bw      : 20	 	 	 	 | bw      : 20	 	 	 	PASS
/mnt/c/Users/Youvanesh/automation/cmdvalid/output/Feb_9_13:43:15/compare_results.log
 | ==========wdev(8)==========	 	 	 	 | ==========wdev(8)==========	 	 	 	PASS
/mnt/c/Users/Youvanesh/automation/cmdvalid/output/Feb_9_13:43:15/compare_results.log
 | type    : WDS	 	 	 	 | type    : WDS	 	 	 	PASS
/mnt/c/Users/Youvanesh/automation/cmdvalid/output/Feb_9_13:43:15/compare_results.log
 | fun_idx : 3	 	 	 	 | fun_idx : 3	 	 	 	PASS
/mnt/c/Users/Youvanesh/automation/cmdvalid/output/Feb_9_13:43:15/compare_results.log
 | wmode   : A/aN/AC	 	 	 	 | wmode   : A/aN/AC	 	 	 	PASS
/mnt/c/Users/Youvanesh/automation/cmdvalid/output/Feb_9_13:43:15/compare_results.log
 | channel : 0	 	 	 	 | channel : 0	 	 	 	PASS
/mnt/c/Users/Youvanesh/automation/cmdvalid/output/Feb_9_13:43:15/compare_results.log
 | cen_ch1 : 0	 	 	 	 | cen_ch1 : 0	 	 	 	PASS
/mnt/c/Users/Youvanesh/automation/cmdvalid/output/Feb_9_13:43:15/compare_results.log
 | ht_bw   : (20/40,20)	 	 	 	 | ht_bw   : (20/40,20)	 	 	 	PASS
/mnt/c/Users/Youvanesh/automation/cmdvalid/output/Feb_9_13:43:15/compare_results.log
 | ext_ch  : (BELOW,NONE)	 	 	 	 | ext_ch  : (BELOW,NONE)	 	 	 	PASS
/mnt/c/Users/Youvanesh/automation/cmdvalid/output/Feb_9_13:43:15/compare_results.log
 | cen_ch2 : (0,0)	 	 	 	 | cen_ch2 : (0,0)	 	 	 	PASS
/mnt/c/Users/Youvanesh/automation/cmdvalid/output/Feb_9_13:43:15/compare_results.log
 | vht_bw  : (1,0)	 	 	 	 | vht_bw  : (1,0)	 	 	 	PASS
/mnt/c/Users/Youvanesh/automation/cmdvalid/output/Feb_9_13:43:15/compare_results.log
 | bw      : 20	 	 	 	 | bw      : 20	 	 	 	PASS
/mnt/c/Users/Youvanesh/automation/cmdvalid/output/Feb_9_13:43:15/compare_results.log
 | exit	 	 	 	 | exit	 	 	 	PASS
/mnt/c/Users/Youvanesh/automation/cmdvalid/output/Feb_9_13:43:15/compare_results.log
TRUE
/mnt/c/Users/Youvanesh/automation/cmdvalid/benchmark/24G_RA0_STATINFO.log
b'74\n'
b'74\n'
PASS:= ...Special Char Count PASSED
b'9\n'
b'9\n'
PASS:- ...Special Char Count PASSED
b'9\n'
b'9\n'
PASS:: ...Special Char Count PASSED
TC:TC_ID_6_24G_RA0_STATINFO.log	 -	PASSED/PASSED/PASSED
 | iwpriv ra0 copy_to_user statinfo	 	 	 	 | iwpriv ra0 copy_to_user statinfo	 	 	 	PASS
/mnt/c/Users/Youvanesh/automation/cmdvalid/output/Feb_9_13:43:15/compare_results.log
 | ra0       copy_to_user:	 	 	 	 | ra0       copy_to_user:	 	 	 	PASS
/mnt/c/Users/Youvanesh/automation/cmdvalid/output/Feb_9_13:43:15/compare_results.log
 | TransmitCountFromOS = 12	 	 	 	 | TransmitCountFromOS = 2251	 	 	 	PASS
/mnt/c/Users/Youvanesh/automation/cmdvalid/output/Feb_9_13:43:15/compare_results.log
 | TransmittedFragmentCount = 8	 	 	 	 | TransmittedFragmentCount = 1906	 	 	 	PASS
/mnt/c/Users/Youvanesh/automation/cmdvalid/output/Feb_9_13:43:15/compare_results.log
 | MulticastTransmittedFrameCount = 7	 	 	 	 | MulticastTransmittedFrameCount = 6	 	 	 	PASS
/mnt/c/Users/Youvanesh/automation/cmdvalid/output/Feb_9_13:43:15/compare_results.log
 | FailedCount = 0	 	 	 	 | FailedCount = 190	 	 	 	PASS
/mnt/c/Users/Youvanesh/automation/cmdvalid/output/Feb_9_13:43:15/compare_results.log
 | RetryCount = 0	 	 	 	 | RetryCount = 0	 	 	 	PASS
/mnt/c/Users/Youvanesh/automation/cmdvalid/output/Feb_9_13:43:15/compare_results.log
 | MultipleRetryCount = 0	 	 	 	 | MultipleRetryCount = 0	 	 	 	PASS
/mnt/c/Users/Youvanesh/automation/cmdvalid/output/Feb_9_13:43:15/compare_results.log
 | RTSSuccessCount = 0	 	 	 	 | RTSSuccessCount = 0	 	 	 	PASS
/mnt/c/Users/Youvanesh/automation/cmdvalid/output/Feb_9_13:43:15/compare_results.log
 | RTSFailureCount = 0	 	 	 	 | RTSFailureCount = 0	 	 	 	PASS
/mnt/c/Users/Youvanesh/automation/cmdvalid/output/Feb_9_13:43:15/compare_results.log
 | ACKFailureCount = 0	 	 	 	 | ACKFailureCount = 0	 	 	 	PASS
/mnt/c/Users/Youvanesh/automation/cmdvalid/output/Feb_9_13:43:15/compare_results.log
 | FrameDuplicateCount = 0	 	 	 	 | FrameDuplicateCount = 0	 	 	 	PASS
/mnt/c/Users/Youvanesh/automation/cmdvalid/output/Feb_9_13:43:15/compare_results.log
 | ReceivedFragmentCount = 3	 	 	 	 | ReceivedFragmentCount = 621	 	 	 	PASS
/mnt/c/Users/Youvanesh/automation/cmdvalid/output/Feb_9_13:43:15/compare_results.log
 | MulticastReceivedFrameCount = 0	 	 	 	 | MulticastReceivedFrameCount = 4	 	 	 	PASS
/mnt/c/Users/Youvanesh/automation/cmdvalid/output/Feb_9_13:43:15/compare_results.log
 | Rx drop due to out of resource  = 0	 	 	 	 | Rx drop due to out of resource  = 0	 	 	 	PASS
/mnt/c/Users/Youvanesh/automation/cmdvalid/output/Feb_9_13:43:15/compare_results.log
 | RealFcsErrCount = 23	 	 	 	 | RealFcsErrCount = 400	 	 	 	PASS
/mnt/c/Users/Youvanesh/automation/cmdvalid/output/Feb_9_13:43:15/compare_results.log
 | FCSErrorCount = 23	 	 	 	 | FCSErrorCount = 400	 	 	 	PASS
/mnt/c/Users/Youvanesh/automation/cmdvalid/output/Feb_9_13:43:15/compare_results.log
 | FrameDuplicateCount.LowPart = 0	 	 	 	 | FrameDuplicateCount.LowPart = 0	 	 	 	PASS
/mnt/c/Users/Youvanesh/automation/cmdvalid/output/Feb_9_13:43:15/compare_results.log
 | TransmittedFrameCount = 1	 	 	 	 | TransmittedFrameCount = 1900	 	 	 	PASS
/mnt/c/Users/Youvanesh/automation/cmdvalid/output/Feb_9_13:43:15/compare_results.log
 | WEPUndecryptableCount = 0	 	 	 	 | WEPUndecryptableCount = 0	 	 	 	PASS
/mnt/c/Users/Youvanesh/automation/cmdvalid/output/Feb_9_13:43:15/compare_results.log
 | 	 	 	 	 | 	 	 	 	PASS
/mnt/c/Users/Youvanesh/automation/cmdvalid/output/Feb_9_13:43:15/compare_results.log
 | ===Some 11n statistics variables: 	 	 	 	 | ===Some 11n statistics variables: 	 	 	 	PASS
/mnt/c/Users/Youvanesh/automation/cmdvalid/output/Feb_9_13:43:15/compare_results.log
 | TxAMSDUCount = 0	 	 	 	 | TxAMSDUCount = 0	 	 	 	PASS
/mnt/c/Users/Youvanesh/automation/cmdvalid/output/Feb_9_13:43:15/compare_results.log
 | RxAMSDUCount = 0	 	 	 	 | RxAMSDUCount = 0	 	 	 	PASS
/mnt/c/Users/Youvanesh/automation/cmdvalid/output/Feb_9_13:43:15/compare_results.log
 | TransmittedAMPDUCount = 0	 	 	 	 | TransmittedAMPDUCount = 0	 	 	 	PASS
/mnt/c/Users/Youvanesh/automation/cmdvalid/output/Feb_9_13:43:15/compare_results.log
 | TransmittedMPDUsInAMPDUCount = 1	 	 	 	 | TransmittedMPDUsInAMPDUCount = 2231	 	 	 	PASS
/mnt/c/Users/Youvanesh/automation/cmdvalid/output/Feb_9_13:43:15/compare_results.log
 | TransmittedOctetsInAMPDUCount = 135	 	 	 	 | TransmittedOctetsInAMPDUCount = 3173298	 	 	 	PASS
/mnt/c/Users/Youvanesh/automation/cmdvalid/output/Feb_9_13:43:15/compare_results.log
 | MPDUInReceivedAMPDUCount = 2	 	 	 	 | MPDUInReceivedAMPDUCount = 607	 	 	 	PASS
/mnt/c/Users/Youvanesh/automation/cmdvalid/output/Feb_9_13:43:15/compare_results.log
 | fAnyStaFortyIntolerant=0	 	 	 	 | fAnyStaFortyIntolerant=0	 	 	 	PASS
/mnt/c/Users/Youvanesh/automation/cmdvalid/output/Feb_9_13:43:15/compare_results.log
 | -- IF-ra0 -- 	 	 	 	 | -- IF-ra0 -- 	 	 	 	PASS
/mnt/c/Users/Youvanesh/automation/cmdvalid/output/Feb_9_13:43:15/compare_results.log
 | Packets Received = 41958	 	 	 	 | Packets Received = 101298	 	 	 	PASS
/mnt/c/Users/Youvanesh/automation/cmdvalid/output/Feb_9_13:43:15/compare_results.log
 | Packets Sent = 397156	 	 	 	 | Packets Sent = 338278	 	 	 	PASS
/mnt/c/Users/Youvanesh/automation/cmdvalid/output/Feb_9_13:43:15/compare_results.log
 | Bytes Received = 6752314	 	 	 	 | Bytes Received = 12296050	 	 	 	PASS
/mnt/c/Users/Youvanesh/automation/cmdvalid/output/Feb_9_13:43:15/compare_results.log
 | Byte Sent = 145037203	 	 	 	 | Byte Sent = 476871370	 	 	 	PASS
/mnt/c/Users/Youvanesh/automation/cmdvalid/output/Feb_9_13:43:15/compare_results.log
 | Error Packets Received = 0	 	 	 	 | Error Packets Received = 5	 	 	 	PASS
/mnt/c/Users/Youvanesh/automation/cmdvalid/output/Feb_9_13:43:15/compare_results.log
 | Drop Received Packets = 0	 	 	 	 | Drop Received Packets = 5	 	 	 	PASS
/mnt/c/Users/Youvanesh/automation/cmdvalid/output/Feb_9_13:43:15/compare_results.log
 | WscInfo:	 	 	 	 | WscInfo:	 	 	 	PASS
/mnt/c/Users/Youvanesh/automation/cmdvalid/output/Feb_9_13:43:15/compare_results.log
 |         WscConfMode=7	 	 	 	 |         WscConfMode=7	 	 	 	PASS
/mnt/c/Users/Youvanesh/automation/cmdvalid/output/Feb_9_13:43:15/compare_results.log
 |         WscMode=PIN	 	 	 	 |         WscMode=PIN	 	 	 	PASS
/mnt/c/Users/Youvanesh/automation/cmdvalid/output/Feb_9_13:43:15/compare_results.log
 |         WscConfStatus=2	 	 	 	 |         WscConfStatus=2	 	 	 	PASS
/mnt/c/Users/Youvanesh/automation/cmdvalid/output/Feb_9_13:43:15/compare_results.log
 |         WscPinCode=70960358	 	 	 	 |         WscPinCode=70960358	 	 	 	PASS
/mnt/c/Users/Youvanesh/automation/cmdvalid/output/Feb_9_13:43:15/compare_results.log
 |         WscState=0x0	 	 	 	 |         WscState=0x0	 	 	 	PASS
/mnt/c/Users/Youvanesh/automation/cmdvalid/output/Feb_9_13:43:15/compare_results.log
 |         WscStatus=0x1	 	 	 	 |         WscStatus=0x1	 	 	 	PASS
/mnt/c/Users/Youvanesh/automation/cmdvalid/output/Feb_9_13:43:15/compare_results.log
 | -- IF-ra0 end -- 	 	 	 	 | -- IF-ra0 end -- 	 	 	 	PASS
/mnt/c/Users/Youvanesh/automation/cmdvalid/output/Feb_9_13:43:15/compare_results.log
 | -- IF-ra1 -- 	 	 	 	 | -- IF-ra1 -- 	 	 	 	PASS
/mnt/c/Users/Youvanesh/automation/cmdvalid/output/Feb_9_13:43:15/compare_results.log
 | Packets Received = 0	 	 	 	 | Packets Received = 0	 	 	 	PASS
/mnt/c/Users/Youvanesh/automation/cmdvalid/output/Feb_9_13:43:15/compare_results.log
 | Packets Sent = 0	 	 	 	 | Packets Sent = 0	 	 	 	PASS
/mnt/c/Users/Youvanesh/automation/cmdvalid/output/Feb_9_13:43:15/compare_results.log
 | Bytes Received = 0	 	 	 	 | Bytes Received = 0	 	 	 	PASS
/mnt/c/Users/Youvanesh/automation/cmdvalid/output/Feb_9_13:43:15/compare_results.log
 | Byte Sent = 0	 	 	 	 | Byte Sent = 0	 	 	 	PASS
/mnt/c/Users/Youvanesh/automation/cmdvalid/output/Feb_9_13:43:15/compare_results.log
 | Error Packets Received = 0	 	 	 	 | Error Packets Received = 0	 	 	 	PASS
/mnt/c/Users/Youvanesh/automation/cmdvalid/output/Feb_9_13:43:15/compare_results.log
 | Drop Received Packets = 0	 	 	 	 | Drop Received Packets = 0	 	 	 	PASS
/mnt/c/Users/Youvanesh/automation/cmdvalid/output/Feb_9_13:43:15/compare_results.log
 | WscInfo:	 	 	 	 | WscInfo:	 	 	 	PASS
/mnt/c/Users/Youvanesh/automation/cmdvalid/output/Feb_9_13:43:15/compare_results.log
 |         WscConfMode=7	 	 	 	 |         WscConfMode=7	 	 	 	PASS
/mnt/c/Users/Youvanesh/automation/cmdvalid/output/Feb_9_13:43:15/compare_results.log
 |         WscMode=PIN	 	 	 	 |         WscMode=PIN	 	 	 	PASS
/mnt/c/Users/Youvanesh/automation/cmdvalid/output/Feb_9_13:43:15/compare_results.log
 |         WscConfStatus=2	 	 	 	 |         WscConfStatus=2	 	 	 	PASS
/mnt/c/Users/Youvanesh/automation/cmdvalid/output/Feb_9_13:43:15/compare_results.log
 |         WscPinCode=60474599	 	 	 	 |         WscPinCode=60474599	 	 	 	PASS
/mnt/c/Users/Youvanesh/automation/cmdvalid/output/Feb_9_13:43:15/compare_results.log
 |         WscState=0x0	 	 	 	 |         WscState=0x0	 	 	 	PASS
/mnt/c/Users/Youvanesh/automation/cmdvalid/output/Feb_9_13:43:15/compare_results.log
 |         WscStatus=0x1	 	 	 	 |         WscStatus=0x1	 	 	 	PASS
/mnt/c/Users/Youvanesh/automation/cmdvalid/output/Feb_9_13:43:15/compare_results.log
 | -- IF-ra1 end -- 	 	 	 	 | -- IF-ra1 end -- 	 	 	 	PASS
/mnt/c/Users/Youvanesh/automation/cmdvalid/output/Feb_9_13:43:15/compare_results.log
 | -- IF-ra2 -- 	 	 	 	 | -- IF-ra2 -- 	 	 	 	PASS
/mnt/c/Users/Youvanesh/automation/cmdvalid/output/Feb_9_13:43:15/compare_results.log
 | Packets Received = 0	 	 	 	 | Packets Received = 0	 	 	 	PASS
/mnt/c/Users/Youvanesh/automation/cmdvalid/output/Feb_9_13:43:15/compare_results.log
 | Packets Sent = 0	 	 	 	 | Packets Sent = 0	 	 	 	PASS
/mnt/c/Users/Youvanesh/automation/cmdvalid/output/Feb_9_13:43:15/compare_results.log
 | Bytes Received = 0	 	 	 	 | Bytes Received = 0	 	 	 	PASS
/mnt/c/Users/Youvanesh/automation/cmdvalid/output/Feb_9_13:43:15/compare_results.log
 | Byte Sent = 0	 	 	 	 | Byte Sent = 0	 	 	 	PASS
/mnt/c/Users/Youvanesh/automation/cmdvalid/output/Feb_9_13:43:15/compare_results.log
 | Error Packets Received = 0	 	 	 	 | Error Packets Received = 0	 	 	 	PASS
/mnt/c/Users/Youvanesh/automation/cmdvalid/output/Feb_9_13:43:15/compare_results.log
 | Drop Received Packets = 0	 	 	 	 | Drop Received Packets = 0	 	 	 	PASS
/mnt/c/Users/Youvanesh/automation/cmdvalid/output/Feb_9_13:43:15/compare_results.log
 | WscInfo:	 	 	 	 | WscInfo:	 	 	 	PASS
/mnt/c/Users/Youvanesh/automation/cmdvalid/output/Feb_9_13:43:15/compare_results.log
 |         WscConfMode=7	 	 	 	 |         WscConfMode=7	 	 	 	PASS
/mnt/c/Users/Youvanesh/automation/cmdvalid/output/Feb_9_13:43:15/compare_results.log
 |         WscMode=PIN	 	 	 	 |         WscMode=PIN	 	 	 	PASS
/mnt/c/Users/Youvanesh/automation/cmdvalid/output/Feb_9_13:43:15/compare_results.log
 |         WscConfStatus=2	 	 	 	 |         WscConfStatus=2	 	 	 	PASS
/mnt/c/Users/Youvanesh/automation/cmdvalid/output/Feb_9_13:43:15/compare_results.log
 |         WscPinCode=70960358	 	 	 	 |         WscPinCode=70960358	 	 	 	PASS
/mnt/c/Users/Youvanesh/automation/cmdvalid/output/Feb_9_13:43:15/compare_results.log
 |         WscState=0x0	 	 	 	 |         WscState=0x0	 	 	 	PASS
/mnt/c/Users/Youvanesh/automation/cmdvalid/output/Feb_9_13:43:15/compare_results.log
 |         WscStatus=0x1	 	 	 	 |         WscStatus=0x1	 	 	 	PASS
/mnt/c/Users/Youvanesh/automation/cmdvalid/output/Feb_9_13:43:15/compare_results.log
 | -- IF-ra2 end -- 	 	 	 	 | -- IF-ra2 end -- 	 	 	 	PASS
/mnt/c/Users/Youvanesh/automation/cmdvalid/output/Feb_9_13:43:15/compare_results.log
 | -- IF-ra3 -- 	 	 	 	 | -- IF-ra3 -- 	 	 	 	PASS
/mnt/c/Users/Youvanesh/automation/cmdvalid/output/Feb_9_13:43:15/compare_results.log
 | Packets Received = 0	 	 	 	 | Packets Received = 0	 	 	 	PASS
/mnt/c/Users/Youvanesh/automation/cmdvalid/output/Feb_9_13:43:15/compare_results.log
 | Packets Sent = 0	 	 	 	 | Packets Sent = 0	 	 	 	PASS
/mnt/c/Users/Youvanesh/automation/cmdvalid/output/Feb_9_13:43:15/compare_results.log
 | Bytes Received = 0	 	 	 	 | Bytes Received = 0	 	 	 	PASS
/mnt/c/Users/Youvanesh/automation/cmdvalid/output/Feb_9_13:43:15/compare_results.log
 | Byte Sent = 0	 	 	 	 | Byte Sent = 0	 	 	 	PASS
/mnt/c/Users/Youvanesh/automation/cmdvalid/output/Feb_9_13:43:15/compare_results.log
 | Error Packets Received = 0	 	 	 	 | Error Packets Received = 0	 	 	 	PASS
/mnt/c/Users/Youvanesh/automation/cmdvalid/output/Feb_9_13:43:15/compare_results.log
 | Drop Received Packets = 0	 	 	 	 | Drop Received Packets = 0	 	 	 	PASS
/mnt/c/Users/Youvanesh/automation/cmdvalid/output/Feb_9_13:43:15/compare_results.log
 | WscInfo:	 	 	 	 | WscInfo:	 	 	 	PASS
/mnt/c/Users/Youvanesh/automation/cmdvalid/output/Feb_9_13:43:15/compare_results.log
 |         WscConfMode=7	 	 	 	 |         WscConfMode=7	 	 	 	PASS
/mnt/c/Users/Youvanesh/automation/cmdvalid/output/Feb_9_13:43:15/compare_results.log
 |         WscMode=PIN	 	 	 	 |         WscMode=PIN	 	 	 	PASS
/mnt/c/Users/Youvanesh/automation/cmdvalid/output/Feb_9_13:43:15/compare_results.log
 |         WscConfStatus=1	 	 	 	 |         WscConfStatus=1	 	 	 	PASS
/mnt/c/Users/Youvanesh/automation/cmdvalid/output/Feb_9_13:43:15/compare_results.log
 |         WscPinCode=81446117	 	 	 	 |         WscPinCode=81446117	 	 	 	PASS
/mnt/c/Users/Youvanesh/automation/cmdvalid/output/Feb_9_13:43:15/compare_results.log
 |         WscState=0x0	 	 	 	 |         WscState=0x0	 	 	 	PASS
/mnt/c/Users/Youvanesh/automation/cmdvalid/output/Feb_9_13:43:15/compare_results.log
 |         WscStatus=0x1	 	 	 	 |         WscStatus=0x1	 	 	 	PASS
/mnt/c/Users/Youvanesh/automation/cmdvalid/output/Feb_9_13:43:15/compare_results.log
 | -- IF-ra3 end -- 	 	 	 	 | -- IF-ra3 end -- 	 	 	 	PASS
/mnt/c/Users/Youvanesh/automation/cmdvalid/output/Feb_9_13:43:15/compare_results.log
 | 	 	 	 	 | 	 	 	 	PASS
/mnt/c/Users/Youvanesh/automation/cmdvalid/output/Feb_9_13:43:15/compare_results.log
 | 80:5e:4f:a8:90:2d - 1   	 	 	 	 | 80:5e:4f:a8:90:2d - 1   	 	 	 	PASS
/mnt/c/Users/Youvanesh/automation/cmdvalid/output/Feb_9_13:43:15/compare_results.log
 | 	 	 	 	 | 	 	 	 	PASS
/mnt/c/Users/Youvanesh/automation/cmdvalid/output/Feb_9_13:43:15/compare_results.log
 | # exit	 	 	 	 | # exit	 	 	 	PASS
/mnt/c/Users/Youvanesh/automation/cmdvalid/output/Feb_9_13:43:15/compare_results.log
TRUE
/mnt/c/Users/Youvanesh/automation/cmdvalid/benchmark/5G_RAI0_STATINFO.log
b'83\n'
b'83\n'
PASS:= ...Special Char Count PASSED
b'10\n'
b'10\n'
PASS:- ...Special Char Count PASSED
b'9\n'
b'9\n'
PASS:: ...Special Char Count PASSED
TC:TC_ID_7_5G_RAI0_STATINFO.log	 -	PASSED/PASSED/PASSED
 | iwpriv rai0 copy_to_user statinfo	 	 	 	 | iwpriv rai0 copy_to_user statinfo	 	 	 	PASS
/mnt/c/Users/Youvanesh/automation/cmdvalid/output/Feb_9_13:43:15/compare_results.log
 | rai0      copy_to_user:	 	 	 	 | rai0      copy_to_user:	 	 	 	PASS
/mnt/c/Users/Youvanesh/automation/cmdvalid/output/Feb_9_13:43:15/compare_results.log
 | CurrentTemperature  = 73	 	 	 	 | CurrentTemperature  = 75	 	 	 	PASS
/mnt/c/Users/Youvanesh/automation/cmdvalid/output/Feb_9_13:43:15/compare_results.log
 | TransmitCountFromOS = 62	 	 	 	 | TransmitCountFromOS = 171	 	 	 	PASS
/mnt/c/Users/Youvanesh/automation/cmdvalid/output/Feb_9_13:43:15/compare_results.log
 | TransmittedFragmentCount = 0	 	 	 	 | TransmittedFragmentCount = 0	 	 	 	PASS
/mnt/c/Users/Youvanesh/automation/cmdvalid/output/Feb_9_13:43:15/compare_results.log
 | MulticastTransmittedFrameCount = 0	 	 	 	 | MulticastTransmittedFrameCount = 0	 	 	 	PASS
/mnt/c/Users/Youvanesh/automation/cmdvalid/output/Feb_9_13:43:15/compare_results.log
 | FailedCount = 0	 	 	 	 | FailedCount = 0	 	 	 	PASS
/mnt/c/Users/Youvanesh/automation/cmdvalid/output/Feb_9_13:43:15/compare_results.log
 | RetryCount = 0	 	 	 	 | RetryCount = 0	 	 	 	PASS
/mnt/c/Users/Youvanesh/automation/cmdvalid/output/Feb_9_13:43:15/compare_results.log
 | MultipleRetryCount = 0	 	 	 	 | MultipleRetryCount = 0	 	 	 	PASS
/mnt/c/Users/Youvanesh/automation/cmdvalid/output/Feb_9_13:43:15/compare_results.log
 | RTSSuccessCount = 0	 	 	 	 | RTSSuccessCount = 0	 	 	 	PASS
/mnt/c/Users/Youvanesh/automation/cmdvalid/output/Feb_9_13:43:15/compare_results.log
 | RTSFailureCount = 0	 	 	 	 | RTSFailureCount = 0	 	 	 	PASS
/mnt/c/Users/Youvanesh/automation/cmdvalid/output/Feb_9_13:43:15/compare_results.log
 | ACKFailureCount = 0	 	 	 	 | ACKFailureCount = 0	 	 	 	PASS
/mnt/c/Users/Youvanesh/automation/cmdvalid/output/Feb_9_13:43:15/compare_results.log
 | FrameDuplicateCount = 0	 	 	 	 | FrameDuplicateCount = 0	 	 	 	PASS
/mnt/c/Users/Youvanesh/automation/cmdvalid/output/Feb_9_13:43:15/compare_results.log
 | ReceivedFragmentCount = 74	 	 	 	 | ReceivedFragmentCount = 189	 	 	 	PASS
/mnt/c/Users/Youvanesh/automation/cmdvalid/output/Feb_9_13:43:15/compare_results.log
 | MulticastReceivedFrameCount = 0	 	 	 	 | MulticastReceivedFrameCount = 0	 	 	 	PASS
/mnt/c/Users/Youvanesh/automation/cmdvalid/output/Feb_9_13:43:15/compare_results.log
 | Rx drop due to out of resource  = 0	 	 	 	 | Rx drop due to out of resource  = 0	 	 	 	PASS
/mnt/c/Users/Youvanesh/automation/cmdvalid/output/Feb_9_13:43:15/compare_results.log
 | RealFcsErrCount = 0	 	 	 	 | RealFcsErrCount = 1	 	 	 	PASS
/mnt/c/Users/Youvanesh/automation/cmdvalid/output/Feb_9_13:43:15/compare_results.log
 | TransmittedFrameCount = 0	 	 	 	 | TransmittedFrameCount = 0	 	 	 	PASS
/mnt/c/Users/Youvanesh/automation/cmdvalid/output/Feb_9_13:43:15/compare_results.log
 | WEPUndecryptableCount = 0	 	 	 	 | WEPUndecryptableCount = 0	 	 	 	PASS
/mnt/c/Users/Youvanesh/automation/cmdvalid/output/Feb_9_13:43:15/compare_results.log
 | TxAMSDUCount = 0	 	 	 	 | TxAMSDUCount = 0	 	 	 	PASS
/mnt/c/Users/Youvanesh/automation/cmdvalid/output/Feb_9_13:43:15/compare_results.log
 | RxAMSDUCount = 0	 	 	 	 | RxAMSDUCount = 0	 	 	 	PASS
/mnt/c/Users/Youvanesh/automation/cmdvalid/output/Feb_9_13:43:15/compare_results.log
 | TransmittedAMPDUCount = 0	 	 	 	 | TransmittedAMPDUCount = 0	 	 	 	PASS
/mnt/c/Users/Youvanesh/automation/cmdvalid/output/Feb_9_13:43:15/compare_results.log
 | TransmittedMPDUsInAMPDUCount = 0	 	 	 	 | TransmittedMPDUsInAMPDUCount = 0	 	 	 	PASS
/mnt/c/Users/Youvanesh/automation/cmdvalid/output/Feb_9_13:43:15/compare_results.log
 | TransmittedOctetsInAMPDUCount = 0	 	 	 	 | TransmittedOctetsInAMPDUCount = 0	 	 	 	PASS
/mnt/c/Users/Youvanesh/automation/cmdvalid/output/Feb_9_13:43:15/compare_results.log
 | MPDUInReceivedAMPDUCount = 3	 	 	 	 | MPDUInReceivedAMPDUCount = 0	 	 	 	PASS
/mnt/c/Users/Youvanesh/automation/cmdvalid/output/Feb_9_13:43:15/compare_results.log
 | fAnyStaFortyIntolerant=0	 	 	 	 | fAnyStaFortyIntolerant=0	 	 	 	PASS
/mnt/c/Users/Youvanesh/automation/cmdvalid/output/Feb_9_13:43:15/compare_results.log
 | -- IF-ra0 --	 	 	 	 | -- IF-ra0 --	 	 	 	PASS
/mnt/c/Users/Youvanesh/automation/cmdvalid/output/Feb_9_13:43:15/compare_results.log
 | Packets Received = 245929	 	 	 	 | Packets Received = 23620	 	 	 	PASS
/mnt/c/Users/Youvanesh/automation/cmdvalid/output/Feb_9_13:43:15/compare_results.log
 | Packets Sent = 204776	 	 	 	 | Packets Sent = 22859	 	 	 	PASS
/mnt/c/Users/Youvanesh/automation/cmdvalid/output/Feb_9_13:43:15/compare_results.log
 | Bytes Received = 73038402	 	 	 	 | Bytes Received = 5493980	 	 	 	PASS
/mnt/c/Users/Youvanesh/automation/cmdvalid/output/Feb_9_13:43:15/compare_results.log
 | Byte Sent = 84869684	 	 	 	 | Byte Sent = 12207644	 	 	 	PASS
/mnt/c/Users/Youvanesh/automation/cmdvalid/output/Feb_9_13:43:15/compare_results.log
 | Error Packets Received = 22002	 	 	 	 | Error Packets Received = 2650	 	 	 	PASS
/mnt/c/Users/Youvanesh/automation/cmdvalid/output/Feb_9_13:43:15/compare_results.log
 | Drop Received Packets = 22002	 	 	 	 | Drop Received Packets = 2650	 	 	 	PASS
/mnt/c/Users/Youvanesh/automation/cmdvalid/output/Feb_9_13:43:15/compare_results.log
 | WscInfo:	 	 	 	 | WscInfo:	 	 	 	PASS
/mnt/c/Users/Youvanesh/automation/cmdvalid/output/Feb_9_13:43:15/compare_results.log
 |         WscConfMode=7	 	 	 	 |         WscConfMode=7	 	 	 	PASS
/mnt/c/Users/Youvanesh/automation/cmdvalid/output/Feb_9_13:43:15/compare_results.log
 |         WscMode=PIN	 	 	 	 |         WscMode=PIN	 	 	 	PASS
/mnt/c/Users/Youvanesh/automation/cmdvalid/output/Feb_9_13:43:15/compare_results.log
 |         WscConfStatus=2	 	 	 	 |         WscConfStatus=2	 	 	 	PASS
/mnt/c/Users/Youvanesh/automation/cmdvalid/output/Feb_9_13:43:15/compare_results.log
 |         WscPinCode=52225000	 	 	 	 |         WscPinCode=52225000	 	 	 	PASS
/mnt/c/Users/Youvanesh/automation/cmdvalid/output/Feb_9_13:43:15/compare_results.log
 |         WscState=0x0	 	 	 	 |         WscState=0x0	 	 	 	PASS
/mnt/c/Users/Youvanesh/automation/cmdvalid/output/Feb_9_13:43:15/compare_results.log
 |         WscStatus=0x1	 	 	 	 |         WscStatus=0x1	 	 	 	PASS
/mnt/c/Users/Youvanesh/automation/cmdvalid/output/Feb_9_13:43:15/compare_results.log
 | -- IF-ra0 end --	 	 	 	 | -- IF-ra0 end --	 	 	 	PASS
/mnt/c/Users/Youvanesh/automation/cmdvalid/output/Feb_9_13:43:15/compare_results.log
 | -- IF-ra1 --	 	 	 	 | -- IF-ra1 --	 	 	 	PASS
/mnt/c/Users/Youvanesh/automation/cmdvalid/output/Feb_9_13:43:15/compare_results.log
 | Packets Received = 0	 	 	 	 | Packets Received = 0	 	 	 	PASS
/mnt/c/Users/Youvanesh/automation/cmdvalid/output/Feb_9_13:43:15/compare_results.log
 | Packets Sent = 0	 	 	 	 | Packets Sent = 0	 	 	 	PASS
/mnt/c/Users/Youvanesh/automation/cmdvalid/output/Feb_9_13:43:15/compare_results.log
 | Bytes Received = 0	 	 	 	 | Bytes Received = 0	 	 	 	PASS
/mnt/c/Users/Youvanesh/automation/cmdvalid/output/Feb_9_13:43:15/compare_results.log
 | Byte Sent = 0	 	 	 	 | Byte Sent = 0	 	 	 	PASS
/mnt/c/Users/Youvanesh/automation/cmdvalid/output/Feb_9_13:43:15/compare_results.log
 | Error Packets Received = 0	 	 	 	 | Error Packets Received = 0	 	 	 	PASS
/mnt/c/Users/Youvanesh/automation/cmdvalid/output/Feb_9_13:43:15/compare_results.log
 | Drop Received Packets = 0	 	 	 	 | Drop Received Packets = 0	 	 	 	PASS
/mnt/c/Users/Youvanesh/automation/cmdvalid/output/Feb_9_13:43:15/compare_results.log
 | WscInfo:	 	 	 	 | WscInfo:	 	 	 	PASS
/mnt/c/Users/Youvanesh/automation/cmdvalid/output/Feb_9_13:43:15/compare_results.log
 |         WscConfMode=7	 	 	 	 |         WscConfMode=7	 	 	 	PASS
/mnt/c/Users/Youvanesh/automation/cmdvalid/output/Feb_9_13:43:15/compare_results.log
 |         WscMode=PIN	 	 	 	 |         WscMode=PIN	 	 	 	PASS
/mnt/c/Users/Youvanesh/automation/cmdvalid/output/Feb_9_13:43:15/compare_results.log
 |         WscConfStatus=2	 	 	 	 |         WscConfStatus=2	 	 	 	PASS
/mnt/c/Users/Youvanesh/automation/cmdvalid/output/Feb_9_13:43:15/compare_results.log
 |         WscPinCode=0	 	 	 	 |         WscPinCode=0	 	 	 	PASS
/mnt/c/Users/Youvanesh/automation/cmdvalid/output/Feb_9_13:43:15/compare_results.log
 |         WscState=0x0	 	 	 	 |         WscState=0x0	 	 	 	PASS
/mnt/c/Users/Youvanesh/automation/cmdvalid/output/Feb_9_13:43:15/compare_results.log
 |         WscStatus=0x0	 	 	 	 |         WscStatus=0x0	 	 	 	PASS
/mnt/c/Users/Youvanesh/automation/cmdvalid/output/Feb_9_13:43:15/compare_results.log
 | -- IF-ra1 end --	 	 	 	 | -- IF-ra1 end --	 	 	 	PASS
/mnt/c/Users/Youvanesh/automation/cmdvalid/output/Feb_9_13:43:15/compare_results.log
 | -- IF-ra2 --	 	 	 	 | -- IF-ra2 --	 	 	 	PASS
/mnt/c/Users/Youvanesh/automation/cmdvalid/output/Feb_9_13:43:15/compare_results.log
 | Packets Received = 0	 	 	 	 | Packets Received = 0	 	 	 	PASS
/mnt/c/Users/Youvanesh/automation/cmdvalid/output/Feb_9_13:43:15/compare_results.log
 | Packets Sent = 0	 	 	 	 | Packets Sent = 0	 	 	 	PASS
/mnt/c/Users/Youvanesh/automation/cmdvalid/output/Feb_9_13:43:15/compare_results.log
 | Bytes Received = 0	 	 	 	 | Bytes Received = 0	 	 	 	PASS
/mnt/c/Users/Youvanesh/automation/cmdvalid/output/Feb_9_13:43:15/compare_results.log
 | Byte Sent = 0	 	 	 	 | Byte Sent = 0	 	 	 	PASS
/mnt/c/Users/Youvanesh/automation/cmdvalid/output/Feb_9_13:43:15/compare_results.log
 | Error Packets Received = 0	 	 	 	 | Error Packets Received = 0	 	 	 	PASS
/mnt/c/Users/Youvanesh/automation/cmdvalid/output/Feb_9_13:43:15/compare_results.log
 | Drop Received Packets = 0	 	 	 	 | Drop Received Packets = 0	 	 	 	PASS
/mnt/c/Users/Youvanesh/automation/cmdvalid/output/Feb_9_13:43:15/compare_results.log
 | WscInfo:	 	 	 	 | WscInfo:	 	 	 	PASS
/mnt/c/Users/Youvanesh/automation/cmdvalid/output/Feb_9_13:43:15/compare_results.log
 |         WscConfMode=7	 	 	 	 |         WscConfMode=7	 	 	 	PASS
/mnt/c/Users/Youvanesh/automation/cmdvalid/output/Feb_9_13:43:15/compare_results.log
 |         WscMode=PIN	 	 	 	 |         WscMode=PIN	 	 	 	PASS
/mnt/c/Users/Youvanesh/automation/cmdvalid/output/Feb_9_13:43:15/compare_results.log
 |         WscConfStatus=2	 	 	 	 |         WscConfStatus=2	 	 	 	PASS
/mnt/c/Users/Youvanesh/automation/cmdvalid/output/Feb_9_13:43:15/compare_results.log
 |         WscPinCode=0	 	 	 	 |         WscPinCode=0	 	 	 	PASS
/mnt/c/Users/Youvanesh/automation/cmdvalid/output/Feb_9_13:43:15/compare_results.log
 |         WscState=0x0	 	 	 	 |         WscState=0x0	 	 	 	PASS
/mnt/c/Users/Youvanesh/automation/cmdvalid/output/Feb_9_13:43:15/compare_results.log
 |         WscStatus=0x0	 	 	 	 |         WscStatus=0x0	 	 	 	PASS
/mnt/c/Users/Youvanesh/automation/cmdvalid/output/Feb_9_13:43:15/compare_results.log
 | -- IF-ra2 end --	 	 	 	 | -- IF-ra2 end --	 	 	 	PASS
/mnt/c/Users/Youvanesh/automation/cmdvalid/output/Feb_9_13:43:15/compare_results.log
 | -- IF-ra3 --	 	 	 	 | -- IF-ra3 --	 	 	 	PASS
/mnt/c/Users/Youvanesh/automation/cmdvalid/output/Feb_9_13:43:15/compare_results.log
 | Packets Received = 2073	 	 	 	 | Packets Received = 0	 	 	 	PASS
/mnt/c/Users/Youvanesh/automation/cmdvalid/output/Feb_9_13:43:15/compare_results.log
 | Packets Sent = 67108	 	 	 	 | Packets Sent = 0	 	 	 	PASS
/mnt/c/Users/Youvanesh/automation/cmdvalid/output/Feb_9_13:43:15/compare_results.log
 | Bytes Received = 83398	 	 	 	 | Bytes Received = 0	 	 	 	PASS
/mnt/c/Users/Youvanesh/automation/cmdvalid/output/Feb_9_13:43:15/compare_results.log
 | Byte Sent = 5458342	 	 	 	 | Byte Sent = 0	 	 	 	PASS
/mnt/c/Users/Youvanesh/automation/cmdvalid/output/Feb_9_13:43:15/compare_results.log
 | Error Packets Received = 0	 	 	 	 | Error Packets Received = 0	 	 	 	PASS
/mnt/c/Users/Youvanesh/automation/cmdvalid/output/Feb_9_13:43:15/compare_results.log
 | Drop Received Packets = 0	 	 	 	 | Drop Received Packets = 0	 	 	 	PASS
/mnt/c/Users/Youvanesh/automation/cmdvalid/output/Feb_9_13:43:15/compare_results.log
 | WscInfo:	 	 	 	 | WscInfo:	 	 	 	PASS
/mnt/c/Users/Youvanesh/automation/cmdvalid/output/Feb_9_13:43:15/compare_results.log
 |         WscConfMode=7	 	 	 	 |         WscConfMode=7	 	 	 	PASS
/mnt/c/Users/Youvanesh/automation/cmdvalid/output/Feb_9_13:43:15/compare_results.log
 |         WscMode=PIN	 	 	 	 |         WscMode=PIN	 	 	 	PASS
/mnt/c/Users/Youvanesh/automation/cmdvalid/output/Feb_9_13:43:15/compare_results.log
 |         WscConfStatus=1	 	 	 	 |         WscConfStatus=1	 	 	 	PASS
/mnt/c/Users/Youvanesh/automation/cmdvalid/output/Feb_9_13:43:15/compare_results.log
 |         WscPinCode=53535726	 	 	 	 |         WscPinCode=53535726	 	 	 	PASS
/mnt/c/Users/Youvanesh/automation/cmdvalid/output/Feb_9_13:43:15/compare_results.log
 |         WscState=0x0	 	 	 	 |         WscState=0x0	 	 	 	PASS
/mnt/c/Users/Youvanesh/automation/cmdvalid/output/Feb_9_13:43:15/compare_results.log
 |         WscStatus=0x1	 	 	 	 |         WscStatus=0x1	 	 	 	PASS
/mnt/c/Users/Youvanesh/automation/cmdvalid/output/Feb_9_13:43:15/compare_results.log
 | -- IF-ra3 end --	 	 	 	 | -- IF-ra3 end --	 	 	 	PASS
/mnt/c/Users/Youvanesh/automation/cmdvalid/output/Feb_9_13:43:15/compare_results.log
 | 	 	 	 	 | 	 	 	 	PASS
/mnt/c/Users/Youvanesh/automation/cmdvalid/output/Feb_9_13:43:15/compare_results.log
 | c6:7d:f4:a5:d5:21 - 1   	 	 	 	 | c6:7d:f4:a5:d5:21 - 1   	 	 	 	PASS
/mnt/c/Users/Youvanesh/automation/cmdvalid/output/Feb_9_13:43:15/compare_results.log
 | 	 	 	 	 | 	 	 	 	PASS
/mnt/c/Users/Youvanesh/automation/cmdvalid/output/Feb_9_13:43:15/compare_results.log
 | 08:71:90:1b:31:6d - 2   	 	 	 	 | 08:71:90:1b:31:6d - 2   	 	 	 	PASS
/mnt/c/Users/Youvanesh/automation/cmdvalid/output/Feb_9_13:43:15/compare_results.log
 | hotspot enable                    = 0	 	 	 	 | hotspot enable                    = 0	 	 	 	PASS
/mnt/c/Users/Youvanesh/automation/cmdvalid/output/Feb_9_13:43:15/compare_results.log
 | daemon ready                  = 0	 	 	 	 | daemon ready                  = 0	 	 	 	PASS
/mnt/c/Users/Youvanesh/automation/cmdvalid/output/Feb_9_13:43:15/compare_results.log
 | hotspot DGAFDisable               = 0	 	 	 	 | hotspot DGAFDisable               = 0	 	 	 	PASS
/mnt/c/Users/Youvanesh/automation/cmdvalid/output/Feb_9_13:43:15/compare_results.log
 | hotspot L2Filter              = 0	 	 	 	 | hotspot L2Filter              = 0	 	 	 	PASS
/mnt/c/Users/Youvanesh/automation/cmdvalid/output/Feb_9_13:43:15/compare_results.log
 | hotspot ICMPv4Deny                = 0	 	 	 	 | hotspot ICMPv4Deny                = 0	 	 	 	PASS
/mnt/c/Users/Youvanesh/automation/cmdvalid/output/Feb_9_13:43:15/compare_results.log
 | hotspot QosMapEnable              = 0	 	 	 	 | hotspot QosMapEnable              = 0	 	 	 	PASS
/mnt/c/Users/Youvanesh/automation/cmdvalid/output/Feb_9_13:43:15/compare_results.log
 | proxy arp enable              = 0	 	 	 	 | proxy arp enable              = 0	 	 	 	PASS
/mnt/c/Users/Youvanesh/automation/cmdvalid/output/Feb_9_13:43:15/compare_results.log
 | WNMNotify enable              = 0	 	 	 	 | WNMNotify enable              = 0	 	 	 	PASS
/mnt/c/Users/Youvanesh/automation/cmdvalid/output/Feb_9_13:43:15/compare_results.log
 | hotspot OSEN enable                   = 0	 	 	 	 | hotspot OSEN enable                   = 0	 	 	 	PASS
/mnt/c/Users/Youvanesh/automation/cmdvalid/output/Feb_9_13:43:15/compare_results.log
 | GAS come back delay                       = 0	 	 	 	 | GAS come back delay                       = 0	 	 	 	PASS
/mnt/c/Users/Youvanesh/automation/cmdvalid/output/Feb_9_13:43:15/compare_results.log
 | GAS enable                       = 1	 	 	 	 | GAS enable                       = 1	 	 	 	PASS
/mnt/c/Users/Youvanesh/automation/cmdvalid/output/Feb_9_13:43:15/compare_results.log
 | 	 	 	 	 | 	 	 	 	PASS
/mnt/c/Users/Youvanesh/automation/cmdvalid/output/Feb_9_13:43:15/compare_results.log
 | # exit	 	 	 	 | # exit	 	 	 	PASS
/mnt/c/Users/Youvanesh/automation/cmdvalid/output/Feb_9_13:43:15/compare_results.log
TRUE
/mnt/c/Users/Youvanesh/automation/cmdvalid/benchmark/24G_RA0_GET_STA_LIST.log
b'1\n'
b'1\n'
PASS:= ...Special Char Count PASSED
b'0\n'
b'0\n'
PASS:- ...Special Char Count PASSED
b'4\n'
b'4\n'
PASS:: ...Special Char Count PASSED
TC:TC_ID_8_24G_RA0_GET_STA_LIST.log	 -	PASSED/PASSED/PASSED
 | iwpriv ra0 copy_to_user get_stalist	 	 	 	 | iwpriv ra0 copy_to_user get_stalist	 	 	 	PASS
/mnt/c/Users/Youvanesh/automation/cmdvalid/output/Feb_9_13:43:15/compare_results.log
 | ra0       copy_to_user:	 	 	 	 | ra0       copy_to_user:	 	 	 	PASS
/mnt/c/Users/Youvanesh/automation/cmdvalid/output/Feb_9_13:43:15/compare_results.log
 | MAC                 = 80:5E:4F:A8:90:2D;BSS                 = 0	 	 	 	 | MAC                 = 80:5E:4F:A8:90:2D;BSS                 = 0	 	 	 	PASS
/mnt/c/Users/Youvanesh/automation/cmdvalid/output/Feb_9_13:43:15/compare_results.log
 | 	 	 	 	 | 	 	 	 	PASS
/mnt/c/Users/Youvanesh/automation/cmdvalid/output/Feb_9_13:43:15/compare_results.log
 | # exit	 	 	 	 | # exit	 	 	 	PASS
/mnt/c/Users/Youvanesh/automation/cmdvalid/output/Feb_9_13:43:15/compare_results.log
TRUE
/mnt/c/Users/Youvanesh/automation/cmdvalid/benchmark/5G_RAI0_24G_RA0_GET_STA_LIST.log
b'2\n'
b'2\n'
PASS:= ...Special Char Count PASSED
b'0\n'
b'0\n'
PASS:- ...Special Char Count PASSED
b'5\n'
b'5\n'
PASS:: ...Special Char Count PASSED
TC:TC_ID_9_5G_RAI0_24G_RA0_GET_STA_LIST.log	 -	PASSED/PASSED/PASSED
 | iwpriv rai0 copy_to_user get_stalist	 	 	 	 | iwpriv rai0 copy_to_user get_stalist	 	 	 	PASS
/mnt/c/Users/Youvanesh/automation/cmdvalid/output/Feb_9_13:43:15/compare_results.log
 | rai0      copy_to_user:	 	 	 	 | rai0      copy_to_user:	 	 	 	PASS
/mnt/c/Users/Youvanesh/automation/cmdvalid/output/Feb_9_13:43:15/compare_results.log
 | MAC                 = C6:7D:F4:A5:D5:21;BSS                 = 0	 	 	 	 | MAC                 = C6:7D:F4:A5:D5:21;BSS                 = 0	 	 	 	PASS
/mnt/c/Users/Youvanesh/automation/cmdvalid/output/Feb_9_13:43:15/compare_results.log
 | MAC                 = 08:71:90:1B:31:6D;BSS                 = 0	 	 	 	 | MAC                 = 08:71:90:1B:31:6D;BSS                 = 0	 	 	 	PASS
/mnt/c/Users/Youvanesh/automation/cmdvalid/output/Feb_9_13:43:15/compare_results.log
 | 	 	 	 	 | 	 	 	 	PASS
/mnt/c/Users/Youvanesh/automation/cmdvalid/output/Feb_9_13:43:15/compare_results.log
 | # exit	 	 	 	 | # exit	 	 	 	PASS
/mnt/c/Users/Youvanesh/automation/cmdvalid/output/Feb_9_13:43:15/compare_results.log
TRUE
Runs for Wireless Mesh Node
/mnt/c/Users/Youvanesh/automation/cmdvalid/benchmark/24G_RA0_CLICOUNT.log
b'0\n'
b'0\n'
PASS:= ...Special Char Count PASSED
b'0\n'
b'0\n'
PASS:- ...Special Char Count PASSED
b'9\n'
b'9\n'
PASS:: ...Special Char Count PASSED
TC:TC_ID_11_24G_RA0_CLICOUNT.log	 -	PASSED/PASSED/PASSED
 | iwpriv ra0 copy_to_user clientcountinfo	 	 	 	 | iwpriv ra0 copy_to_user clientcountinfo	 	 	 	PASS
/mnt/c/Users/Youvanesh/automation/cmdvalid/output/Feb_9_13:43:15/compare_results.log
 | ra0       copy_to_user:	 	 	 	 | ra0       copy_to_user:	 	 	 	PASS
/mnt/c/Users/Youvanesh/automation/cmdvalid/output/Feb_9_13:43:15/compare_results.log
 | BSS[00]:     1	 	 	 	 | BSS[00]:     1	 	 	 	PASS
/mnt/c/Users/Youvanesh/automation/cmdvalid/output/Feb_9_13:43:15/compare_results.log
 | BSS[01]:     0	 	 	 	 | BSS[01]:     0	 	 	 	PASS
/mnt/c/Users/Youvanesh/automation/cmdvalid/output/Feb_9_13:43:15/compare_results.log
 | BSS[02]:     0	 	 	 	 | BSS[02]:     0	 	 	 	PASS
/mnt/c/Users/Youvanesh/automation/cmdvalid/output/Feb_9_13:43:15/compare_results.log
 | BSS[03]:     0	 	 	 	 | BSS[03]:     0	 	 	 	PASS
/mnt/c/Users/Youvanesh/automation/cmdvalid/output/Feb_9_13:43:15/compare_results.log
 | 	 	 	 	 | 	 	 	 	PASS
/mnt/c/Users/Youvanesh/automation/cmdvalid/output/Feb_9_13:43:15/compare_results.log
 | HT Operating Mode : 0	 	 	 	 | HT Operating Mode : 0	 	 	 	PASS
/mnt/c/Users/Youvanesh/automation/cmdvalid/output/Feb_9_13:43:15/compare_results.log
 | 	 	 	 	 | 	 	 	 	PASS
/mnt/c/Users/Youvanesh/automation/cmdvalid/output/Feb_9_13:43:15/compare_results.log
 | 	 	 	 	 | 	 	 	 	PASS
/mnt/c/Users/Youvanesh/automation/cmdvalid/output/Feb_9_13:43:15/compare_results.log
 | MAC                AID TxPackets   RxPackets   TxBytes     RxBytes     TP(Tx)      TP(Rx)      	 	 	 	 | MAC                AID TxPackets   RxPackets   TxBytes     RxBytes     TP(Tx)      TP(Rx)      	 	 	 	PASS
/mnt/c/Users/Youvanesh/automation/cmdvalid/output/Feb_9_13:43:15/compare_results.log
 | 80:5E:4F:A8:90:2D  1   108524      41964       131091458   6752995     0Mbps       0Mbps       	 	 	 	 | 80:5E:4F:A8:90:2D  1   335722      101369      477095360   12304836    2Mbps       0Mbps       	 	 	 	PASS
/mnt/c/Users/Youvanesh/automation/cmdvalid/output/Feb_9_13:43:15/compare_results.log
 | 	 	 	 	 | 	 	 	 	PASS
/mnt/c/Users/Youvanesh/automation/cmdvalid/output/Feb_9_13:43:15/compare_results.log
 | # exit	 	 	 	 | # exit	 	 	 	PASS
/mnt/c/Users/Youvanesh/automation/cmdvalid/output/Feb_9_13:43:15/compare_results.log
TRUE
/mnt/c/Users/Youvanesh/automation/cmdvalid/benchmark/24G_RA0_CLI_INFO.log
b'1\n'
b'1\n'
PASS:= ...Special Char Count PASSED
b'1\n'
b'1\n'
PASS:- ...Special Char Count PASSED
b'6\n'
b'6\n'
PASS:: ...Special Char Count PASSED
TC:TC_ID_12_24G_RA0_CLI_INFO.log	 -	PASSED/PASSED/PASSED
 | iwpriv ra0 copy_to_user clientinfo	 	 	 	 | iwpriv ra0 copy_to_user clientinfo	 	 	 	PASS
/mnt/c/Users/Youvanesh/automation/cmdvalid/output/Feb_9_13:43:15/compare_results.log
 | ra0       copy_to_user:	 	 	 	 | ra0       copy_to_user:	 	 	 	PASS
/mnt/c/Users/Youvanesh/automation/cmdvalid/output/Feb_9_13:43:15/compare_results.log
 | Dump MacTable entries info, EntType=0x20001	 	 	 	 | Dump MacTable entries info, EntType=0x20001	 	 	 	PASS
/mnt/c/Users/Youvanesh/automation/cmdvalid/output/Feb_9_13:43:15/compare_results.log
 | HT Operating Mode : 0	 	 	 	 | HT Operating Mode : 0	 	 	 	PASS
/mnt/c/Users/Youvanesh/automation/cmdvalid/output/Feb_9_13:43:15/compare_results.log
 | 	 	 	 	 | 	 	 	 	PASS
/mnt/c/Users/Youvanesh/automation/cmdvalid/output/Feb_9_13:43:15/compare_results.log
 | 	 	 	 	 | 	 	 	 	PASS
/mnt/c/Users/Youvanesh/automation/cmdvalid/output/Feb_9_13:43:15/compare_results.log
 | MAC                MODE AID  BSS PSM WMM MIMOPS RSSI0/1/2 PhMd  BW  MCS   SGI   STBC  Idle   Rate   QosMap 	 	 	 	 | MAC                MODE AID  BSS PSM WMM MIMOPS RSSI0/1/2 PhMd  BW  MCS   SGI   STBC  Idle   Rate   QosMap 	 	 	 	PASS
/mnt/c/Users/Youvanesh/automation/cmdvalid/output/Feb_9_13:43:15/compare_results.log
 | MWDSCap 80:5E:4F:A8:90:2D  200011    0   0   1   3      -80/-79/0  HTMIX 40M 4     0   1    300    81     0         , 108524, 100%	 	 	 	 | MWDSCap 80:5E:4F:A8:90:2D  200011    0   0   1   3      -76/-76/0  HTMIX 40M 4     0   1    300    81     0         , 335727, 100%	 	 	 	PASS
/mnt/c/Users/Youvanesh/automation/cmdvalid/output/Feb_9_13:43:15/compare_results.log
 | NO                                                              MaxCap:HTMIX     40M   7     1   1    	 	 	 	 | NO                                                              MaxCap:HTMIX     40M   7     1   1    	 	 	 	PASS
/mnt/c/Users/Youvanesh/automation/cmdvalid/output/Feb_9_13:43:15/compare_results.log
 | 	 	 	 	 | 	 	 	 	PASS
/mnt/c/Users/Youvanesh/automation/cmdvalid/output/Feb_9_13:43:15/compare_results.log
 | 	 	 	 	 | 	 	 	 	PASS
/mnt/c/Users/Youvanesh/automation/cmdvalid/output/Feb_9_13:43:15/compare_results.log
 | # exit	 	 	 	 | # exit	 	 	 	PASS
/mnt/c/Users/Youvanesh/automation/cmdvalid/output/Feb_9_13:43:15/compare_results.log
TRUE
/mnt/c/Users/Youvanesh/automation/cmdvalid/benchmark/24G_STA_INFO.log
b'3\n'
b'4\n'
FAIL: = ...Special_Char COUNT FAILED
b'0\n'
b'1\n'
FAIL: - ...Special_Char COUNT FAILED
b'21\n'
b'22\n'
FAIL: : ...Special_Char COUNT FAILED
TC:TC_ID_13_24G_STA_INFO.log	 -	FAILED/FAILED/FAILED
COL_FAIL
/mnt/c/Users/Youvanesh/automation/cmdvalid/benchmark/5G_STA_INFO.log
b'56\n'
b'30\n'
FAIL: = ...Special_Char COUNT FAILED
b'8\n'
b'4\n'
FAIL: - ...Special_Char COUNT FAILED
b'19\n'
b'12\n'
FAIL: : ...Special_Char COUNT FAILED
TC:TC_ID_14_5G_STA_INFO.log	 -	FAILED/FAILED/FAILED
COL_FAIL
/mnt/c/Users/Youvanesh/automation/cmdvalid/benchmark/24G_C2USR_RSTAT.log
b'20\n'
b'20\n'
PASS:= ...Special Char Count PASSED
b'3\n'
b'3\n'
PASS:- ...Special Char Count PASSED
b'7\n'
b'7\n'
PASS:: ...Special Char Count PASSED
TC:TC_ID_15_24G_C2USR_RSTAT.log	 -	PASSED/PASSED/PASSED
 | iwpriv rai0 copy_to_user radiostat	 	 	 	 | iwpriv rai0 copy_to_user radiostat	 	 	 	PASS
/mnt/c/Users/Youvanesh/automation/cmdvalid/output/Feb_9_13:43:15/compare_results.log
 | rai0      copy_to_user:	 	 	 	 | rai0      copy_to_user:	 	 	 	PASS
/mnt/c/Users/Youvanesh/automation/cmdvalid/output/Feb_9_13:43:15/compare_results.log
 | ------------------BAND:0-----------------------	 	 	 	 | ------------------BAND:0-----------------------	 	 	 	PASS
/mnt/c/Users/Youvanesh/automation/cmdvalid/output/Feb_9_13:43:15/compare_results.log
 | TxDataPacketCnt     = 272015	 	 	 	 | TxDataPacketCnt     = 22992	 	 	 	PASS
/mnt/c/Users/Youvanesh/automation/cmdvalid/output/Feb_9_13:43:15/compare_results.log
 | TxDataPacketByte    = 90345261	 	 	 	 | TxDataPacketByte    = 12223497	 	 	 	PASS
/mnt/c/Users/Youvanesh/automation/cmdvalid/output/Feb_9_13:43:15/compare_results.log
 | RxDataPacketCnt     = 234600	 	 	 	 | RxDataPacketCnt     = 21138	 	 	 	PASS
/mnt/c/Users/Youvanesh/automation/cmdvalid/output/Feb_9_13:43:15/compare_results.log
 | RxDataPacketByte    = 75239318	 	 	 	 | RxDataPacketByte    = 5436513	 	 	 	PASS
/mnt/c/Users/Youvanesh/automation/cmdvalid/output/Feb_9_13:43:15/compare_results.log
 | TxMgmtPacketCnt     = 1688	 	 	 	 | TxMgmtPacketCnt     = 45	 	 	 	PASS
/mnt/c/Users/Youvanesh/automation/cmdvalid/output/Feb_9_13:43:15/compare_results.log
 | RxMgmtPacketCnt     = 1397	 	 	 	 | RxMgmtPacketCnt     = 30	 	 	 	PASS
/mnt/c/Users/Youvanesh/automation/cmdvalid/output/Feb_9_13:43:15/compare_results.log
 | TxBcnPacketCnt      = 241416	 	 	 	 | TxBcnPacketCnt      = 128148	 	 	 	PASS
/mnt/c/Users/Youvanesh/automation/cmdvalid/output/Feb_9_13:43:15/compare_results.log
 | ucPktsTx            = 209706	 	 	 	 | ucPktsTx            = 21141	 	 	 	PASS
/mnt/c/Users/Youvanesh/automation/cmdvalid/output/Feb_9_13:43:15/compare_results.log
 | mcPktsTx            = 3934	 	 	 	 | mcPktsTx            = 1851	 	 	 	PASS
/mnt/c/Users/Youvanesh/automation/cmdvalid/output/Feb_9_13:43:15/compare_results.log
 | bcPktsTx            = 58375	 	 	 	 | bcPktsTx            = 0	 	 	 	PASS
/mnt/c/Users/Youvanesh/automation/cmdvalid/output/Feb_9_13:43:15/compare_results.log
 | TxDroppedPacketCnt  = 0	 	 	 	 | TxDroppedPacketCnt  = 0	 	 	 	PASS
/mnt/c/Users/Youvanesh/automation/cmdvalid/output/Feb_9_13:43:15/compare_results.log
 | ChannelUtilization  = 0	 	 	 	 | ChannelUtilization  = 0	 	 	 	PASS
/mnt/c/Users/Youvanesh/automation/cmdvalid/output/Feb_9_13:43:15/compare_results.log
 | RxCRCErrorCount     = 0	 	 	 	 | RxCRCErrorCount     = 0	 	 	 	PASS
/mnt/c/Users/Youvanesh/automation/cmdvalid/output/Feb_9_13:43:15/compare_results.log
 | RxMICErrorCount     = 0	 	 	 	 | RxMICErrorCount     = 0	 	 	 	PASS
/mnt/c/Users/Youvanesh/automation/cmdvalid/output/Feb_9_13:43:15/compare_results.log
 | RxDecyptionErrorCnt = 1	 	 	 	 | RxDecyptionErrorCnt = 0	 	 	 	PASS
/mnt/c/Users/Youvanesh/automation/cmdvalid/output/Feb_9_13:43:15/compare_results.log
 | RxTotalErrorCnt     = 1	 	 	 	 | RxTotalErrorCnt     = 0	 	 	 	PASS
/mnt/c/Users/Youvanesh/automation/cmdvalid/output/Feb_9_13:43:15/compare_results.log
 | ThroughPut(TX Kbps)     = 0	 	 	 	 | ThroughPut(TX Kbps)     = 0	 	 	 	PASS
/mnt/c/Users/Youvanesh/automation/cmdvalid/output/Feb_9_13:43:15/compare_results.log
 | ThroughPut(RX Kbps)     = 0	 	 	 	 | ThroughPut(RX Kbps)     = 0	 	 	 	PASS
/mnt/c/Users/Youvanesh/automation/cmdvalid/output/Feb_9_13:43:15/compare_results.log
 | PER(pct from start)     = 0	 	 	 	 | PER(pct from start)     = 0	 	 	 	PASS
/mnt/c/Users/Youvanesh/automation/cmdvalid/output/Feb_9_13:43:15/compare_results.log
 | Total PER(Last Sec)     = 0	 	 	 	 | Total PER(Last Sec)     = 0	 	 	 	PASS
/mnt/c/Users/Youvanesh/automation/cmdvalid/output/Feb_9_13:43:15/compare_results.log
 | Data                            BK              BE              VI              VO	 	 	 	 | Data                            BK              BE              VI              VO	 	 	 	PASS
/mnt/c/Users/Youvanesh/automation/cmdvalid/output/Feb_9_13:43:15/compare_results.log
 | Packets Sent    :           127865          131622           12358             170	 	 	 	 | Packets Sent    :             2088           17421            3483               0	 	 	 	PASS
/mnt/c/Users/Youvanesh/automation/cmdvalid/output/Feb_9_13:43:15/compare_results.log
 | Packets Rcvd    :               25          234422              78              75	 	 	 	 | Packets Rcvd    :                1           21123               0              14	 	 	 	PASS
/mnt/c/Users/Youvanesh/automation/cmdvalid/output/Feb_9_13:43:15/compare_results.log
 | RSSI                             0               1               2               3	 	 	 	 | RSSI                             0               1               2               3	 	 	 	PASS
/mnt/c/Users/Youvanesh/automation/cmdvalid/output/Feb_9_13:43:15/compare_results.log
 | Data Rx         :                -99               -99               -99               -99	 	 	 	 | Data Rx         :                -99               -99               -99               -99	 	 	 	PASS
/mnt/c/Users/Youvanesh/automation/cmdvalid/output/Feb_9_13:43:15/compare_results.log
 | --------------------------------------------------------------	 	 	 	 | --------------------------------------------------------------	 	 	 	PASS
/mnt/c/Users/Youvanesh/automation/cmdvalid/output/Feb_9_13:43:15/compare_results.log
 | # exit	 	 	 	 | # exit	 	 	 	PASS
/mnt/c/Users/Youvanesh/automation/cmdvalid/output/Feb_9_13:43:15/compare_results.log
TRUE
/mnt/c/Users/Youvanesh/automation/cmdvalid/benchmark/24G_C2USR_MBSS.log
b'0\n'
b'0\n'
PASS:= ...Special Char Count PASSED
b'0\n'
b'0\n'
PASS:- ...Special Char Count PASSED
b'20\n'
b'20\n'
PASS:: ...Special Char Count PASSED
TC:TC_ID_16_24G_C2USR_MBSS.log	 -	PASSED/PASSED/PASSED
 | iwpriv ra0 copy_to_user get_mbssinfo	 	 	 	 | iwpriv ra0 copy_to_user get_mbssinfo	 	 	 	PASS
/mnt/c/Users/Youvanesh/automation/cmdvalid/output/Feb_9_13:43:15/compare_results.log
 | ra0       copy_to_user:	 	 	 	 | ra0       copy_to_user:	 	 	 	PASS
/mnt/c/Users/Youvanesh/automation/cmdvalid/output/Feb_9_13:43:15/compare_results.log
 | 	 	 	 	 | 	 	 	 	PASS
/mnt/c/Users/Youvanesh/automation/cmdvalid/output/Feb_9_13:43:15/compare_results.log
 | *******************show mbss proc start*******************	 	 	 	 | *******************show mbss proc start*******************	 	 	 	PASS
/mnt/c/Users/Youvanesh/automation/cmdvalid/output/Feb_9_13:43:15/compare_results.log
 | TX Data Packets         :                  397164	 	 	 	 | TX Data Packets         :                  338984	 	 	 	PASS
/mnt/c/Users/Youvanesh/automation/cmdvalid/output/Feb_9_13:43:15/compare_results.log
 | RX Data Packets         :                   41965	 	 	 	 | RX Data Packets         :                  101453	 	 	 	PASS
/mnt/c/Users/Youvanesh/automation/cmdvalid/output/Feb_9_13:43:15/compare_results.log
 | TX Data Bytes           :               145037873	 	 	 	 | TX Data Bytes           :               477847101	 	 	 	PASS
/mnt/c/Users/Youvanesh/automation/cmdvalid/output/Feb_9_13:43:15/compare_results.log
 | RX Data Bytes           :                 6753057	 	 	 	 | RX Data Bytes           :                12319045	 	 	 	PASS
/mnt/c/Users/Youvanesh/automation/cmdvalid/output/Feb_9_13:43:15/compare_results.log
 | TX Unicast Packets      :                  106763	 	 	 	 | TX Unicast Packets      :                  335733	 	 	 	PASS
/mnt/c/Users/Youvanesh/automation/cmdvalid/output/Feb_9_13:43:15/compare_results.log
 | RX Unicast Packets      :                   40767	 	 	 	 | RX Unicast Packets      :                  101235	 	 	 	PASS
/mnt/c/Users/Youvanesh/automation/cmdvalid/output/Feb_9_13:43:15/compare_results.log
 | TX Broadcast Packets    :                  282303	 	 	 	 | TX Broadcast Packets    :                    1189	 	 	 	PASS
/mnt/c/Users/Youvanesh/automation/cmdvalid/output/Feb_9_13:43:15/compare_results.log
 | RX Broadcast Packets    :                      55	 	 	 	 | RX Broadcast Packets    :                      10	 	 	 	PASS
/mnt/c/Users/Youvanesh/automation/cmdvalid/output/Feb_9_13:43:15/compare_results.log
 | TX Multicast Packets    :                    8098	 	 	 	 | TX Multicast Packets    :                    2062	 	 	 	PASS
/mnt/c/Users/Youvanesh/automation/cmdvalid/output/Feb_9_13:43:15/compare_results.log
 | RX Multicast Packets    :                    1143	 	 	 	 | RX Multicast Packets    :                     208	 	 	 	PASS
/mnt/c/Users/Youvanesh/automation/cmdvalid/output/Feb_9_13:43:15/compare_results.log
 | TX Failures Packets     :                       0	 	 	 	 | TX Failures Packets     :                       0	 	 	 	PASS
/mnt/c/Users/Youvanesh/automation/cmdvalid/output/Feb_9_13:43:15/compare_results.log
 | RX Failures Packets     :                       0	 	 	 	 | RX Failures Packets     :                       5	 	 	 	PASS
/mnt/c/Users/Youvanesh/automation/cmdvalid/output/Feb_9_13:43:15/compare_results.log
 | TX Drop Packets         :                       0	 	 	 	 | TX Drop Packets         :                       0	 	 	 	PASS
/mnt/c/Users/Youvanesh/automation/cmdvalid/output/Feb_9_13:43:15/compare_results.log
 | RX Drop Packets         :                       0	 	 	 	 | RX Drop Packets         :                       5	 	 	 	PASS
/mnt/c/Users/Youvanesh/automation/cmdvalid/output/Feb_9_13:43:15/compare_results.log
 | TXBcnPacketCnt          :                  297579	 	 	 	 | TXBcnPacketCnt          :                  158055	 	 	 	PASS
/mnt/c/Users/Youvanesh/automation/cmdvalid/output/Feb_9_13:43:15/compare_results.log
 | 	 	 	 	 | 	 	 	 	PASS
/mnt/c/Users/Youvanesh/automation/cmdvalid/output/Feb_9_13:43:15/compare_results.log
 | Show WMM Stat	 	 	 	 | Show WMM Stat	 	 	 	PASS
/mnt/c/Users/Youvanesh/automation/cmdvalid/output/Feb_9_13:43:15/compare_results.log
 | Data                    BK              BE              VI              VO	 	 	 	 | Data                    BK              BE              VI              VO	 	 	 	PASS
/mnt/c/Users/Youvanesh/automation/cmdvalid/output/Feb_9_13:43:15/compare_results.log
 | Packets Sent:           62          104793            1908               0	 	 	 	 | Packets Sent:            0          333220            2513               0	 	 	 	PASS
/mnt/c/Users/Youvanesh/automation/cmdvalid/output/Feb_9_13:43:15/compare_results.log
 | Packets Rcvd:            0           41732              11             222	 	 	 	 | Packets Rcvd:            0          101417               0              36	 	 	 	PASS
/mnt/c/Users/Youvanesh/automation/cmdvalid/output/Feb_9_13:43:15/compare_results.log
 | 	 	 	 	 | 	 	 	 	PASS
/mnt/c/Users/Youvanesh/automation/cmdvalid/output/Feb_9_13:43:15/compare_results.log
 | *******************show mbss proc end*******************	 	 	 	 | *******************show mbss proc end*******************	 	 	 	PASS
/mnt/c/Users/Youvanesh/automation/cmdvalid/output/Feb_9_13:43:15/compare_results.log
 | 	 	 	 	 | 	 	 	 	PASS
/mnt/c/Users/Youvanesh/automation/cmdvalid/output/Feb_9_13:43:15/compare_results.log
 | # exit	 	 	 	 | # exit	 	 	 	PASS
/mnt/c/Users/Youvanesh/automation/cmdvalid/output/Feb_9_13:43:15/compare_results.log
TRUE
/mnt/c/Users/Youvanesh/automation/cmdvalid/benchmark/5G_C2USR_MBSS.log
b'0\n'
b'0\n'
PASS:= ...Special Char Count PASSED
b'2\n'
b'2\n'
PASS:- ...Special Char Count PASSED
b'31\n'
b'31\n'
PASS:: ...Special Char Count PASSED
TC:TC_ID_17_5G_C2USR_MBSS.log	 -	PASSED/PASSED/PASSED
 | iwpriv rai0 copy_to_user get_mbssinfo	 	 	 	 | iwpriv rai0 copy_to_user get_mbssinfo	 	 	 	PASS
/mnt/c/Users/Youvanesh/automation/cmdvalid/output/Feb_9_13:43:15/compare_results.log
 | rai0      copy_to_user:	 	 	 	 | rai0      copy_to_user:	 	 	 	PASS
/mnt/c/Users/Youvanesh/automation/cmdvalid/output/Feb_9_13:43:15/compare_results.log
 | ------------------BSS:0-----------------------	 	 	 	 | ------------------BSS:0-----------------------	 	 	 	PASS
/mnt/c/Users/Youvanesh/automation/cmdvalid/output/Feb_9_13:43:15/compare_results.log
 | TxDataPacketCnt     : 204937	 	 	 	 | TxDataPacketCnt     : 23029	 	 	 	PASS
/mnt/c/Users/Youvanesh/automation/cmdvalid/output/Feb_9_13:43:15/compare_results.log
 | TxDataPacketByte    : 84891382	 	 	 	 | TxDataPacketByte    : 12228446	 	 	 	PASS
/mnt/c/Users/Youvanesh/automation/cmdvalid/output/Feb_9_13:43:15/compare_results.log
 | TxDataPayloadByte   : 82022264	 	 	 	 | TxDataPayloadByte   : 11906040	 	 	 	PASS
/mnt/c/Users/Youvanesh/automation/cmdvalid/output/Feb_9_13:43:15/compare_results.log
 | RxDataPacketCnt     : 224134	 	 	 	 | RxDataPacketCnt     : 21187	 	 	 	PASS
/mnt/c/Users/Youvanesh/automation/cmdvalid/output/Feb_9_13:43:15/compare_results.log
 | RxDataPacketByte    : 72480773	 	 	 	 | RxDataPacketByte    : 5440095	 	 	 	PASS
/mnt/c/Users/Youvanesh/automation/cmdvalid/output/Feb_9_13:43:15/compare_results.log
 | RxDataPayloadByte   : 69342897	 	 	 	 | RxDataPayloadByte   : 5143477	 	 	 	PASS
/mnt/c/Users/Youvanesh/automation/cmdvalid/output/Feb_9_13:43:15/compare_results.log
 | TxMgmtPacketCnt     : 133	 	 	 	 | TxMgmtPacketCnt     : 45	 	 	 	PASS
/mnt/c/Users/Youvanesh/automation/cmdvalid/output/Feb_9_13:43:15/compare_results.log
 | TxMgffChlPktCnt     : 0	 	 	 	 | TxMgffChlPktCnt     : 0	 	 	 	PASS
/mnt/c/Users/Youvanesh/automation/cmdvalid/output/Feb_9_13:43:15/compare_results.log
 | RxMgmtPacketCnt     : 79	 	 	 	 | RxMgmtPacketCnt     : 30	 	 	 	PASS
/mnt/c/Users/Youvanesh/automation/cmdvalid/output/Feb_9_13:43:15/compare_results.log
 | ucPktsTx            : 202009	 	 	 	 | ucPktsTx            : 21178	 	 	 	PASS
/mnt/c/Users/Youvanesh/automation/cmdvalid/output/Feb_9_13:43:15/compare_results.log
 | ucPktsRx            : 224134	 	 	 	 | ucPktsRx            : 21187	 	 	 	PASS
/mnt/c/Users/Youvanesh/automation/cmdvalid/output/Feb_9_13:43:15/compare_results.log
 | mcPktsTx            : 2928	 	 	 	 | mcPktsTx            : 1851	 	 	 	PASS
/mnt/c/Users/Youvanesh/automation/cmdvalid/output/Feb_9_13:43:15/compare_results.log
 | bcPktsTx            : 0	 	 	 	 | bcPktsTx            : 0	 	 	 	PASS
/mnt/c/Users/Youvanesh/automation/cmdvalid/output/Feb_9_13:43:15/compare_results.log
 | TxDroppedPacketCnt  : 0	 	 	 	 | TxDroppedPacketCnt  : 0	 	 	 	PASS
/mnt/c/Users/Youvanesh/automation/cmdvalid/output/Feb_9_13:43:15/compare_results.log
 | RxDroppedPacketCnt  : 22002	 	 	 	 | RxDroppedPacketCnt  : 2650	 	 	 	PASS
/mnt/c/Users/Youvanesh/automation/cmdvalid/output/Feb_9_13:43:15/compare_results.log
 | AverageTXRate(Kbps) : 0	 	 	 	 | AverageTXRate(Kbps) : 0	 	 	 	PASS
/mnt/c/Users/Youvanesh/automation/cmdvalid/output/Feb_9_13:43:15/compare_results.log
 | AverageRXRate(Kbps) : 0	 	 	 	 | AverageRXRate(Kbps) : 0	 	 	 	PASS
/mnt/c/Users/Youvanesh/automation/cmdvalid/output/Feb_9_13:43:15/compare_results.log
 | PER (pcnt)          : 0	 	 	 	 | PER (pcnt)          : 0	 	 	 	PASS
/mnt/c/Users/Youvanesh/automation/cmdvalid/output/Feb_9_13:43:15/compare_results.log
 | TxRetriedPktCnt     : 0	 	 	 	 | TxRetriedPktCnt     : 0	 	 	 	PASS
/mnt/c/Users/Youvanesh/automation/cmdvalid/output/Feb_9_13:43:15/compare_results.log
 | RxMICErrorCount     : 0	 	 	 	 | RxMICErrorCount     : 0	 	 	 	PASS
/mnt/c/Users/Youvanesh/automation/cmdvalid/output/Feb_9_13:43:15/compare_results.log
 | RxDecryptionErrorCnt: 0	 	 	 	 | RxDecryptionErrorCnt: 0	 	 	 	PASS
/mnt/c/Users/Youvanesh/automation/cmdvalid/output/Feb_9_13:43:15/compare_results.log
 | MbssLastTxPktRate   : 780	 	 	 	 | MbssLastTxPktRate   : 866	 	 	 	PASS
/mnt/c/Users/Youvanesh/automation/cmdvalid/output/Feb_9_13:43:15/compare_results.log
 | MbssLastTxPktMCS    : 25	 	 	 	 | MbssLastTxPktMCS    : 25	 	 	 	PASS
/mnt/c/Users/Youvanesh/automation/cmdvalid/output/Feb_9_13:43:15/compare_results.log
 | MulitcastLastTxRate  : 24	 	 	 	 | MulitcastLastTxRate  : 24	 	 	 	PASS
/mnt/c/Users/Youvanesh/automation/cmdvalid/output/Feb_9_13:43:15/compare_results.log
 | MulitcastLastTxMCS   : 4	 	 	 	 | MulitcastLastTxMCS   : 4	 	 	 	PASS
/mnt/c/Users/Youvanesh/automation/cmdvalid/output/Feb_9_13:43:15/compare_results.log
 | Data                            BK              BE              VI              VO	 	 	 	 | Data                            BK              BE              VI              VO	 	 	 	PASS
/mnt/c/Users/Youvanesh/automation/cmdvalid/output/Feb_9_13:43:15/compare_results.log
 | Packets Sent    :           126539           66047           12347               4	 	 	 	 | Packets Sent    :             2092           17454            3484               0	 	 	 	PASS
/mnt/c/Users/Youvanesh/automation/cmdvalid/output/Feb_9_13:43:15/compare_results.log
 | Packets Rcvd    :               17          223985              78              54	 	 	 	 | Packets Rcvd    :                1           21173               0              14	 	 	 	PASS
/mnt/c/Users/Youvanesh/automation/cmdvalid/output/Feb_9_13:43:15/compare_results.log
 | ----------------------------------------------	 	 	 	 | ----------------------------------------------	 	 	 	PASS
/mnt/c/Users/Youvanesh/automation/cmdvalid/output/Feb_9_13:43:15/compare_results.log
 | 	 	 	 	 | 	 	 	 	PASS
/mnt/c/Users/Youvanesh/automation/cmdvalid/output/Feb_9_13:43:15/compare_results.log
 | # exit	 	 	 	 | # exit	 	 	 	PASS
/mnt/c/Users/Youvanesh/automation/cmdvalid/output/Feb_9_13:43:15/compare_results.log
TRUE
[]
['Device_SN', 'ERM_VERSION', 'FIRMWARE_VERSION', '24G_RA0_DEVINFO', '5G_RAI0_DEVINFO', '24G_RA0_STATINFO', '5G_RAI0_STATINFO', '24G_RA0_GET_STA_LIST', '5G_RAI0_24G_RA0_GET_STA_LIST', 'WLM_APCLII0_DEVCONNSTATUS', '24G_RA0_CLICOUNT', '24G_RA0_CLI_INFO', '24G_STA_INFO', '5G_STA_INFO', '24G_C2USR_RSTAT', '24G_C2USR_MBSS', '5G_C2USR_MBSS']
[True, 'en7561_AA_P_1.1.2.39_FAIL', 'AME4221SR_R2.2_FAIL', True, True, True, True, True, True, True, True, 'COL_FAIL', 'COL_FAIL', True, True, True]
TC:1	 -	 Device_SN 	 	 True  
TC:2	 -	 ERM_VERSION 	 	 en7561_AA_P_1.1.2.39_FAIL  
TC:3	 -	 FIRMWARE_VERSION 	 	 AME4221SR_R2.2_FAIL  
TC:4	 -	 24G_RA0_DEVINFO 	 	 True  
TC:5	 -	 5G_RAI0_DEVINFO 	 	 True  
TC:6	 -	 24G_RA0_STATINFO 	 	 True  
TC:7	 -	 5G_RAI0_STATINFO 	 	 True  
TC:8	 -	 24G_RA0_GET_STA_LIST 	 	 True  
TC:9	 -	 5G_RAI0_24G_RA0_GET_STA_LIST 	 	 True  
TC:10	 -	 WLM_APCLII0_DEVCONNSTATUS 	 	 True  
TC:11	 -	 24G_RA0_CLICOUNT 	 	 True  
TC:12	 -	 24G_RA0_CLI_INFO 	 	 COL_FAIL  
TC:13	 -	 24G_STA_INFO 	 	 COL_FAIL  
TC:14	 -	 5G_STA_INFO 	 	 True  
TC:15	 -	 24G_C2USR_RSTAT 	 	 True  
TC:16	 -	 24G_C2USR_MBSS 	 	 True  
