['Device_SN', 'ERM_VERSION', 'FIRMWARE_VERSION', '24G_RA0_DEVINFO', '5G_RAI0_DEVINFO', '24G_RA0_STATINFO', '5G_RAI0_STATINFO', '24G_RA0_GET_STA_LIST', '5G_RAI0_GET_STA_LIST', '24G_RA0_GET_STA_LIST', 'WLM_APCLII0_DEVCONNSTATUS', '24G_RA0_CLICOUNT', '24G_RA0_CLI_INFO', '24G_STA_INFO', '5G_STA_INFO', '5G_C2USR_RSTAT', '24G_C2USR_MBSS', '5G_C2USR_MBSS']
/mnt/c/Users/Youvanesh/automation/cmdvalid
/mnt/c/Users/Youvanesh/automation/cmdvalid/benchmark/GPON
Results are stored at dir 
 /mnt/c/Users/Youvanesh/automation/cmdvalid/output 
 /mnt/c/Users/Youvanesh/automation/cmdvalid/output/Feb_9_20:07:48
b client updated to cmdlist
a client updated to cmdlist
Full script is executed
[]
['cat /tmp/sn', 'cat /tmp/erm/version', 'cat /tmp/fw_ver', 'iwpriv ra0 copy_to_user devinfo', 'iwpriv rai0 copy_to_user devinfo', 'iwpriv ra0 copy_to_user statinfo', 'iwpriv rai0 copy_to_user statinfo', 'iwpriv ra0 copy_to_user get_stalist', 'iwpriv rai0 copy_to_user get_stalist', 'iwpriv ra0 copy_to_user get_stalist', 'iwpriv apclii0 copy_to_user devconnStatus', 'iwpriv ra0 copy_to_user clientcountinfo', 'iwpriv ra0 copy_to_user clientinfo', 'iwpriv ra0 copy_to_user get_stainfo=6e:17:9a:f8:21:b5', 'iwpriv rai0 copy_to_user get_stainfo=08:71:90:1B:31:6D', 'iwpriv rai0 copy_to_user radiostat', 'iwpriv ra0 copy_to_user get_mbssinfo', 'iwpriv rai0 copy_to_user get_mbssinfo']
['Device_SN', 'ERM_VERSION', 'FIRMWARE_VERSION', '24G_RA0_DEVINFO', '5G_RAI0_DEVINFO', '24G_RA0_STATINFO', '5G_RAI0_STATINFO', '24G_RA0_GET_STA_LIST', '5G_RAI0_GET_STA_LIST', '24G_RA0_GET_STA_LIST', 'WLM_APCLII0_DEVCONNSTATUS', '24G_RA0_CLICOUNT', '24G_RA0_CLI_INFO', '24G_STA_INFO', '5G_STA_INFO', '5G_C2USR_RSTAT', '24G_C2USR_MBSS', '5G_C2USR_MBSS']
/mnt/c/Users/Youvanesh/automation/cmdvalid/benchmark/GPON/Device_SN.log
b'0\n'
b'0\n'
PASS:= ...Special Char Count PASSED
b'0\n'
b'0\n'
PASS:- ...Special Char Count PASSED
b'2\n'
b'2\n'
PASS:: ...Special Char Count PASSED
TC:TC_ID_1_Device_SN.log	 -	PASSED/PASSED/PASSED
 | cat /tmp/sn	 	 	 	 | cat /tmp/sn	 	 	 	PASS
/mnt/c/Users/Youvanesh/automation/cmdvalid/output/Feb_9_20:07:48/compare_results.log
 | SROT2A000057	 	 	 	 | SROT2A000057	 	 	 	PASS
/mnt/c/Users/Youvanesh/automation/cmdvalid/output/Feb_9_20:07:48/compare_results.log
 | # exit	 	 	 	 | # exit	 	 	 	PASS
/mnt/c/Users/Youvanesh/automation/cmdvalid/output/Feb_9_20:07:48/compare_results.log
TRUE
/mnt/c/Users/Youvanesh/automation/cmdvalid/benchmark/GPON/ERM_VERSION.log
b'0\n'
b'0\n'
PASS:= ...Special Char Count PASSED
b'0\n'
b'0\n'
PASS:- ...Special Char Count PASSED
b'2\n'
b'2\n'
PASS:: ...Special Char Count PASSED
TC:TC_ID_2_ERM_VERSION.log	 -	PASSED/PASSED/PASSED
 | cat /tmp/erm/version	 	 	 	 | cat /tmp/erm/version	 	 	 	PASS
/mnt/c/Users/Youvanesh/automation/cmdvalid/output/Feb_9_20:07:48/compare_results.log
 | en7528_AA_PNS_1.1.2.31	 	 	 	 | en7528_AA_PNS_1.1.2.31	 	 	 	PASS
/mnt/c/Users/Youvanesh/automation/cmdvalid/output/Feb_9_20:07:48/compare_results.log
 | # exit	 	 	 	 | # exit	 	 	 	PASS
/mnt/c/Users/Youvanesh/automation/cmdvalid/output/Feb_9_20:07:48/compare_results.log
TRUE
/mnt/c/Users/Youvanesh/automation/cmdvalid/benchmark/GPON/FIRMWARE_VERSION.log
b'0\n'
b'0\n'
PASS:= ...Special Char Count PASSED
b'0\n'
b'0\n'
PASS:- ...Special Char Count PASSED
b'2\n'
b'2\n'
PASS:: ...Special Char Count PASSED
TC:TC_ID_3_FIRMWARE_VERSION.log	 -	PASSED/PASSED/PASSED
 | cat /tmp/fw_ver	 	 	 	 | cat /tmp/fw_ver	 	 	 	PASS
/mnt/c/Users/Youvanesh/automation/cmdvalid/output/Feb_9_20:07:48/compare_results.log
 | AOT4221SR_R2.0	 	 	 	 | AOT4221SR_R2.0	 	 	 	PASS
/mnt/c/Users/Youvanesh/automation/cmdvalid/output/Feb_9_20:07:48/compare_results.log
 | # exit	 	 	 	 | # exit	 	 	 	PASS
/mnt/c/Users/Youvanesh/automation/cmdvalid/output/Feb_9_20:07:48/compare_results.log
TRUE
/mnt/c/Users/Youvanesh/automation/cmdvalid/benchmark/GPON/24G_RA0_DEVINFO.log
benchmark file missing
/mnt/c/Users/Youvanesh/automation/cmdvalid/benchmark/GPON/5G_RAI0_DEVINFO.log
benchmark file missing
/mnt/c/Users/Youvanesh/automation/cmdvalid/benchmark/GPON/24G_RA0_STATINFO.log
b'74\n'
b'74\n'
PASS:= ...Special Char Count PASSED
b'9\n'
b'9\n'
PASS:- ...Special Char Count PASSED
b'9\n'
b'9\n'
PASS:: ...Special Char Count PASSED
TC:TC_ID_6_24G_RA0_STATINFO.log	 -	PASSED/PASSED/PASSED
 | iwpriv ra0 copy_to_user statinfo	 	 	 	 | iwpriv ra0 copy_to_user statinfo	 	 	 	PASS
/mnt/c/Users/Youvanesh/automation/cmdvalid/output/Feb_9_20:07:48/compare_results.log
 | ra0       copy_to_user:	 	 	 	 | ra0       copy_to_user:	 	 	 	PASS
/mnt/c/Users/Youvanesh/automation/cmdvalid/output/Feb_9_20:07:48/compare_results.log
 | TransmitCountFromOS = 12	 	 	 	 | TransmitCountFromOS = 0	 	 	 	PASS
/mnt/c/Users/Youvanesh/automation/cmdvalid/output/Feb_9_20:07:48/compare_results.log
 | TransmittedFragmentCount = 6	 	 	 	 | TransmittedFragmentCount = 0	 	 	 	PASS
/mnt/c/Users/Youvanesh/automation/cmdvalid/output/Feb_9_20:07:48/compare_results.log
 | MulticastTransmittedFrameCount = 6	 	 	 	 | MulticastTransmittedFrameCount = 0	 	 	 	PASS
/mnt/c/Users/Youvanesh/automation/cmdvalid/output/Feb_9_20:07:48/compare_results.log
 | FailedCount = 0	 	 	 	 | FailedCount = 0	 	 	 	PASS
/mnt/c/Users/Youvanesh/automation/cmdvalid/output/Feb_9_20:07:48/compare_results.log
 | RetryCount = 0	 	 	 	 | RetryCount = 0	 	 	 	PASS
/mnt/c/Users/Youvanesh/automation/cmdvalid/output/Feb_9_20:07:48/compare_results.log
 | MultipleRetryCount = 0	 	 	 	 | MultipleRetryCount = 0	 	 	 	PASS
/mnt/c/Users/Youvanesh/automation/cmdvalid/output/Feb_9_20:07:48/compare_results.log
 | RTSSuccessCount = 0	 	 	 	 | RTSSuccessCount = 0	 	 	 	PASS
/mnt/c/Users/Youvanesh/automation/cmdvalid/output/Feb_9_20:07:48/compare_results.log
 | RTSFailureCount = 0	 	 	 	 | RTSFailureCount = 0	 	 	 	PASS
/mnt/c/Users/Youvanesh/automation/cmdvalid/output/Feb_9_20:07:48/compare_results.log
 | ACKFailureCount = 0	 	 	 	 | ACKFailureCount = 0	 	 	 	PASS
/mnt/c/Users/Youvanesh/automation/cmdvalid/output/Feb_9_20:07:48/compare_results.log
 | FrameDuplicateCount = 0	 	 	 	 | FrameDuplicateCount = 0	 	 	 	PASS
/mnt/c/Users/Youvanesh/automation/cmdvalid/output/Feb_9_20:07:48/compare_results.log
 | ReceivedFragmentCount = 1050	 	 	 	 | ReceivedFragmentCount = 177	 	 	 	PASS
/mnt/c/Users/Youvanesh/automation/cmdvalid/output/Feb_9_20:07:48/compare_results.log
 | MulticastReceivedFrameCount = 0	 	 	 	 | MulticastReceivedFrameCount = 0	 	 	 	PASS
/mnt/c/Users/Youvanesh/automation/cmdvalid/output/Feb_9_20:07:48/compare_results.log
 | Rx drop due to out of resource  = 0	 	 	 	 | Rx drop due to out of resource  = 0	 	 	 	PASS
/mnt/c/Users/Youvanesh/automation/cmdvalid/output/Feb_9_20:07:48/compare_results.log
 | RealFcsErrCount = 303	 	 	 	 | RealFcsErrCount = 30	 	 	 	PASS
/mnt/c/Users/Youvanesh/automation/cmdvalid/output/Feb_9_20:07:48/compare_results.log
 | FCSErrorCount = 303	 	 	 	 | FCSErrorCount = 30	 	 	 	PASS
/mnt/c/Users/Youvanesh/automation/cmdvalid/output/Feb_9_20:07:48/compare_results.log
 | FrameDuplicateCount.LowPart = 0	 	 	 	 | FrameDuplicateCount.LowPart = 0	 	 	 	PASS
/mnt/c/Users/Youvanesh/automation/cmdvalid/output/Feb_9_20:07:48/compare_results.log
 | TransmittedFrameCount = 0	 	 	 	 | TransmittedFrameCount = 0	 	 	 	PASS
/mnt/c/Users/Youvanesh/automation/cmdvalid/output/Feb_9_20:07:48/compare_results.log
 | WEPUndecryptableCount = 0	 	 	 	 | WEPUndecryptableCount = 0	 	 	 	PASS
/mnt/c/Users/Youvanesh/automation/cmdvalid/output/Feb_9_20:07:48/compare_results.log
 | 	 	 	 	 | 	 	 	 	PASS
/mnt/c/Users/Youvanesh/automation/cmdvalid/output/Feb_9_20:07:48/compare_results.log
 | ===Some 11n statistics variables: 	 	 	 	 | ===Some 11n statistics variables: 	 	 	 	PASS
/mnt/c/Users/Youvanesh/automation/cmdvalid/output/Feb_9_20:07:48/compare_results.log
 | TxAMSDUCount = 0	 	 	 	 | TxAMSDUCount = 0	 	 	 	PASS
/mnt/c/Users/Youvanesh/automation/cmdvalid/output/Feb_9_20:07:48/compare_results.log
 | RxAMSDUCount = 0	 	 	 	 | RxAMSDUCount = 0	 	 	 	PASS
/mnt/c/Users/Youvanesh/automation/cmdvalid/output/Feb_9_20:07:48/compare_results.log
 | TransmittedAMPDUCount = 0	 	 	 	 | TransmittedAMPDUCount = 0	 	 	 	PASS
/mnt/c/Users/Youvanesh/automation/cmdvalid/output/Feb_9_20:07:48/compare_results.log
 | TransmittedMPDUsInAMPDUCount = 0	 	 	 	 | TransmittedMPDUsInAMPDUCount = 0	 	 	 	PASS
/mnt/c/Users/Youvanesh/automation/cmdvalid/output/Feb_9_20:07:48/compare_results.log
 | TransmittedOctetsInAMPDUCount = 0	 	 	 	 | TransmittedOctetsInAMPDUCount = 0	 	 	 	PASS
/mnt/c/Users/Youvanesh/automation/cmdvalid/output/Feb_9_20:07:48/compare_results.log
 | MPDUInReceivedAMPDUCount = 0	 	 	 	 | MPDUInReceivedAMPDUCount = 0	 	 	 	PASS
/mnt/c/Users/Youvanesh/automation/cmdvalid/output/Feb_9_20:07:48/compare_results.log
 | fAnyStaFortyIntolerant=0	 	 	 	 | fAnyStaFortyIntolerant=0	 	 	 	PASS
/mnt/c/Users/Youvanesh/automation/cmdvalid/output/Feb_9_20:07:48/compare_results.log
 | -- IF-ra0 -- 	 	 	 	 | -- IF-ra0 -- 	 	 	 	PASS
/mnt/c/Users/Youvanesh/automation/cmdvalid/output/Feb_9_20:07:48/compare_results.log
 | Packets Received = 1498	 	 	 	 | Packets Received = 3532	 	 	 	PASS
/mnt/c/Users/Youvanesh/automation/cmdvalid/output/Feb_9_20:07:48/compare_results.log
 | Packets Sent = 966	 	 	 	 | Packets Sent = 2196	 	 	 	PASS
/mnt/c/Users/Youvanesh/automation/cmdvalid/output/Feb_9_20:07:48/compare_results.log
 | Bytes Received = 267216	 	 	 	 | Bytes Received = 442842	 	 	 	PASS
/mnt/c/Users/Youvanesh/automation/cmdvalid/output/Feb_9_20:07:48/compare_results.log
 | Byte Sent = 488991	 	 	 	 | Byte Sent = 1503440	 	 	 	PASS
/mnt/c/Users/Youvanesh/automation/cmdvalid/output/Feb_9_20:07:48/compare_results.log
 | Error Packets Received = 25	 	 	 	 | Error Packets Received = 222	 	 	 	PASS
/mnt/c/Users/Youvanesh/automation/cmdvalid/output/Feb_9_20:07:48/compare_results.log
 | Drop Received Packets = 587	 	 	 	 | Drop Received Packets = 2191	 	 	 	PASS
/mnt/c/Users/Youvanesh/automation/cmdvalid/output/Feb_9_20:07:48/compare_results.log
 | WscInfo:	 	 	 	 | WscInfo:	 	 	 	PASS
/mnt/c/Users/Youvanesh/automation/cmdvalid/output/Feb_9_20:07:48/compare_results.log
 |         WscConfMode=7	 	 	 	 |         WscConfMode=7	 	 	 	PASS
/mnt/c/Users/Youvanesh/automation/cmdvalid/output/Feb_9_20:07:48/compare_results.log
 |         WscMode=PIN	 	 	 	 |         WscMode=PIN	 	 	 	PASS
/mnt/c/Users/Youvanesh/automation/cmdvalid/output/Feb_9_20:07:48/compare_results.log
 |         WscConfStatus=2	 	 	 	 |         WscConfStatus=2	 	 	 	PASS
/mnt/c/Users/Youvanesh/automation/cmdvalid/output/Feb_9_20:07:48/compare_results.log
 |         WscPinCode=21506215	 	 	 	 |         WscPinCode=21506215	 	 	 	PASS
/mnt/c/Users/Youvanesh/automation/cmdvalid/output/Feb_9_20:07:48/compare_results.log
 |         WscState=0x0	 	 	 	 |         WscState=0x0	 	 	 	PASS
/mnt/c/Users/Youvanesh/automation/cmdvalid/output/Feb_9_20:07:48/compare_results.log
 |         WscStatus=0x1	 	 	 	 |         WscStatus=0x1	 	 	 	PASS
/mnt/c/Users/Youvanesh/automation/cmdvalid/output/Feb_9_20:07:48/compare_results.log
 | -- IF-ra0 end -- 	 	 	 	 | -- IF-ra0 end -- 	 	 	 	PASS
/mnt/c/Users/Youvanesh/automation/cmdvalid/output/Feb_9_20:07:48/compare_results.log
 | -- IF-ra1 -- 	 	 	 	 | -- IF-ra1 -- 	 	 	 	PASS
/mnt/c/Users/Youvanesh/automation/cmdvalid/output/Feb_9_20:07:48/compare_results.log
 | Packets Received = 0	 	 	 	 | Packets Received = 0	 	 	 	PASS
/mnt/c/Users/Youvanesh/automation/cmdvalid/output/Feb_9_20:07:48/compare_results.log
 | Packets Sent = 0	 	 	 	 | Packets Sent = 0	 	 	 	PASS
/mnt/c/Users/Youvanesh/automation/cmdvalid/output/Feb_9_20:07:48/compare_results.log
 | Bytes Received = 0	 	 	 	 | Bytes Received = 0	 	 	 	PASS
/mnt/c/Users/Youvanesh/automation/cmdvalid/output/Feb_9_20:07:48/compare_results.log
 | Byte Sent = 0	 	 	 	 | Byte Sent = 0	 	 	 	PASS
/mnt/c/Users/Youvanesh/automation/cmdvalid/output/Feb_9_20:07:48/compare_results.log
 | Error Packets Received = 0	 	 	 	 | Error Packets Received = 0	 	 	 	PASS
/mnt/c/Users/Youvanesh/automation/cmdvalid/output/Feb_9_20:07:48/compare_results.log
 | Drop Received Packets = 0	 	 	 	 | Drop Received Packets = 0	 	 	 	PASS
/mnt/c/Users/Youvanesh/automation/cmdvalid/output/Feb_9_20:07:48/compare_results.log
 | WscInfo:	 	 	 	 | WscInfo:	 	 	 	PASS
/mnt/c/Users/Youvanesh/automation/cmdvalid/output/Feb_9_20:07:48/compare_results.log
 |         WscConfMode=7	 	 	 	 |         WscConfMode=7	 	 	 	PASS
/mnt/c/Users/Youvanesh/automation/cmdvalid/output/Feb_9_20:07:48/compare_results.log
 |         WscMode=PIN	 	 	 	 |         WscMode=PIN	 	 	 	PASS
/mnt/c/Users/Youvanesh/automation/cmdvalid/output/Feb_9_20:07:48/compare_results.log
 |         WscConfStatus=2	 	 	 	 |         WscConfStatus=2	 	 	 	PASS
/mnt/c/Users/Youvanesh/automation/cmdvalid/output/Feb_9_20:07:48/compare_results.log
 |         WscPinCode=534697	 	 	 	 |         WscPinCode=534697	 	 	 	PASS
/mnt/c/Users/Youvanesh/automation/cmdvalid/output/Feb_9_20:07:48/compare_results.log
 |         WscState=0x0	 	 	 	 |         WscState=0x0	 	 	 	PASS
/mnt/c/Users/Youvanesh/automation/cmdvalid/output/Feb_9_20:07:48/compare_results.log
 |         WscStatus=0x1	 	 	 	 |         WscStatus=0x1	 	 	 	PASS
/mnt/c/Users/Youvanesh/automation/cmdvalid/output/Feb_9_20:07:48/compare_results.log
 | -- IF-ra1 end -- 	 	 	 	 | -- IF-ra1 end -- 	 	 	 	PASS
/mnt/c/Users/Youvanesh/automation/cmdvalid/output/Feb_9_20:07:48/compare_results.log
 | -- IF-ra2 -- 	 	 	 	 | -- IF-ra2 -- 	 	 	 	PASS
/mnt/c/Users/Youvanesh/automation/cmdvalid/output/Feb_9_20:07:48/compare_results.log
 | Packets Received = 0	 	 	 	 | Packets Received = 0	 	 	 	PASS
/mnt/c/Users/Youvanesh/automation/cmdvalid/output/Feb_9_20:07:48/compare_results.log
 | Packets Sent = 0	 	 	 	 | Packets Sent = 0	 	 	 	PASS
/mnt/c/Users/Youvanesh/automation/cmdvalid/output/Feb_9_20:07:48/compare_results.log
 | Bytes Received = 0	 	 	 	 | Bytes Received = 0	 	 	 	PASS
/mnt/c/Users/Youvanesh/automation/cmdvalid/output/Feb_9_20:07:48/compare_results.log
 | Byte Sent = 0	 	 	 	 | Byte Sent = 0	 	 	 	PASS
/mnt/c/Users/Youvanesh/automation/cmdvalid/output/Feb_9_20:07:48/compare_results.log
 | Error Packets Received = 0	 	 	 	 | Error Packets Received = 0	 	 	 	PASS
/mnt/c/Users/Youvanesh/automation/cmdvalid/output/Feb_9_20:07:48/compare_results.log
 | Drop Received Packets = 0	 	 	 	 | Drop Received Packets = 0	 	 	 	PASS
/mnt/c/Users/Youvanesh/automation/cmdvalid/output/Feb_9_20:07:48/compare_results.log
 | WscInfo:	 	 	 	 | WscInfo:	 	 	 	PASS
/mnt/c/Users/Youvanesh/automation/cmdvalid/output/Feb_9_20:07:48/compare_results.log
 |         WscConfMode=7	 	 	 	 |         WscConfMode=7	 	 	 	PASS
/mnt/c/Users/Youvanesh/automation/cmdvalid/output/Feb_9_20:07:48/compare_results.log
 |         WscMode=PIN	 	 	 	 |         WscMode=PIN	 	 	 	PASS
/mnt/c/Users/Youvanesh/automation/cmdvalid/output/Feb_9_20:07:48/compare_results.log
 |         WscConfStatus=1	 	 	 	 |         WscConfStatus=1	 	 	 	PASS
/mnt/c/Users/Youvanesh/automation/cmdvalid/output/Feb_9_20:07:48/compare_results.log
 |         WscPinCode=11020455	 	 	 	 |         WscPinCode=11020455	 	 	 	PASS
/mnt/c/Users/Youvanesh/automation/cmdvalid/output/Feb_9_20:07:48/compare_results.log
 |         WscState=0x0	 	 	 	 |         WscState=0x0	 	 	 	PASS
/mnt/c/Users/Youvanesh/automation/cmdvalid/output/Feb_9_20:07:48/compare_results.log
 |         WscStatus=0x1	 	 	 	 |         WscStatus=0x1	 	 	 	PASS
/mnt/c/Users/Youvanesh/automation/cmdvalid/output/Feb_9_20:07:48/compare_results.log
 | -- IF-ra2 end -- 	 	 	 	 | -- IF-ra2 end -- 	 	 	 	PASS
/mnt/c/Users/Youvanesh/automation/cmdvalid/output/Feb_9_20:07:48/compare_results.log
 | -- IF-ra3 -- 	 	 	 	 | -- IF-ra3 -- 	 	 	 	PASS
/mnt/c/Users/Youvanesh/automation/cmdvalid/output/Feb_9_20:07:48/compare_results.log
 | Packets Received = 0	 	 	 	 | Packets Received = 0	 	 	 	PASS
/mnt/c/Users/Youvanesh/automation/cmdvalid/output/Feb_9_20:07:48/compare_results.log
 | Packets Sent = 0	 	 	 	 | Packets Sent = 0	 	 	 	PASS
/mnt/c/Users/Youvanesh/automation/cmdvalid/output/Feb_9_20:07:48/compare_results.log
 | Bytes Received = 0	 	 	 	 | Bytes Received = 0	 	 	 	PASS
/mnt/c/Users/Youvanesh/automation/cmdvalid/output/Feb_9_20:07:48/compare_results.log
 | Byte Sent = 0	 	 	 	 | Byte Sent = 0	 	 	 	PASS
/mnt/c/Users/Youvanesh/automation/cmdvalid/output/Feb_9_20:07:48/compare_results.log
 | Error Packets Received = 0	 	 	 	 | Error Packets Received = 0	 	 	 	PASS
/mnt/c/Users/Youvanesh/automation/cmdvalid/output/Feb_9_20:07:48/compare_results.log
 | Drop Received Packets = 0	 	 	 	 | Drop Received Packets = 0	 	 	 	PASS
/mnt/c/Users/Youvanesh/automation/cmdvalid/output/Feb_9_20:07:48/compare_results.log
 | WscInfo:	 	 	 	 | WscInfo:	 	 	 	PASS
/mnt/c/Users/Youvanesh/automation/cmdvalid/output/Feb_9_20:07:48/compare_results.log
 |         WscConfMode=7	 	 	 	 |         WscConfMode=7	 	 	 	PASS
/mnt/c/Users/Youvanesh/automation/cmdvalid/output/Feb_9_20:07:48/compare_results.log
 |         WscMode=PIN	 	 	 	 |         WscMode=PIN	 	 	 	PASS
/mnt/c/Users/Youvanesh/automation/cmdvalid/output/Feb_9_20:07:48/compare_results.log
 |         WscConfStatus=1	 	 	 	 |         WscConfStatus=1	 	 	 	PASS
/mnt/c/Users/Youvanesh/automation/cmdvalid/output/Feb_9_20:07:48/compare_results.log
 |         WscPinCode=21506215	 	 	 	 |         WscPinCode=21506215	 	 	 	PASS
/mnt/c/Users/Youvanesh/automation/cmdvalid/output/Feb_9_20:07:48/compare_results.log
 |         WscState=0x0	 	 	 	 |         WscState=0x0	 	 	 	PASS
/mnt/c/Users/Youvanesh/automation/cmdvalid/output/Feb_9_20:07:48/compare_results.log
 |         WscStatus=0x1	 	 	 	 |         WscStatus=0x1	 	 	 	PASS
/mnt/c/Users/Youvanesh/automation/cmdvalid/output/Feb_9_20:07:48/compare_results.log
 | -- IF-ra3 end -- 	 	 	 	 | -- IF-ra3 end -- 	 	 	 	PASS
/mnt/c/Users/Youvanesh/automation/cmdvalid/output/Feb_9_20:07:48/compare_results.log
 | 	 	 	 	 | 	 	 	 	PASS
/mnt/c/Users/Youvanesh/automation/cmdvalid/output/Feb_9_20:07:48/compare_results.log
 | 6e:17:9a:f8:21:b5 - 1   	 	 	 	 | 6e:17:9a:f8:21:b5 - 1   	 	 	 	PASS
/mnt/c/Users/Youvanesh/automation/cmdvalid/output/Feb_9_20:07:48/compare_results.log
 | 	 	 	 	 | 	 	 	 	PASS
/mnt/c/Users/Youvanesh/automation/cmdvalid/output/Feb_9_20:07:48/compare_results.log
 | # exit	 	 	 	 | # exit	 	 	 	PASS
/mnt/c/Users/Youvanesh/automation/cmdvalid/output/Feb_9_20:07:48/compare_results.log
TRUE
/mnt/c/Users/Youvanesh/automation/cmdvalid/benchmark/GPON/5G_RAI0_STATINFO.log
b'83\n'
b'83\n'
PASS:= ...Special Char Count PASSED
b'9\n'
b'9\n'
PASS:- ...Special Char Count PASSED
b'8\n'
b'8\n'
PASS:: ...Special Char Count PASSED
TC:TC_ID_7_5G_RAI0_STATINFO.log	 -	PASSED/PASSED/PASSED
 | iwpriv rai0 copy_to_user statinfo	 	 	 	 | iwpriv rai0 copy_to_user statinfo	 	 	 	PASS
/mnt/c/Users/Youvanesh/automation/cmdvalid/output/Feb_9_20:07:48/compare_results.log
 | rai0      copy_to_user:	 	 	 	 | rai0      copy_to_user:	 	 	 	PASS
/mnt/c/Users/Youvanesh/automation/cmdvalid/output/Feb_9_20:07:48/compare_results.log
 | CurrentTemperature  = 61	 	 	 	 | CurrentTemperature  = 61	 	 	 	PASS
/mnt/c/Users/Youvanesh/automation/cmdvalid/output/Feb_9_20:07:48/compare_results.log
 | TransmitCountFromOS = 117	 	 	 	 | TransmitCountFromOS = 57	 	 	 	PASS
/mnt/c/Users/Youvanesh/automation/cmdvalid/output/Feb_9_20:07:48/compare_results.log
 | TransmittedFragmentCount = 0	 	 	 	 | TransmittedFragmentCount = 0	 	 	 	PASS
/mnt/c/Users/Youvanesh/automation/cmdvalid/output/Feb_9_20:07:48/compare_results.log
 | MulticastTransmittedFrameCount = 0	 	 	 	 | MulticastTransmittedFrameCount = 0	 	 	 	PASS
/mnt/c/Users/Youvanesh/automation/cmdvalid/output/Feb_9_20:07:48/compare_results.log
 | FailedCount = 0	 	 	 	 | FailedCount = 0	 	 	 	PASS
/mnt/c/Users/Youvanesh/automation/cmdvalid/output/Feb_9_20:07:48/compare_results.log
 | RetryCount = 0	 	 	 	 | RetryCount = 0	 	 	 	PASS
/mnt/c/Users/Youvanesh/automation/cmdvalid/output/Feb_9_20:07:48/compare_results.log
 | MultipleRetryCount = 0	 	 	 	 | MultipleRetryCount = 0	 	 	 	PASS
/mnt/c/Users/Youvanesh/automation/cmdvalid/output/Feb_9_20:07:48/compare_results.log
 | RTSSuccessCount = 0	 	 	 	 | RTSSuccessCount = 0	 	 	 	PASS
/mnt/c/Users/Youvanesh/automation/cmdvalid/output/Feb_9_20:07:48/compare_results.log
 | RTSFailureCount = 0	 	 	 	 | RTSFailureCount = 0	 	 	 	PASS
/mnt/c/Users/Youvanesh/automation/cmdvalid/output/Feb_9_20:07:48/compare_results.log
 | ACKFailureCount = 0	 	 	 	 | ACKFailureCount = 0	 	 	 	PASS
/mnt/c/Users/Youvanesh/automation/cmdvalid/output/Feb_9_20:07:48/compare_results.log
 | FrameDuplicateCount = 0	 	 	 	 | FrameDuplicateCount = 0	 	 	 	PASS
/mnt/c/Users/Youvanesh/automation/cmdvalid/output/Feb_9_20:07:48/compare_results.log
 | ReceivedFragmentCount = 206	 	 	 	 | ReceivedFragmentCount = 139	 	 	 	PASS
/mnt/c/Users/Youvanesh/automation/cmdvalid/output/Feb_9_20:07:48/compare_results.log
 | MulticastReceivedFrameCount = 0	 	 	 	 | MulticastReceivedFrameCount = 0	 	 	 	PASS
/mnt/c/Users/Youvanesh/automation/cmdvalid/output/Feb_9_20:07:48/compare_results.log
 | Rx drop due to out of resource  = 196	 	 	 	 | Rx drop due to out of resource  = 0	 	 	 	PASS
/mnt/c/Users/Youvanesh/automation/cmdvalid/output/Feb_9_20:07:48/compare_results.log
 | RealFcsErrCount = 144	 	 	 	 | RealFcsErrCount = 3	 	 	 	PASS
/mnt/c/Users/Youvanesh/automation/cmdvalid/output/Feb_9_20:07:48/compare_results.log
 | TransmittedFrameCount = 0	 	 	 	 | TransmittedFrameCount = 0	 	 	 	PASS
/mnt/c/Users/Youvanesh/automation/cmdvalid/output/Feb_9_20:07:48/compare_results.log
 | WEPUndecryptableCount = 0	 	 	 	 | WEPUndecryptableCount = 0	 	 	 	PASS
/mnt/c/Users/Youvanesh/automation/cmdvalid/output/Feb_9_20:07:48/compare_results.log
 | TxAMSDUCount = 0	 	 	 	 | TxAMSDUCount = 0	 	 	 	PASS
/mnt/c/Users/Youvanesh/automation/cmdvalid/output/Feb_9_20:07:48/compare_results.log
 | RxAMSDUCount = 0	 	 	 	 | RxAMSDUCount = 0	 	 	 	PASS
/mnt/c/Users/Youvanesh/automation/cmdvalid/output/Feb_9_20:07:48/compare_results.log
 | TransmittedAMPDUCount = 0	 	 	 	 | TransmittedAMPDUCount = 0	 	 	 	PASS
/mnt/c/Users/Youvanesh/automation/cmdvalid/output/Feb_9_20:07:48/compare_results.log
 | TransmittedMPDUsInAMPDUCount = 0	 	 	 	 | TransmittedMPDUsInAMPDUCount = 0	 	 	 	PASS
/mnt/c/Users/Youvanesh/automation/cmdvalid/output/Feb_9_20:07:48/compare_results.log
 | TransmittedOctetsInAMPDUCount = 0	 	 	 	 | TransmittedOctetsInAMPDUCount = 0	 	 	 	PASS
/mnt/c/Users/Youvanesh/automation/cmdvalid/output/Feb_9_20:07:48/compare_results.log
 | MPDUInReceivedAMPDUCount = 0	 	 	 	 | MPDUInReceivedAMPDUCount = 0	 	 	 	PASS
/mnt/c/Users/Youvanesh/automation/cmdvalid/output/Feb_9_20:07:48/compare_results.log
 | fAnyStaFortyIntolerant=0	 	 	 	 | fAnyStaFortyIntolerant=0	 	 	 	PASS
/mnt/c/Users/Youvanesh/automation/cmdvalid/output/Feb_9_20:07:48/compare_results.log
 | -- IF-ra0 --	 	 	 	 | -- IF-ra0 --	 	 	 	PASS
/mnt/c/Users/Youvanesh/automation/cmdvalid/output/Feb_9_20:07:48/compare_results.log
 | Packets Received = 5452	 	 	 	 | Packets Received = 16259	 	 	 	PASS
/mnt/c/Users/Youvanesh/automation/cmdvalid/output/Feb_9_20:07:48/compare_results.log
 | Packets Sent = 3432	 	 	 	 | Packets Sent = 9744	 	 	 	PASS
/mnt/c/Users/Youvanesh/automation/cmdvalid/output/Feb_9_20:07:48/compare_results.log
 | Bytes Received = 1372806	 	 	 	 | Bytes Received = 2769323	 	 	 	PASS
/mnt/c/Users/Youvanesh/automation/cmdvalid/output/Feb_9_20:07:48/compare_results.log
 | Byte Sent = 1357187	 	 	 	 | Byte Sent = 4910217	 	 	 	PASS
/mnt/c/Users/Youvanesh/automation/cmdvalid/output/Feb_9_20:07:48/compare_results.log
 | Error Packets Received = 656	 	 	 	 | Error Packets Received = 5411	 	 	 	PASS
/mnt/c/Users/Youvanesh/automation/cmdvalid/output/Feb_9_20:07:48/compare_results.log
 | Drop Received Packets = 656	 	 	 	 | Drop Received Packets = 5411	 	 	 	PASS
/mnt/c/Users/Youvanesh/automation/cmdvalid/output/Feb_9_20:07:48/compare_results.log
 | WscInfo:	 	 	 	 | WscInfo:	 	 	 	PASS
/mnt/c/Users/Youvanesh/automation/cmdvalid/output/Feb_9_20:07:48/compare_results.log
 |         WscConfMode=7	 	 	 	 |         WscConfMode=7	 	 	 	PASS
/mnt/c/Users/Youvanesh/automation/cmdvalid/output/Feb_9_20:07:48/compare_results.log
 |         WscMode=PIN	 	 	 	 |         WscMode=PIN	 	 	 	PASS
/mnt/c/Users/Youvanesh/automation/cmdvalid/output/Feb_9_20:07:48/compare_results.log
 |         WscConfStatus=2	 	 	 	 |         WscConfStatus=2	 	 	 	PASS
/mnt/c/Users/Youvanesh/automation/cmdvalid/output/Feb_9_20:07:48/compare_results.log
 |         WscPinCode=52308147	 	 	 	 |         WscPinCode=52308147	 	 	 	PASS
/mnt/c/Users/Youvanesh/automation/cmdvalid/output/Feb_9_20:07:48/compare_results.log
 |         WscState=0x0	 	 	 	 |         WscState=0x0	 	 	 	PASS
/mnt/c/Users/Youvanesh/automation/cmdvalid/output/Feb_9_20:07:48/compare_results.log
 |         WscStatus=0x1	 	 	 	 |         WscStatus=0x1	 	 	 	PASS
/mnt/c/Users/Youvanesh/automation/cmdvalid/output/Feb_9_20:07:48/compare_results.log
 | -- IF-ra0 end --	 	 	 	 | -- IF-ra0 end --	 	 	 	PASS
/mnt/c/Users/Youvanesh/automation/cmdvalid/output/Feb_9_20:07:48/compare_results.log
 | -- IF-ra1 --	 	 	 	 | -- IF-ra1 --	 	 	 	PASS
/mnt/c/Users/Youvanesh/automation/cmdvalid/output/Feb_9_20:07:48/compare_results.log
 | Packets Received = 0	 	 	 	 | Packets Received = 0	 	 	 	PASS
/mnt/c/Users/Youvanesh/automation/cmdvalid/output/Feb_9_20:07:48/compare_results.log
 | Packets Sent = 0	 	 	 	 | Packets Sent = 0	 	 	 	PASS
/mnt/c/Users/Youvanesh/automation/cmdvalid/output/Feb_9_20:07:48/compare_results.log
 | Bytes Received = 0	 	 	 	 | Bytes Received = 0	 	 	 	PASS
/mnt/c/Users/Youvanesh/automation/cmdvalid/output/Feb_9_20:07:48/compare_results.log
 | Byte Sent = 0	 	 	 	 | Byte Sent = 0	 	 	 	PASS
/mnt/c/Users/Youvanesh/automation/cmdvalid/output/Feb_9_20:07:48/compare_results.log
 | Error Packets Received = 0	 	 	 	 | Error Packets Received = 0	 	 	 	PASS
/mnt/c/Users/Youvanesh/automation/cmdvalid/output/Feb_9_20:07:48/compare_results.log
 | Drop Received Packets = 0	 	 	 	 | Drop Received Packets = 0	 	 	 	PASS
/mnt/c/Users/Youvanesh/automation/cmdvalid/output/Feb_9_20:07:48/compare_results.log
 | WscInfo:	 	 	 	 | WscInfo:	 	 	 	PASS
/mnt/c/Users/Youvanesh/automation/cmdvalid/output/Feb_9_20:07:48/compare_results.log
 |         WscConfMode=7	 	 	 	 |         WscConfMode=7	 	 	 	PASS
/mnt/c/Users/Youvanesh/automation/cmdvalid/output/Feb_9_20:07:48/compare_results.log
 |         WscMode=PIN	 	 	 	 |         WscMode=PIN	 	 	 	PASS
/mnt/c/Users/Youvanesh/automation/cmdvalid/output/Feb_9_20:07:48/compare_results.log
 |         WscConfStatus=2	 	 	 	 |         WscConfStatus=2	 	 	 	PASS
/mnt/c/Users/Youvanesh/automation/cmdvalid/output/Feb_9_20:07:48/compare_results.log
 |         WscPinCode=0	 	 	 	 |         WscPinCode=0	 	 	 	PASS
/mnt/c/Users/Youvanesh/automation/cmdvalid/output/Feb_9_20:07:48/compare_results.log
 |         WscState=0x0	 	 	 	 |         WscState=0x0	 	 	 	PASS
/mnt/c/Users/Youvanesh/automation/cmdvalid/output/Feb_9_20:07:48/compare_results.log
 |         WscStatus=0x0	 	 	 	 |         WscStatus=0x0	 	 	 	PASS
/mnt/c/Users/Youvanesh/automation/cmdvalid/output/Feb_9_20:07:48/compare_results.log
 | -- IF-ra1 end --	 	 	 	 | -- IF-ra1 end --	 	 	 	PASS
/mnt/c/Users/Youvanesh/automation/cmdvalid/output/Feb_9_20:07:48/compare_results.log
 | -- IF-ra2 --	 	 	 	 | -- IF-ra2 --	 	 	 	PASS
/mnt/c/Users/Youvanesh/automation/cmdvalid/output/Feb_9_20:07:48/compare_results.log
 | Packets Received = 0	 	 	 	 | Packets Received = 0	 	 	 	PASS
/mnt/c/Users/Youvanesh/automation/cmdvalid/output/Feb_9_20:07:48/compare_results.log
 | Packets Sent = 0	 	 	 	 | Packets Sent = 0	 	 	 	PASS
/mnt/c/Users/Youvanesh/automation/cmdvalid/output/Feb_9_20:07:48/compare_results.log
 | Bytes Received = 0	 	 	 	 | Bytes Received = 0	 	 	 	PASS
/mnt/c/Users/Youvanesh/automation/cmdvalid/output/Feb_9_20:07:48/compare_results.log
 | Byte Sent = 0	 	 	 	 | Byte Sent = 0	 	 	 	PASS
/mnt/c/Users/Youvanesh/automation/cmdvalid/output/Feb_9_20:07:48/compare_results.log
 | Error Packets Received = 0	 	 	 	 | Error Packets Received = 0	 	 	 	PASS
/mnt/c/Users/Youvanesh/automation/cmdvalid/output/Feb_9_20:07:48/compare_results.log
 | Drop Received Packets = 0	 	 	 	 | Drop Received Packets = 0	 	 	 	PASS
/mnt/c/Users/Youvanesh/automation/cmdvalid/output/Feb_9_20:07:48/compare_results.log
 | WscInfo:	 	 	 	 | WscInfo:	 	 	 	PASS
/mnt/c/Users/Youvanesh/automation/cmdvalid/output/Feb_9_20:07:48/compare_results.log
 |         WscConfMode=7	 	 	 	 |         WscConfMode=7	 	 	 	PASS
/mnt/c/Users/Youvanesh/automation/cmdvalid/output/Feb_9_20:07:48/compare_results.log
 |         WscMode=PIN	 	 	 	 |         WscMode=PIN	 	 	 	PASS
/mnt/c/Users/Youvanesh/automation/cmdvalid/output/Feb_9_20:07:48/compare_results.log
 |         WscConfStatus=1	 	 	 	 |         WscConfStatus=1	 	 	 	PASS
/mnt/c/Users/Youvanesh/automation/cmdvalid/output/Feb_9_20:07:48/compare_results.log
 |         WscPinCode=0	 	 	 	 |         WscPinCode=0	 	 	 	PASS
/mnt/c/Users/Youvanesh/automation/cmdvalid/output/Feb_9_20:07:48/compare_results.log
 |         WscState=0x0	 	 	 	 |         WscState=0x0	 	 	 	PASS
/mnt/c/Users/Youvanesh/automation/cmdvalid/output/Feb_9_20:07:48/compare_results.log
 |         WscStatus=0x0	 	 	 	 |         WscStatus=0x0	 	 	 	PASS
/mnt/c/Users/Youvanesh/automation/cmdvalid/output/Feb_9_20:07:48/compare_results.log
 | -- IF-ra2 end --	 	 	 	 | -- IF-ra2 end --	 	 	 	PASS
/mnt/c/Users/Youvanesh/automation/cmdvalid/output/Feb_9_20:07:48/compare_results.log
 | -- IF-ra3 --	 	 	 	 | -- IF-ra3 --	 	 	 	PASS
/mnt/c/Users/Youvanesh/automation/cmdvalid/output/Feb_9_20:07:48/compare_results.log
 | Packets Received = 3793	 	 	 	 | Packets Received = 0	 	 	 	PASS
/mnt/c/Users/Youvanesh/automation/cmdvalid/output/Feb_9_20:07:48/compare_results.log
 | Packets Sent = 13368	 	 	 	 | Packets Sent = 0	 	 	 	PASS
/mnt/c/Users/Youvanesh/automation/cmdvalid/output/Feb_9_20:07:48/compare_results.log
 | Bytes Received = 99326	 	 	 	 | Bytes Received = 0	 	 	 	PASS
/mnt/c/Users/Youvanesh/automation/cmdvalid/output/Feb_9_20:07:48/compare_results.log
 | Byte Sent = 3411359	 	 	 	 | Byte Sent = 0	 	 	 	PASS
/mnt/c/Users/Youvanesh/automation/cmdvalid/output/Feb_9_20:07:48/compare_results.log
 | Error Packets Received = 0	 	 	 	 | Error Packets Received = 0	 	 	 	PASS
/mnt/c/Users/Youvanesh/automation/cmdvalid/output/Feb_9_20:07:48/compare_results.log
 | Drop Received Packets = 0	 	 	 	 | Drop Received Packets = 0	 	 	 	PASS
/mnt/c/Users/Youvanesh/automation/cmdvalid/output/Feb_9_20:07:48/compare_results.log
 | WscInfo:	 	 	 	 | WscInfo:	 	 	 	PASS
/mnt/c/Users/Youvanesh/automation/cmdvalid/output/Feb_9_20:07:48/compare_results.log
 |         WscConfMode=7	 	 	 	 |         WscConfMode=7	 	 	 	PASS
/mnt/c/Users/Youvanesh/automation/cmdvalid/output/Feb_9_20:07:48/compare_results.log
 |         WscMode=PIN	 	 	 	 |         WscMode=PIN	 	 	 	PASS
/mnt/c/Users/Youvanesh/automation/cmdvalid/output/Feb_9_20:07:48/compare_results.log
 |         WscConfStatus=1	 	 	 	 |         WscConfStatus=1	 	 	 	PASS
/mnt/c/Users/Youvanesh/automation/cmdvalid/output/Feb_9_20:07:48/compare_results.log
 |         WscPinCode=53618863	 	 	 	 |         WscPinCode=53618863	 	 	 	PASS
/mnt/c/Users/Youvanesh/automation/cmdvalid/output/Feb_9_20:07:48/compare_results.log
 |         WscState=0x0	 	 	 	 |         WscState=0x0	 	 	 	PASS
/mnt/c/Users/Youvanesh/automation/cmdvalid/output/Feb_9_20:07:48/compare_results.log
 |         WscStatus=0x1	 	 	 	 |         WscStatus=0x1	 	 	 	PASS
/mnt/c/Users/Youvanesh/automation/cmdvalid/output/Feb_9_20:07:48/compare_results.log
 | -- IF-ra3 end --	 	 	 	 | -- IF-ra3 end --	 	 	 	PASS
/mnt/c/Users/Youvanesh/automation/cmdvalid/output/Feb_9_20:07:48/compare_results.log
 | 	 	 	 	 | 	 	 	 	PASS
/mnt/c/Users/Youvanesh/automation/cmdvalid/output/Feb_9_20:07:48/compare_results.log
 | 08:71:90:1b:31:6d - 1   	 	 	 	 | 08:71:90:1b:31:6d - 1   	 	 	 	PASS
/mnt/c/Users/Youvanesh/automation/cmdvalid/output/Feb_9_20:07:48/compare_results.log
 | hotspot enable                    = 0	 	 	 	 | hotspot enable                    = 0	 	 	 	PASS
/mnt/c/Users/Youvanesh/automation/cmdvalid/output/Feb_9_20:07:48/compare_results.log
 | daemon ready                  = 0	 	 	 	 | daemon ready                  = 0	 	 	 	PASS
/mnt/c/Users/Youvanesh/automation/cmdvalid/output/Feb_9_20:07:48/compare_results.log
 | hotspot DGAFDisable               = 0	 	 	 	 | hotspot DGAFDisable               = 0	 	 	 	PASS
/mnt/c/Users/Youvanesh/automation/cmdvalid/output/Feb_9_20:07:48/compare_results.log
 | hotspot L2Filter              = 0	 	 	 	 | hotspot L2Filter              = 0	 	 	 	PASS
/mnt/c/Users/Youvanesh/automation/cmdvalid/output/Feb_9_20:07:48/compare_results.log
 | hotspot ICMPv4Deny                = 0	 	 	 	 | hotspot ICMPv4Deny                = 0	 	 	 	PASS
/mnt/c/Users/Youvanesh/automation/cmdvalid/output/Feb_9_20:07:48/compare_results.log
 | hotspot QosMapEnable              = 0	 	 	 	 | hotspot QosMapEnable              = 0	 	 	 	PASS
/mnt/c/Users/Youvanesh/automation/cmdvalid/output/Feb_9_20:07:48/compare_results.log
 | proxy arp enable              = 0	 	 	 	 | proxy arp enable              = 0	 	 	 	PASS
/mnt/c/Users/Youvanesh/automation/cmdvalid/output/Feb_9_20:07:48/compare_results.log
 | WNMNotify enable              = 0	 	 	 	 | WNMNotify enable              = 0	 	 	 	PASS
/mnt/c/Users/Youvanesh/automation/cmdvalid/output/Feb_9_20:07:48/compare_results.log
 | hotspot OSEN enable                   = 0	 	 	 	 | hotspot OSEN enable                   = 0	 	 	 	PASS
/mnt/c/Users/Youvanesh/automation/cmdvalid/output/Feb_9_20:07:48/compare_results.log
 | GAS come back delay                       = 0	 	 	 	 | GAS come back delay                       = 0	 	 	 	PASS
/mnt/c/Users/Youvanesh/automation/cmdvalid/output/Feb_9_20:07:48/compare_results.log
 | GAS enable                       = 1	 	 	 	 | GAS enable                       = 1	 	 	 	PASS
/mnt/c/Users/Youvanesh/automation/cmdvalid/output/Feb_9_20:07:48/compare_results.log
 | 	 	 	 	 | 	 	 	 	PASS
/mnt/c/Users/Youvanesh/automation/cmdvalid/output/Feb_9_20:07:48/compare_results.log
 | # exit	 	 	 	 | # exit	 	 	 	PASS
/mnt/c/Users/Youvanesh/automation/cmdvalid/output/Feb_9_20:07:48/compare_results.log
TRUE
/mnt/c/Users/Youvanesh/automation/cmdvalid/benchmark/GPON/24G_RA0_GET_STA_LIST.log
b'1\n'
b'1\n'
PASS:= ...Special Char Count PASSED
b'0\n'
b'0\n'
PASS:- ...Special Char Count PASSED
b'4\n'
b'4\n'
PASS:: ...Special Char Count PASSED
TC:TC_ID_8_24G_RA0_GET_STA_LIST.log	 -	PASSED/PASSED/PASSED
 | iwpriv ra0 copy_to_user get_stalist	 	 	 	 | iwpriv ra0 copy_to_user get_stalist	 	 	 	PASS
/mnt/c/Users/Youvanesh/automation/cmdvalid/output/Feb_9_20:07:48/compare_results.log
 | ra0       copy_to_user:	 	 	 	 | ra0       copy_to_user:	 	 	 	PASS
/mnt/c/Users/Youvanesh/automation/cmdvalid/output/Feb_9_20:07:48/compare_results.log
 | MAC                 = 6E:17:9A:F8:21:B5;BSS                 = 0	 	 	 	 | MAC                 = 6E:17:9A:F8:21:B5;BSS                 = 0	 	 	 	PASS
/mnt/c/Users/Youvanesh/automation/cmdvalid/output/Feb_9_20:07:48/compare_results.log
 | 	 	 	 	 | 	 	 	 	PASS
/mnt/c/Users/Youvanesh/automation/cmdvalid/output/Feb_9_20:07:48/compare_results.log
 | # exit	 	 	 	 | # exit	 	 	 	PASS
/mnt/c/Users/Youvanesh/automation/cmdvalid/output/Feb_9_20:07:48/compare_results.log
TRUE
/mnt/c/Users/Youvanesh/automation/cmdvalid/benchmark/GPON/5G_RAI0_GET_STA_LIST.log
b'2\n'
b'1\n'
FAIL: = ...Special_Char COUNT FAILED
b'0\n'
b'0\n'
PASS:- ...Special Char Count PASSED
b'5\n'
b'4\n'
FAIL: : ...Special_Char COUNT FAILED
TC:TC_ID_9_5G_RAI0_GET_STA_LIST.log	 -	FAILED/PASSED/FAILED
COL_FAIL
/mnt/c/Users/Youvanesh/automation/cmdvalid/benchmark/GPON/24G_RA0_GET_STA_LIST.log
b'1\n'
b'1\n'
PASS:= ...Special Char Count PASSED
b'0\n'
b'0\n'
PASS:- ...Special Char Count PASSED
b'4\n'
b'4\n'
PASS:: ...Special Char Count PASSED
TC:TC_ID_10_24G_RA0_GET_STA_LIST.log	 -	PASSED/PASSED/PASSED
 | iwpriv ra0 copy_to_user get_stalist	 	 	 	 | iwpriv ra0 copy_to_user get_stalist	 	 	 	PASS
/mnt/c/Users/Youvanesh/automation/cmdvalid/output/Feb_9_20:07:48/compare_results.log
 | ra0       copy_to_user:	 	 	 	 | ra0       copy_to_user:	 	 	 	PASS
/mnt/c/Users/Youvanesh/automation/cmdvalid/output/Feb_9_20:07:48/compare_results.log
 | MAC                 = 6E:17:9A:F8:21:B5;BSS                 = 0	 	 	 	 | MAC                 = 6E:17:9A:F8:21:B5;BSS                 = 0	 	 	 	PASS
/mnt/c/Users/Youvanesh/automation/cmdvalid/output/Feb_9_20:07:48/compare_results.log
 | 	 	 	 	 | 	 	 	 	PASS
/mnt/c/Users/Youvanesh/automation/cmdvalid/output/Feb_9_20:07:48/compare_results.log
 | # exit	 	 	 	 | # exit	 	 	 	PASS
/mnt/c/Users/Youvanesh/automation/cmdvalid/output/Feb_9_20:07:48/compare_results.log
TRUE
Runs for Wireless Mesh Node
/mnt/c/Users/Youvanesh/automation/cmdvalid/benchmark/GPON/24G_RA0_CLICOUNT.log
b'0\n'
b'0\n'
PASS:= ...Special Char Count PASSED
b'0\n'
b'0\n'
PASS:- ...Special Char Count PASSED
b'9\n'
b'9\n'
PASS:: ...Special Char Count PASSED
TC:TC_ID_12_24G_RA0_CLICOUNT.log	 -	PASSED/PASSED/PASSED
 | iwpriv ra0 copy_to_user clientcountinfo	 	 	 	 | iwpriv ra0 copy_to_user clientcountinfo	 	 	 	PASS
/mnt/c/Users/Youvanesh/automation/cmdvalid/output/Feb_9_20:07:48/compare_results.log
 | ra0       copy_to_user:	 	 	 	 | ra0       copy_to_user:	 	 	 	PASS
/mnt/c/Users/Youvanesh/automation/cmdvalid/output/Feb_9_20:07:48/compare_results.log
 | BSS[00]:     1	 	 	 	 | BSS[00]:     1	 	 	 	PASS
/mnt/c/Users/Youvanesh/automation/cmdvalid/output/Feb_9_20:07:48/compare_results.log
 | BSS[01]:     0	 	 	 	 | BSS[01]:     0	 	 	 	PASS
/mnt/c/Users/Youvanesh/automation/cmdvalid/output/Feb_9_20:07:48/compare_results.log
 | BSS[02]:     0	 	 	 	 | BSS[02]:     0	 	 	 	PASS
/mnt/c/Users/Youvanesh/automation/cmdvalid/output/Feb_9_20:07:48/compare_results.log
 | BSS[03]:     0	 	 	 	 | BSS[03]:     0	 	 	 	PASS
/mnt/c/Users/Youvanesh/automation/cmdvalid/output/Feb_9_20:07:48/compare_results.log
 | 	 	 	 	 | 	 	 	 	PASS
/mnt/c/Users/Youvanesh/automation/cmdvalid/output/Feb_9_20:07:48/compare_results.log
 | HT Operating Mode : 3	 	 	 	 | HT Operating Mode : 3	 	 	 	PASS
/mnt/c/Users/Youvanesh/automation/cmdvalid/output/Feb_9_20:07:48/compare_results.log
 | 	 	 	 	 | 	 	 	 	PASS
/mnt/c/Users/Youvanesh/automation/cmdvalid/output/Feb_9_20:07:48/compare_results.log
 | 	 	 	 	 | 	 	 	 	PASS
/mnt/c/Users/Youvanesh/automation/cmdvalid/output/Feb_9_20:07:48/compare_results.log
 | MAC                AID TxPackets   RxPackets   TxBytes     RxBytes     TP(Tx)      TP(Rx)      	 	 	 	 | MAC                AID TxPackets   RxPackets   TxBytes     RxBytes     TP(Tx)      TP(Rx)      	 	 	 	PASS
/mnt/c/Users/Youvanesh/automation/cmdvalid/output/Feb_9_20:07:48/compare_results.log
 | 6E:17:9A:F8:21:B5  1   856         911         477908      248977      0Mbps       0Mbps       	 	 	 	 | 6E:17:9A:F8:21:B5  1   524         586         541811      117508      0Mbps       0Mbps       	 	 	 	PASS
/mnt/c/Users/Youvanesh/automation/cmdvalid/output/Feb_9_20:07:48/compare_results.log
 | 	 	 	 	 | 	 	 	 	PASS
/mnt/c/Users/Youvanesh/automation/cmdvalid/output/Feb_9_20:07:48/compare_results.log
 | # exit	 	 	 	 | # exit	 	 	 	PASS
/mnt/c/Users/Youvanesh/automation/cmdvalid/output/Feb_9_20:07:48/compare_results.log
TRUE
/mnt/c/Users/Youvanesh/automation/cmdvalid/benchmark/GPON/24G_RA0_CLI_INFO.log
b'1\n'
b'1\n'
PASS:= ...Special Char Count PASSED
b'1\n'
b'1\n'
PASS:- ...Special Char Count PASSED
b'6\n'
b'6\n'
PASS:: ...Special Char Count PASSED
TC:TC_ID_13_24G_RA0_CLI_INFO.log	 -	PASSED/PASSED/PASSED
 | iwpriv ra0 copy_to_user clientinfo	 	 	 	 | iwpriv ra0 copy_to_user clientinfo	 	 	 	PASS
/mnt/c/Users/Youvanesh/automation/cmdvalid/output/Feb_9_20:07:48/compare_results.log
 | ra0       copy_to_user:	 	 	 	 | ra0       copy_to_user:	 	 	 	PASS
/mnt/c/Users/Youvanesh/automation/cmdvalid/output/Feb_9_20:07:48/compare_results.log
 | Dump MacTable entries info, EntType=0x20001	 	 	 	 | Dump MacTable entries info, EntType=0x20001	 	 	 	PASS
/mnt/c/Users/Youvanesh/automation/cmdvalid/output/Feb_9_20:07:48/compare_results.log
 | HT Operating Mode : 3	 	 	 	 | HT Operating Mode : 3	 	 	 	PASS
/mnt/c/Users/Youvanesh/automation/cmdvalid/output/Feb_9_20:07:48/compare_results.log
 | 	 	 	 	 | 	 	 	 	PASS
/mnt/c/Users/Youvanesh/automation/cmdvalid/output/Feb_9_20:07:48/compare_results.log
 | 	 	 	 	 | 	 	 	 	PASS
/mnt/c/Users/Youvanesh/automation/cmdvalid/output/Feb_9_20:07:48/compare_results.log
 | MAC                MODE AID  BSS PSM WMM MIMOPS RSSI0/1/2 PhMd  BW  MCS   SGI   STBC  Idle   Rate   QosMap 	 	 	 	 | MAC                MODE AID  BSS PSM WMM MIMOPS RSSI0/1/2 PhMd  BW  MCS   SGI   STBC  Idle   Rate   QosMap 	 	 	 	PASS
/mnt/c/Users/Youvanesh/automation/cmdvalid/output/Feb_9_20:07:48/compare_results.log
 | MWDSCap 6E:17:9A:F8:21:B5  200011    0   1   1   0      -74/-68/0  OFDM  20M 7     0   0    261    54     0         , 856, 100%	 	 	 	 | MWDSCap 6E:17:9A:F8:21:B5  200011    0   1   1   0      -70/-63/0  OFDM  20M 7     0   0    300    54     0         , 524, 100%	 	 	 	PASS
/mnt/c/Users/Youvanesh/automation/cmdvalid/output/Feb_9_20:07:48/compare_results.log
 | NO                                                              MaxCap:OFDM      20M   7     0   0    	 	 	 	 | NO                                                              MaxCap:OFDM      20M   7     0   0    	 	 	 	PASS
/mnt/c/Users/Youvanesh/automation/cmdvalid/output/Feb_9_20:07:48/compare_results.log
 | 	 	 	 	 | 	 	 	 	PASS
/mnt/c/Users/Youvanesh/automation/cmdvalid/output/Feb_9_20:07:48/compare_results.log
 | 	 	 	 	 | 	 	 	 	PASS
/mnt/c/Users/Youvanesh/automation/cmdvalid/output/Feb_9_20:07:48/compare_results.log
 | # exit	 	 	 	 | # exit	 	 	 	PASS
/mnt/c/Users/Youvanesh/automation/cmdvalid/output/Feb_9_20:07:48/compare_results.log
TRUE
/mnt/c/Users/Youvanesh/automation/cmdvalid/benchmark/GPON/24G_STA_INFO.log
b'10\n'
b'10\n'
PASS:= ...Special Char Count PASSED
b'2\n'
b'2\n'
PASS:- ...Special Char Count PASSED
b'8\n'
b'8\n'
PASS:: ...Special Char Count PASSED
TC:TC_ID_14_24G_STA_INFO.log	 -	PASSED/PASSED/PASSED
 | iwpriv ra0 copy_to_user get_stainfo=6E:17:9A:F8:21:B5	 	 	 	 | iwpriv ra0 copy_to_user get_stainfo=6e:17:9a:f8:21:b5	 	 	 	PASS
/mnt/c/Users/Youvanesh/automation/cmdvalid/output/Feb_9_20:07:48/compare_results.log
 | ra0       copy_to_user:	 	 	 	 | ra0       copy_to_user:	 	 	 	PASS
/mnt/c/Users/Youvanesh/automation/cmdvalid/output/Feb_9_20:07:48/compare_results.log
 | -----------------WCID:6-----------------------	 	 	 	 | -----------------WCID:6-----------------------	 	 	 	PASS
/mnt/c/Users/Youvanesh/automation/cmdvalid/output/Feb_9_20:07:48/compare_results.log
 | MAC                 = 6E:17:9A:F8:21:B5	 	 	 	 | MAC                 = 6E:17:9A:F8:21:B5	 	 	 	PASS
/mnt/c/Users/Youvanesh/automation/cmdvalid/output/Feb_9_20:07:48/compare_results.log
 | BSS                 = 0	 	 	 	 | BSS                 = 0	 	 	 	PASS
/mnt/c/Users/Youvanesh/automation/cmdvalid/output/Feb_9_20:07:48/compare_results.log
 | Aid                 = 1	 	 	 	 | Aid                 = 1	 	 	 	PASS
/mnt/c/Users/Youvanesh/automation/cmdvalid/output/Feb_9_20:07:48/compare_results.log
 | Idle                = 261	 	 	 	 | Idle                = 299	 	 	 	PASS
/mnt/c/Users/Youvanesh/automation/cmdvalid/output/Feb_9_20:07:48/compare_results.log
 | Data                            BK              BE              VI              VO	 	 	 	 | Data                            BK              BE              VI              VO	 	 	 	PASS
/mnt/c/Users/Youvanesh/automation/cmdvalid/output/Feb_9_20:07:48/compare_results.log
 | Bandwidth(TX/RX)    = 20M / 20M	 	 	 	 | Bandwidth(TX/RX)    = 20M / 20M	 	 	 	PASS
/mnt/c/Users/Youvanesh/automation/cmdvalid/output/Feb_9_20:07:48/compare_results.log
 | STBC(TX/RX)         = 0 / 0	 	 	 	 | STBC(TX/RX)         = 0 / 0	 	 	 	PASS
/mnt/c/Users/Youvanesh/automation/cmdvalid/output/Feb_9_20:07:48/compare_results.log
 | LastTXDataRate(Mbps)= 1	 	 	 	 | LastTXDataRate(Mbps)= 1	 	 	 	PASS
/mnt/c/Users/Youvanesh/automation/cmdvalid/output/Feb_9_20:07:48/compare_results.log
 | LastRXDataRate(Mbps)= 54	 	 	 	 | LastRXDataRate(Mbps)= 54	 	 	 	PASS
/mnt/c/Users/Youvanesh/automation/cmdvalid/output/Feb_9_20:07:48/compare_results.log
 | ack  Rx                 :               -74              -68              0              -79	 	 	 	 | ack  Rx                 :               -70              -63              0              -41	 	 	 	PASS
/mnt/c/Users/Youvanesh/automation/cmdvalid/output/Feb_9_20:07:48/compare_results.log
 | 	 	 	 	 | 	 	 	 	PASS
/mnt/c/Users/Youvanesh/automation/cmdvalid/output/Feb_9_20:07:48/compare_results.log
 | # exit	 	 	 	 | # exit	 	 	 	PASS
/mnt/c/Users/Youvanesh/automation/cmdvalid/output/Feb_9_20:07:48/compare_results.log
TRUE
/mnt/c/Users/Youvanesh/automation/cmdvalid/benchmark/GPON/5G_STA_INFO.log
b'28\n'
b'28\n'
PASS:= ...Special Char Count PASSED
b'3\n'
b'3\n'
PASS:- ...Special Char Count PASSED
b'12\n'
b'12\n'
PASS:: ...Special Char Count PASSED
TC:TC_ID_15_5G_STA_INFO.log	 -	PASSED/PASSED/PASSED
 | iwpriv rai0 copy_to_user get_stainfo=08:71:90:1B:31:6D	 	 	 	 | iwpriv rai0 copy_to_user get_stainfo=08:71:90:1B:31:6D	 	 	 	PASS
/mnt/c/Users/Youvanesh/automation/cmdvalid/output/Feb_9_20:07:48/compare_results.log
 | rai0      copy_to_user:	 	 	 	 | rai0      copy_to_user:	 	 	 	PASS
/mnt/c/Users/Youvanesh/automation/cmdvalid/output/Feb_9_20:07:48/compare_results.log
 | -----------------WCID:6-----------------------	 	 	 	 | -----------------WCID:6-----------------------	 	 	 	PASS
/mnt/c/Users/Youvanesh/automation/cmdvalid/output/Feb_9_20:07:48/compare_results.log
 | MAC                 = 08:71:90:1B:31:6D	 	 	 	 | MAC                 = 08:71:90:1B:31:6D	 	 	 	PASS
/mnt/c/Users/Youvanesh/automation/cmdvalid/output/Feb_9_20:07:48/compare_results.log
 | BSS                 = 0	 	 	 	 | BSS                 = 0	 	 	 	PASS
/mnt/c/Users/Youvanesh/automation/cmdvalid/output/Feb_9_20:07:48/compare_results.log
 | Aid                 = 1	 	 	 	 | Aid                 = 1	 	 	 	PASS
/mnt/c/Users/Youvanesh/automation/cmdvalid/output/Feb_9_20:07:48/compare_results.log
 | TxDataPacketCnt     = 3341	 	 	 	 | TxDataPacketCnt     = 5836	 	 	 	PASS
/mnt/c/Users/Youvanesh/automation/cmdvalid/output/Feb_9_20:07:48/compare_results.log
 | TxDataPacketByte    = 1291825	 	 	 	 | TxDataPacketByte    = 2437186	 	 	 	PASS
/mnt/c/Users/Youvanesh/automation/cmdvalid/output/Feb_9_20:07:48/compare_results.log
 | TxSuccessCount      = 0	 	 	 	 | TxSuccessCount      = 0	 	 	 	PASS
/mnt/c/Users/Youvanesh/automation/cmdvalid/output/Feb_9_20:07:48/compare_results.log
 | TxUnicastSuccessCnt = 0	 	 	 	 | TxUnicastSuccessCnt = 0	 	 	 	PASS
/mnt/c/Users/Youvanesh/automation/cmdvalid/output/Feb_9_20:07:48/compare_results.log
 | RxDataPacketCnt     = 0	 	 	 	 | RxDataPacketCnt     = 0	 	 	 	PASS
/mnt/c/Users/Youvanesh/automation/cmdvalid/output/Feb_9_20:07:48/compare_results.log
 | RxDataPacketByte    = 0	 	 	 	 | RxDataPacketByte    = 0	 	 	 	PASS
/mnt/c/Users/Youvanesh/automation/cmdvalid/output/Feb_9_20:07:48/compare_results.log
 | Idle                = 480	 	 	 	 | Idle                = 480	 	 	 	PASS
/mnt/c/Users/Youvanesh/automation/cmdvalid/output/Feb_9_20:07:48/compare_results.log
 | Data                            BK              BE              VI              VO	 	 	 	 | Data                            BK              BE              VI              VO	 	 	 	PASS
/mnt/c/Users/Youvanesh/automation/cmdvalid/output/Feb_9_20:07:48/compare_results.log
 | Packets Sent    :                0        3332           0           9	 	 	 	 | Packets Sent    :                0        5823           0          13	 	 	 	PASS
/mnt/c/Users/Youvanesh/automation/cmdvalid/output/Feb_9_20:07:48/compare_results.log
 | Packets Rcvd    :                0           0           0           0	 	 	 	 | Packets Rcvd    :                0           0           0           0	 	 	 	PASS
/mnt/c/Users/Youvanesh/automation/cmdvalid/output/Feb_9_20:07:48/compare_results.log
 | TxMgmtPacketCnt     = 8	 	 	 	 | TxMgmtPacketCnt     = 12	 	 	 	PASS
/mnt/c/Users/Youvanesh/automation/cmdvalid/output/Feb_9_20:07:48/compare_results.log
 | RxMgmtPacketCnt     = 4	 	 	 	 | RxMgmtPacketCnt     = 5	 	 	 	PASS
/mnt/c/Users/Youvanesh/automation/cmdvalid/output/Feb_9_20:07:48/compare_results.log
 | LastSecTxPackets    = 0	 	 	 	 | LastSecTxPackets    = 0	 	 	 	PASS
/mnt/c/Users/Youvanesh/automation/cmdvalid/output/Feb_9_20:07:48/compare_results.log
 | LastSecRxPackets    = 0	 	 	 	 | LastSecRxPackets    = 0	 	 	 	PASS
/mnt/c/Users/Youvanesh/automation/cmdvalid/output/Feb_9_20:07:48/compare_results.log
 | LastSecTxBytes      = 0	 	 	 	 | LastSecTxBytes      = 0	 	 	 	PASS
/mnt/c/Users/Youvanesh/automation/cmdvalid/output/Feb_9_20:07:48/compare_results.log
 | LastSecRxBytes      = 0	 	 	 	 | LastSecRxBytes      = 0	 	 	 	PASS
/mnt/c/Users/Youvanesh/automation/cmdvalid/output/Feb_9_20:07:48/compare_results.log
 | AverageTXRate(Kbps) = 0	 	 	 	 | AverageTXRate(Kbps) = 0	 	 	 	PASS
/mnt/c/Users/Youvanesh/automation/cmdvalid/output/Feb_9_20:07:48/compare_results.log
 | AverageRXRate(Kbps) = 0	 	 	 	 | AverageRXRate(Kbps) = 0	 	 	 	PASS
/mnt/c/Users/Youvanesh/automation/cmdvalid/output/Feb_9_20:07:48/compare_results.log
 | Bandwidth(TX/RX)    = 20M / 20M	 	 	 	 | Bandwidth(TX/RX)    = 20M / 20M	 	 	 	PASS
/mnt/c/Users/Youvanesh/automation/cmdvalid/output/Feb_9_20:07:48/compare_results.log
 | STBC(TX/RX)         = 0 / 0	 	 	 	 | STBC(TX/RX)         = 0 / 0	 	 	 	PASS
/mnt/c/Users/Youvanesh/automation/cmdvalid/output/Feb_9_20:07:48/compare_results.log
 | LastTXDataRate(Mbps)= 54	 	 	 	 | LastTXDataRate(Mbps)= 48	 	 	 	PASS
/mnt/c/Users/Youvanesh/automation/cmdvalid/output/Feb_9_20:07:48/compare_results.log
 | LastRXDataRate(Mbps)= 54	 	 	 	 | LastRXDataRate(Mbps)= 54	 	 	 	PASS
/mnt/c/Users/Youvanesh/automation/cmdvalid/output/Feb_9_20:07:48/compare_results.log
 | LastRXMgmtRate(Mbps)= 56	 	 	 	 | LastRXMgmtRate(Mbps)= 56	 	 	 	PASS
/mnt/c/Users/Youvanesh/automation/cmdvalid/output/Feb_9_20:07:48/compare_results.log
 | LastOneSecPER(prcnt)= 0	 	 	 	 | LastOneSecPER(prcnt)= 0	 	 	 	PASS
/mnt/c/Users/Youvanesh/automation/cmdvalid/output/Feb_9_20:07:48/compare_results.log
 | RxMICErrorCount     = 0	 	 	 	 | RxMICErrorCount     = 0	 	 	 	PASS
/mnt/c/Users/Youvanesh/automation/cmdvalid/output/Feb_9_20:07:48/compare_results.log
 | RxDecryptionErrorCnt= 0	 	 	 	 | RxDecryptionErrorCnt= 0	 	 	 	PASS
/mnt/c/Users/Youvanesh/automation/cmdvalid/output/Feb_9_20:07:48/compare_results.log
 | RSSI                                    0               1               2               3	 	 	 	 | RSSI                                    0               1               2               3	 	 	 	PASS
/mnt/c/Users/Youvanesh/automation/cmdvalid/output/Feb_9_20:07:48/compare_results.log
 | Data Rx                 :               0              0              0              0	 	 	 	 | Data Rx                 :               0              0              0              0	 	 	 	PASS
/mnt/c/Users/Youvanesh/automation/cmdvalid/output/Feb_9_20:07:48/compare_results.log
 | Mgmt Rx                 :               -46              -43              -99              -99	 	 	 	 | Mgmt Rx                 :               -60              -64              -99              -99	 	 	 	PASS
/mnt/c/Users/Youvanesh/automation/cmdvalid/output/Feb_9_20:07:48/compare_results.log
 | ack  Rx                 :               -41              -46              -127              -127	 	 	 	 | ack  Rx                 :               -63              -54              -127              -127	 	 	 	PASS
/mnt/c/Users/Youvanesh/automation/cmdvalid/output/Feb_9_20:07:48/compare_results.log
 | 	 	 	 	 | 	 	 	 	PASS
/mnt/c/Users/Youvanesh/automation/cmdvalid/output/Feb_9_20:07:48/compare_results.log
 | # exit	 	 	 	 | # exit	 	 	 	PASS
/mnt/c/Users/Youvanesh/automation/cmdvalid/output/Feb_9_20:07:48/compare_results.log
TRUE
/mnt/c/Users/Youvanesh/automation/cmdvalid/benchmark/GPON/5G_C2USR_RSTAT.log
b'20\n'
b'20\n'
PASS:= ...Special Char Count PASSED
b'2\n'
b'2\n'
PASS:- ...Special Char Count PASSED
b'7\n'
b'7\n'
PASS:: ...Special Char Count PASSED
TC:TC_ID_16_5G_C2USR_RSTAT.log	 -	PASSED/PASSED/PASSED
 | iwpriv rai0 copy_to_user radiostat	 	 	 	 | iwpriv rai0 copy_to_user radiostat	 	 	 	PASS
/mnt/c/Users/Youvanesh/automation/cmdvalid/output/Feb_9_20:07:48/compare_results.log
 | rai0      copy_to_user:	 	 	 	 | rai0      copy_to_user:	 	 	 	PASS
/mnt/c/Users/Youvanesh/automation/cmdvalid/output/Feb_9_20:07:48/compare_results.log
 | ------------------BAND:0-----------------------	 	 	 	 | ------------------BAND:0-----------------------	 	 	 	PASS
/mnt/c/Users/Youvanesh/automation/cmdvalid/output/Feb_9_20:07:48/compare_results.log
 | TxDataPacketCnt     = 19758	 	 	 	 | TxDataPacketCnt     = 9890	 	 	 	PASS
/mnt/c/Users/Youvanesh/automation/cmdvalid/output/Feb_9_20:07:48/compare_results.log
 | TxDataPacketByte    = 4644637	 	 	 	 | TxDataPacketByte    = 4926266	 	 	 	PASS
/mnt/c/Users/Youvanesh/automation/cmdvalid/output/Feb_9_20:07:48/compare_results.log
 | RxDataPacketCnt     = 0	 	 	 	 | RxDataPacketCnt     = 0	 	 	 	PASS
/mnt/c/Users/Youvanesh/automation/cmdvalid/output/Feb_9_20:07:48/compare_results.log
 | RxDataPacketByte    = 0	 	 	 	 | RxDataPacketByte    = 0	 	 	 	PASS
/mnt/c/Users/Youvanesh/automation/cmdvalid/output/Feb_9_20:07:48/compare_results.log
 | TxMgmtPacketCnt     = 20	 	 	 	 | TxMgmtPacketCnt     = 220	 	 	 	PASS
/mnt/c/Users/Youvanesh/automation/cmdvalid/output/Feb_9_20:07:48/compare_results.log
 | RxMgmtPacketCnt     = 8	 	 	 	 | RxMgmtPacketCnt     = 64	 	 	 	PASS
/mnt/c/Users/Youvanesh/automation/cmdvalid/output/Feb_9_20:07:48/compare_results.log
 | TxBcnPacketCnt      = 12387	 	 	 	 | TxBcnPacketCnt      = 0	 	 	 	PASS
/mnt/c/Users/Youvanesh/automation/cmdvalid/output/Feb_9_20:07:48/compare_results.log
 | ucPktsTx            = 5391	 	 	 	 | ucPktsTx            = 9068	 	 	 	PASS
/mnt/c/Users/Youvanesh/automation/cmdvalid/output/Feb_9_20:07:48/compare_results.log
 | mcPktsTx            = 14367	 	 	 	 | mcPktsTx            = 822	 	 	 	PASS
/mnt/c/Users/Youvanesh/automation/cmdvalid/output/Feb_9_20:07:48/compare_results.log
 | bcPktsTx            = 0	 	 	 	 | bcPktsTx            = 0	 	 	 	PASS
/mnt/c/Users/Youvanesh/automation/cmdvalid/output/Feb_9_20:07:48/compare_results.log
 | TxDroppedPacketCnt  = 0	 	 	 	 | TxDroppedPacketCnt  = 0	 	 	 	PASS
/mnt/c/Users/Youvanesh/automation/cmdvalid/output/Feb_9_20:07:48/compare_results.log
 | ChannelUtilization  = 0	 	 	 	 | ChannelUtilization  = 0	 	 	 	PASS
/mnt/c/Users/Youvanesh/automation/cmdvalid/output/Feb_9_20:07:48/compare_results.log
 | RxCRCErrorCount     = 0	 	 	 	 | RxCRCErrorCount     = 0	 	 	 	PASS
/mnt/c/Users/Youvanesh/automation/cmdvalid/output/Feb_9_20:07:48/compare_results.log
 | RxMICErrorCount     = 0	 	 	 	 | RxMICErrorCount     = 0	 	 	 	PASS
/mnt/c/Users/Youvanesh/automation/cmdvalid/output/Feb_9_20:07:48/compare_results.log
 | RxDecyptionErrorCnt = 0	 	 	 	 | RxDecyptionErrorCnt = 0	 	 	 	PASS
/mnt/c/Users/Youvanesh/automation/cmdvalid/output/Feb_9_20:07:48/compare_results.log
 | RxTotalErrorCnt     = 0	 	 	 	 | RxTotalErrorCnt     = 0	 	 	 	PASS
/mnt/c/Users/Youvanesh/automation/cmdvalid/output/Feb_9_20:07:48/compare_results.log
 | ThroughPut(TX Kbps)     = 0	 	 	 	 | ThroughPut(TX Kbps)     = 0	 	 	 	PASS
/mnt/c/Users/Youvanesh/automation/cmdvalid/output/Feb_9_20:07:48/compare_results.log
 | ThroughPut(RX Kbps)     = 0	 	 	 	 | ThroughPut(RX Kbps)     = 0	 	 	 	PASS
/mnt/c/Users/Youvanesh/automation/cmdvalid/output/Feb_9_20:07:48/compare_results.log
 | PER(pct from start)     = 0	 	 	 	 | PER(pct from start)     = 0	 	 	 	PASS
/mnt/c/Users/Youvanesh/automation/cmdvalid/output/Feb_9_20:07:48/compare_results.log
 | Total PER(Last Sec)     = 0	 	 	 	 | Total PER(Last Sec)     = 0	 	 	 	PASS
/mnt/c/Users/Youvanesh/automation/cmdvalid/output/Feb_9_20:07:48/compare_results.log
 | Data                            BK              BE              VI              VO	 	 	 	 | Data                            BK              BE              VI              VO	 	 	 	PASS
/mnt/c/Users/Youvanesh/automation/cmdvalid/output/Feb_9_20:07:48/compare_results.log
 | Packets Sent    :                0           19742               0              16	 	 	 	 | Packets Sent    :                0            9877               0              13	 	 	 	PASS
/mnt/c/Users/Youvanesh/automation/cmdvalid/output/Feb_9_20:07:48/compare_results.log
 | Packets Rcvd    :                0               0               0               0	 	 	 	 | Packets Rcvd    :                0               0               0               0	 	 	 	PASS
/mnt/c/Users/Youvanesh/automation/cmdvalid/output/Feb_9_20:07:48/compare_results.log
 | RSSI                             0               1               2               3	 	 	 	 | RSSI                             0               1               2               3	 	 	 	PASS
/mnt/c/Users/Youvanesh/automation/cmdvalid/output/Feb_9_20:07:48/compare_results.log
 | Data Rx         :                0               0               0               0	 	 	 	 | Data Rx         :                0               0               0               0	 	 	 	PASS
/mnt/c/Users/Youvanesh/automation/cmdvalid/output/Feb_9_20:07:48/compare_results.log
 | --------------------------------------------------------------	 	 	 	 | --------------------------------------------------------------	 	 	 	PASS
/mnt/c/Users/Youvanesh/automation/cmdvalid/output/Feb_9_20:07:48/compare_results.log
 | # exit	 	 	 	 | # exit	 	 	 	PASS
/mnt/c/Users/Youvanesh/automation/cmdvalid/output/Feb_9_20:07:48/compare_results.log
TRUE
/mnt/c/Users/Youvanesh/automation/cmdvalid/benchmark/GPON/24G_C2USR_MBSS.log
b'0\n'
b'0\n'
PASS:= ...Special Char Count PASSED
b'0\n'
b'0\n'
PASS:- ...Special Char Count PASSED
b'20\n'
b'3\n'
FAIL: : ...Special_Char COUNT FAILED
TC:TC_ID_17_24G_C2USR_MBSS.log	 -	PASSED/PASSED/FAILED
COL_FAIL
/mnt/c/Users/Youvanesh/automation/cmdvalid/benchmark/GPON/5G_C2USR_MBSS.log
b'0\n'
b'0\n'
PASS:= ...Special Char Count PASSED
b'2\n'
b'0\n'
FAIL: - ...Special_Char COUNT FAILED
b'31\n'
b'3\n'
FAIL: : ...Special_Char COUNT FAILED
TC:TC_ID_18_5G_C2USR_MBSS.log	 -	PASSED/FAILED/FAILED
COL_FAIL
[]
['Device_SN', 'ERM_VERSION', 'FIRMWARE_VERSION', '24G_RA0_DEVINFO', '5G_RAI0_DEVINFO', '24G_RA0_STATINFO', '5G_RAI0_STATINFO', '24G_RA0_GET_STA_LIST', '5G_RAI0_GET_STA_LIST', '24G_RA0_GET_STA_LIST', 'WLM_APCLII0_DEVCONNSTATUS', '24G_RA0_CLICOUNT', '24G_RA0_CLI_INFO', '24G_STA_INFO', '5G_STA_INFO', '5G_C2USR_RSTAT', '24G_C2USR_MBSS', '5G_C2USR_MBSS']
[True, True, True, True, True, True, 'COL_FAIL', True, True, True, True, True, True, 'COL_FAIL', 'COL_FAIL']
TC:1	 -	 Device_SN 	 	 True  
TC:2	 -	 ERM_VERSION 	 	 True  
TC:3	 -	 FIRMWARE_VERSION 	 	 True  
TC:4	 -	 24G_RA0_DEVINFO 	 	 True  
TC:5	 -	 5G_RAI0_DEVINFO 	 	 True  
TC:6	 -	 24G_RA0_STATINFO 	 	 True  
TC:7	 -	 5G_RAI0_STATINFO 	 	 COL_FAIL  
TC:8	 -	 24G_RA0_GET_STA_LIST 	 	 True  
TC:9	 -	 5G_RAI0_GET_STA_LIST 	 	 True  
TC:10	 -	 24G_RA0_GET_STA_LIST 	 	 True  
TC:11	 -	 WLM_APCLII0_DEVCONNSTATUS 	 	 True  
TC:12	 -	 24G_RA0_CLICOUNT 	 	 True  
TC:13	 -	 24G_RA0_CLI_INFO 	 	 True  
TC:14	 -	 24G_STA_INFO 	 	 COL_FAIL  
TC:15	 -	 5G_STA_INFO 	 	 COL_FAIL  
